16:37:09 **** Incremental Build of configuration Debug for project Evolution-Git ****
make all 
make: Nothing to be done for `all'.
16:38:35 **** Incremental Build of configuration Debug for project Evolution ****
make all 
make: Nothing to be done for `all'.
16:38:35 **** Incremental Build of configuration Debug for project Evolution-Git ****
make all 
make: Nothing to be done for `all'.
16:38:35 **** Incremental Build of configuration Debug for project MoveBook ****
make all 
Building file: ../src/MoveBook.cpp
Invoking: Cross G++ Compiler
g++ -O0 -g3 -Wall -c -fmessage-length=0 -MMD -MP -MF"src/MoveBook.d" -MT"src/MoveBook.d" -o "src/MoveBook.o" "../src/MoveBook.cpp"
../src/MoveBook.cpp: In function ‘int main()’:
../src/MoveBook.cpp:52:4: warning: ‘auto’ changes meaning in C++11; please remove it [-Wc++0x-compat]
    auto b = ws.lower_bound(s[i]);
    ^
../src/MoveBook.cpp:52:9: error: ‘b’ does not name a type
    auto b = ws.lower_bound(s[i]);
         ^
../src/MoveBook.cpp:53:8: error: ‘b’ was not declared in this scope
    if (b != ws.end()) {
        ^
make: *** [src/MoveBook.o] Error 1
16:38:36 **** Incremental Build of configuration Debug for project Octopussy ****
make all 
make: Nothing to be done for `all'.
16:38:36 **** Incremental Build of configuration Debug for project SearchSnippets ****
make all 
make: Nothing to be done for `all'.
16:38:36 **** Incremental Build of configuration Debug for project boats ****
make all 
make: Nothing to be done for `all'.
16:38:45 **** Incremental Build of configuration Debug for project Evolution ****
make all 
make: Nothing to be done for `all'.
16:38:45 **** Incremental Build of configuration Debug for project Evolution-Git ****
make all 
Building file: ../src/Evolution-Git.cpp
Invoking: Cross G++ Compiler
g++ -D__GXX_EXPERIMENTAL_CXX0X__ -O0 -g3 -Wall -c -fmessage-length=0 -std=c++0x -MMD -MP -MF"src/Evolution-Git.d" -MT"src/Evolution-Git.d" -o "src/Evolution-Git.o" "../src/Evolution-Git.cpp"
Finished building: ../src/Evolution-Git.cpp
 
Building target: Evolution-Git
Invoking: Cross G++ Linker
g++  -o "Evolution-Git"  ./src/Evolution-Git.o   
Finished building target: Evolution-Git
 
16:38:45 **** Incremental Build of configuration Debug for project MoveBook ****
make all 
Building file: ../src/MoveBook.cpp
Invoking: Cross G++ Compiler
g++ -O0 -g3 -Wall -c -fmessage-length=0 -MMD -MP -MF"src/MoveBook.d" -MT"src/MoveBook.d" -o "src/MoveBook.o" "../src/MoveBook.cpp"
../src/MoveBook.cpp: In function ‘int main()’:
../src/MoveBook.cpp:52:4: warning: ‘auto’ changes meaning in C++11; please remove it [-Wc++0x-compat]
    auto b = ws.lower_bound(s[i]);
    ^
../src/MoveBook.cpp:52:9: error: ‘b’ does not name a type
    auto b = ws.lower_bound(s[i]);
         ^
../src/MoveBook.cpp:53:8: error: ‘b’ was not declared in this scope
    if (b != ws.end()) {
        ^
make: *** [src/MoveBook.o] Error 1
16:38:45 **** Incremental Build of configuration Debug for project Octopussy ****
make all 
make: Nothing to be done for `all'.
16:38:46 **** Incremental Build of configuration Debug for project SearchSnippets ****
make all 
make: Nothing to be done for `all'.
16:38:46 **** Incremental Build of configuration Debug for project boats ****
make all 
make: Nothing to be done for `all'.
16:39:09 **** Incremental Build of configuration Debug for project Evolution-Git ****
make all 
make: Nothing to be done for `all'.
16:39:58 **** Incremental Build of configuration Debug for project Evolution-Git ****
make all 
make: Nothing to be done for `all'.
16:41:15 **** Incremental Build of configuration Debug for project Evolution-Git ****
make all 
make: Nothing to be done for `all'.
19:10:15 **** Incremental Build of configuration Debug for project Evolution ****
make all 
make: Nothing to be done for `all'.
19:10:15 **** Incremental Build of configuration Debug for project Evolution-Git ****
make all 
make: Nothing to be done for `all'.
19:10:15 **** Incremental Build of configuration Debug for project MoveBook ****
make all 
Building file: ../src/MoveBook.cpp
Invoking: Cross G++ Compiler
g++ -O0 -g3 -Wall -c -fmessage-length=0 -MMD -MP -MF"src/MoveBook.d" -MT"src/MoveBook.d" -o "src/MoveBook.o" "../src/MoveBook.cpp"
../src/MoveBook.cpp: In function ‘int main()’:
../src/MoveBook.cpp:52:4: warning: ‘auto’ changes meaning in C++11; please remove it [-Wc++0x-compat]
    auto b = ws.lower_bound(s[i]);
    ^
../src/MoveBook.cpp:52:9: error: ‘b’ does not name a type
    auto b = ws.lower_bound(s[i]);
         ^
../src/MoveBook.cpp:53:8: error: ‘b’ was not declared in this scope
    if (b != ws.end()) {
        ^
make: *** [src/MoveBook.o] Error 1
19:10:15 **** Incremental Build of configuration Debug for project Octopussy ****
make all 
Building file: ../src/Octopussy.cpp
Invoking: Cross G++ Compiler
g++ -O0 -g3 -Wall -c -fmessage-length=0 -MMD -MP -MF"src/Octopussy.d" -MT"src/Octopussy.d" -o "src/Octopussy.o" "../src/Octopussy.cpp"
../src/Octopussy.cpp: In function ‘int main()’:
../src/Octopussy.cpp:36:5: error: ‘class std::vector<int>’ has no member named ‘sort’
   t.sort();
     ^
make: *** [src/Octopussy.o] Error 1
19:10:15 **** Incremental Build of configuration Debug for project SearchSnippets ****
make all 
make: Nothing to be done for `all'.
19:10:15 **** Incremental Build of configuration Debug for project boats ****
make all 
make: Nothing to be done for `all'.
19:13:22 **** Incremental Build of configuration Debug for project Evolution ****
make all 
make: Nothing to be done for `all'.
19:13:22 **** Incremental Build of configuration Debug for project Evolution-Git ****
make all 
make: Nothing to be done for `all'.
19:13:22 **** Incremental Build of configuration Debug for project MoveBook ****
make all 
Building file: ../src/MoveBook.cpp
Invoking: Cross G++ Compiler
g++ -O0 -g3 -Wall -c -fmessage-length=0 -MMD -MP -MF"src/MoveBook.d" -MT"src/MoveBook.d" -o "src/MoveBook.o" "../src/MoveBook.cpp"
../src/MoveBook.cpp: In function ‘int main()’:
../src/MoveBook.cpp:52:4: warning: ‘auto’ changes meaning in C++11; please remove it [-Wc++0x-compat]
    auto b = ws.lower_bound(s[i]);
    ^
../src/MoveBook.cpp:52:9: error: ‘b’ does not name a type
    auto b = ws.lower_bound(s[i]);
         ^
../src/MoveBook.cpp:53:8: error: ‘b’ was not declared in this scope
    if (b != ws.end()) {
        ^
make: *** [src/MoveBook.o] Error 1
19:13:22 **** Incremental Build of configuration Debug for project Octopussy ****
make all 
Building file: ../src/Octopussy.cpp
Invoking: Cross G++ Compiler
g++ -O0 -g3 -Wall -c -fmessage-length=0 -MMD -MP -MF"src/Octopussy.d" -MT"src/Octopussy.d" -o "src/Octopussy.o" "../src/Octopussy.cpp"
Finished building: ../src/Octopussy.cpp
 
Building target: Octopussy
Invoking: Cross G++ Linker
g++  -o "Octopussy"  ./src/Octopussy.o   
Finished building target: Octopussy
 
19:13:22 **** Incremental Build of configuration Debug for project SearchSnippets ****
make all 
make: Nothing to be done for `all'.
19:13:23 **** Incremental Build of configuration Debug for project boats ****
make all 
make: Nothing to be done for `all'.
19:14:33 **** Incremental Build of configuration Debug for project Evolution ****
make all 
make: Nothing to be done for `all'.
19:14:33 **** Incremental Build of configuration Debug for project Evolution-Git ****
make all 
make: Nothing to be done for `all'.
19:14:33 **** Incremental Build of configuration Debug for project MoveBook ****
make all 
Building file: ../src/MoveBook.cpp
Invoking: Cross G++ Compiler
g++ -O0 -g3 -Wall -c -fmessage-length=0 -MMD -MP -MF"src/MoveBook.d" -MT"src/MoveBook.d" -o "src/MoveBook.o" "../src/MoveBook.cpp"
../src/MoveBook.cpp: In function ‘int main()’:
../src/MoveBook.cpp:52:4: warning: ‘auto’ changes meaning in C++11; please remove it [-Wc++0x-compat]
    auto b = ws.lower_bound(s[i]);
    ^
../src/MoveBook.cpp:52:9: error: ‘b’ does not name a type
    auto b = ws.lower_bound(s[i]);
         ^
../src/MoveBook.cpp:53:8: error: ‘b’ was not declared in this scope
    if (b != ws.end()) {
        ^
make: *** [src/MoveBook.o] Error 1
19:14:33 **** Incremental Build of configuration Debug for project Octopussy ****
make all 
Building file: ../src/Octopussy.cpp
Invoking: Cross G++ Compiler
g++ -O0 -g3 -Wall -c -fmessage-length=0 -MMD -MP -MF"src/Octopussy.d" -MT"src/Octopussy.d" -o "src/Octopussy.o" "../src/Octopussy.cpp"
Finished building: ../src/Octopussy.cpp
 
Building target: Octopussy
Invoking: Cross G++ Linker
g++  -o "Octopussy"  ./src/Octopussy.o   
Finished building target: Octopussy
 
19:14:34 **** Incremental Build of configuration Debug for project SearchSnippets ****
make all 
make: Nothing to be done for `all'.
19:14:34 **** Incremental Build of configuration Debug for project boats ****
make all 
make: Nothing to be done for `all'.
19:15:00 **** Incremental Build of configuration Debug for project Evolution ****
make all 
make: Nothing to be done for `all'.
19:15:00 **** Incremental Build of configuration Debug for project Evolution-Git ****
make all 
make: Nothing to be done for `all'.
19:15:00 **** Incremental Build of configuration Debug for project MoveBook ****
make all 
Building file: ../src/MoveBook.cpp
Invoking: Cross G++ Compiler
g++ -O0 -g3 -Wall -c -fmessage-length=0 -MMD -MP -MF"src/MoveBook.d" -MT"src/MoveBook.d" -o "src/MoveBook.o" "../src/MoveBook.cpp"
../src/MoveBook.cpp: In function ‘int main()’:
../src/MoveBook.cpp:52:4: warning: ‘auto’ changes meaning in C++11; please remove it [-Wc++0x-compat]
    auto b = ws.lower_bound(s[i]);
    ^
../src/MoveBook.cpp:52:9: error: ‘b’ does not name a type
    auto b = ws.lower_bound(s[i]);
         ^
../src/MoveBook.cpp:53:8: error: ‘b’ was not declared in this scope
    if (b != ws.end()) {
        ^
make: *** [src/MoveBook.o] Error 1
19:15:00 **** Incremental Build of configuration Debug for project Octopussy ****
make all 
Building file: ../src/Octopussy.cpp
Invoking: Cross G++ Compiler
g++ -O0 -g3 -Wall -c -fmessage-length=0 -MMD -MP -MF"src/Octopussy.d" -MT"src/Octopussy.d" -o "src/Octopussy.o" "../src/Octopussy.cpp"
Finished building: ../src/Octopussy.cpp
 
Building target: Octopussy
Invoking: Cross G++ Linker
g++  -o "Octopussy"  ./src/Octopussy.o   
Finished building target: Octopussy
 
19:15:01 **** Incremental Build of configuration Debug for project SearchSnippets ****
make all 
make: Nothing to be done for `all'.
19:15:01 **** Incremental Build of configuration Debug for project boats ****
make all 
make: Nothing to be done for `all'.
19:15:19 **** Incremental Build of configuration Debug for project Evolution ****
make all 
make: Nothing to be done for `all'.
19:15:19 **** Incremental Build of configuration Debug for project Evolution-Git ****
make all 
make: Nothing to be done for `all'.
19:15:19 **** Incremental Build of configuration Debug for project MoveBook ****
make all 
Building file: ../src/MoveBook.cpp
Invoking: Cross G++ Compiler
g++ -O0 -g3 -Wall -c -fmessage-length=0 -MMD -MP -MF"src/MoveBook.d" -MT"src/MoveBook.d" -o "src/MoveBook.o" "../src/MoveBook.cpp"
../src/MoveBook.cpp: In function ‘int main()’:
../src/MoveBook.cpp:52:4: warning: ‘auto’ changes meaning in C++11; please remove it [-Wc++0x-compat]
    auto b = ws.lower_bound(s[i]);
    ^
../src/MoveBook.cpp:52:9: error: ‘b’ does not name a type
    auto b = ws.lower_bound(s[i]);
         ^
../src/MoveBook.cpp:53:8: error: ‘b’ was not declared in this scope
    if (b != ws.end()) {
        ^
make: *** [src/MoveBook.o] Error 1
19:15:20 **** Incremental Build of configuration Debug for project Octopussy ****
make all 
Building file: ../src/Octopussy.cpp
Invoking: Cross G++ Compiler
g++ -O0 -g3 -Wall -c -fmessage-length=0 -MMD -MP -MF"src/Octopussy.d" -MT"src/Octopussy.d" -o "src/Octopussy.o" "../src/Octopussy.cpp"
Finished building: ../src/Octopussy.cpp
 
Building target: Octopussy
Invoking: Cross G++ Linker
g++  -o "Octopussy"  ./src/Octopussy.o   
Finished building target: Octopussy
 
19:15:20 **** Incremental Build of configuration Debug for project SearchSnippets ****
make all 
make: Nothing to be done for `all'.
19:15:20 **** Incremental Build of configuration Debug for project boats ****
make all 
make: Nothing to be done for `all'.
19:15:40 **** Incremental Build of configuration Debug for project Evolution ****
make all 
make: Nothing to be done for `all'.
19:15:40 **** Incremental Build of configuration Debug for project Evolution-Git ****
make all 
make: Nothing to be done for `all'.
19:15:40 **** Incremental Build of configuration Debug for project MoveBook ****
make all 
Building file: ../src/MoveBook.cpp
Invoking: Cross G++ Compiler
g++ -O0 -g3 -Wall -c -fmessage-length=0 -MMD -MP -MF"src/MoveBook.d" -MT"src/MoveBook.d" -o "src/MoveBook.o" "../src/MoveBook.cpp"
../src/MoveBook.cpp: In function ‘int main()’:
../src/MoveBook.cpp:52:4: warning: ‘auto’ changes meaning in C++11; please remove it [-Wc++0x-compat]
    auto b = ws.lower_bound(s[i]);
    ^
../src/MoveBook.cpp:52:9: error: ‘b’ does not name a type
    auto b = ws.lower_bound(s[i]);
         ^
../src/MoveBook.cpp:53:8: error: ‘b’ was not declared in this scope
    if (b != ws.end()) {
        ^
make: *** [src/MoveBook.o] Error 1
19:15:40 **** Incremental Build of configuration Debug for project Octopussy ****
make all 
Building file: ../src/Octopussy.cpp
Invoking: Cross G++ Compiler
g++ -O0 -g3 -Wall -c -fmessage-length=0 -MMD -MP -MF"src/Octopussy.d" -MT"src/Octopussy.d" -o "src/Octopussy.o" "../src/Octopussy.cpp"
Finished building: ../src/Octopussy.cpp
 
Building target: Octopussy
Invoking: Cross G++ Linker
g++  -o "Octopussy"  ./src/Octopussy.o   
Finished building target: Octopussy
 
19:15:41 **** Incremental Build of configuration Debug for project SearchSnippets ****
make all 
make: Nothing to be done for `all'.
19:15:41 **** Incremental Build of configuration Debug for project boats ****
make all 
make: Nothing to be done for `all'.
19:15:51 **** Incremental Build of configuration Debug for project Evolution ****
make all 
make: Nothing to be done for `all'.
19:15:51 **** Incremental Build of configuration Debug for project Evolution-Git ****
make all 
make: Nothing to be done for `all'.
19:15:52 **** Incremental Build of configuration Debug for project MoveBook ****
make all 
Building file: ../src/MoveBook.cpp
Invoking: Cross G++ Compiler
g++ -O0 -g3 -Wall -c -fmessage-length=0 -MMD -MP -MF"src/MoveBook.d" -MT"src/MoveBook.d" -o "src/MoveBook.o" "../src/MoveBook.cpp"
../src/MoveBook.cpp: In function ‘int main()’:
../src/MoveBook.cpp:52:4: warning: ‘auto’ changes meaning in C++11; please remove it [-Wc++0x-compat]
    auto b = ws.lower_bound(s[i]);
    ^
../src/MoveBook.cpp:52:9: error: ‘b’ does not name a type
    auto b = ws.lower_bound(s[i]);
         ^
../src/MoveBook.cpp:53:8: error: ‘b’ was not declared in this scope
    if (b != ws.end()) {
        ^
make: *** [src/MoveBook.o] Error 1
19:15:52 **** Incremental Build of configuration Debug for project Octopussy ****
make all 
Building file: ../src/Octopussy.cpp
Invoking: Cross G++ Compiler
g++ -O0 -g3 -Wall -c -fmessage-length=0 -MMD -MP -MF"src/Octopussy.d" -MT"src/Octopussy.d" -o "src/Octopussy.o" "../src/Octopussy.cpp"
Finished building: ../src/Octopussy.cpp
 
Building target: Octopussy
Invoking: Cross G++ Linker
g++  -o "Octopussy"  ./src/Octopussy.o   
Finished building target: Octopussy
 
19:15:52 **** Incremental Build of configuration Debug for project SearchSnippets ****
make all 
make: Nothing to be done for `all'.
19:15:52 **** Incremental Build of configuration Debug for project boats ****
make all 
make: Nothing to be done for `all'.
19:16:26 **** Incremental Build of configuration Debug for project Evolution ****
make all 
make: Nothing to be done for `all'.
19:16:26 **** Incremental Build of configuration Debug for project Evolution-Git ****
make all 
make: Nothing to be done for `all'.
19:16:27 **** Incremental Build of configuration Debug for project MoveBook ****
make all 
Building file: ../src/MoveBook.cpp
Invoking: Cross G++ Compiler
g++ -O0 -g3 -Wall -c -fmessage-length=0 -MMD -MP -MF"src/MoveBook.d" -MT"src/MoveBook.d" -o "src/MoveBook.o" "../src/MoveBook.cpp"
../src/MoveBook.cpp: In function ‘int main()’:
../src/MoveBook.cpp:52:4: warning: ‘auto’ changes meaning in C++11; please remove it [-Wc++0x-compat]
    auto b = ws.lower_bound(s[i]);
    ^
../src/MoveBook.cpp:52:9: error: ‘b’ does not name a type
    auto b = ws.lower_bound(s[i]);
         ^
../src/MoveBook.cpp:53:8: error: ‘b’ was not declared in this scope
    if (b != ws.end()) {
        ^
make: *** [src/MoveBook.o] Error 1
19:16:27 **** Incremental Build of configuration Debug for project Octopussy ****
make all 
Building file: ../src/Octopussy.cpp
Invoking: Cross G++ Compiler
g++ -O0 -g3 -Wall -c -fmessage-length=0 -MMD -MP -MF"src/Octopussy.d" -MT"src/Octopussy.d" -o "src/Octopussy.o" "../src/Octopussy.cpp"
Finished building: ../src/Octopussy.cpp
 
Building target: Octopussy
Invoking: Cross G++ Linker
g++  -o "Octopussy"  ./src/Octopussy.o   
Finished building target: Octopussy
 
19:16:27 **** Incremental Build of configuration Debug for project SearchSnippets ****
make all 
make: Nothing to be done for `all'.
19:16:27 **** Incremental Build of configuration Debug for project boats ****
make all 
make: Nothing to be done for `all'.
19:17:00 **** Incremental Build of configuration Debug for project Evolution ****
make all 
make: Nothing to be done for `all'.
19:17:00 **** Incremental Build of configuration Debug for project Evolution-Git ****
make all 
make: Nothing to be done for `all'.
19:17:00 **** Incremental Build of configuration Debug for project MoveBook ****
make all 
Building file: ../src/MoveBook.cpp
Invoking: Cross G++ Compiler
g++ -O0 -g3 -Wall -c -fmessage-length=0 -MMD -MP -MF"src/MoveBook.d" -MT"src/MoveBook.d" -o "src/MoveBook.o" "../src/MoveBook.cpp"
../src/MoveBook.cpp: In function ‘int main()’:
../src/MoveBook.cpp:52:4: warning: ‘auto’ changes meaning in C++11; please remove it [-Wc++0x-compat]
    auto b = ws.lower_bound(s[i]);
    ^
../src/MoveBook.cpp:52:9: error: ‘b’ does not name a type
    auto b = ws.lower_bound(s[i]);
         ^
../src/MoveBook.cpp:53:8: error: ‘b’ was not declared in this scope
    if (b != ws.end()) {
        ^
make: *** [src/MoveBook.o] Error 1
19:17:00 **** Incremental Build of configuration Debug for project Octopussy ****
make all 
Building file: ../src/Octopussy.cpp
Invoking: Cross G++ Compiler
g++ -O0 -g3 -Wall -c -fmessage-length=0 -MMD -MP -MF"src/Octopussy.d" -MT"src/Octopussy.d" -o "src/Octopussy.o" "../src/Octopussy.cpp"
Finished building: ../src/Octopussy.cpp
 
Building target: Octopussy
Invoking: Cross G++ Linker
g++  -o "Octopussy"  ./src/Octopussy.o   
Finished building target: Octopussy
 
19:17:01 **** Incremental Build of configuration Debug for project SearchSnippets ****
make all 
make: Nothing to be done for `all'.
19:17:01 **** Incremental Build of configuration Debug for project boats ****
make all 
make: Nothing to be done for `all'.
19:17:44 **** Incremental Build of configuration Debug for project Evolution ****
make all 
make: Nothing to be done for `all'.
19:17:44 **** Incremental Build of configuration Debug for project Evolution-Git ****
make all 
make: Nothing to be done for `all'.
19:17:44 **** Incremental Build of configuration Debug for project MoveBook ****
make all 
Building file: ../src/MoveBook.cpp
Invoking: Cross G++ Compiler
g++ -O0 -g3 -Wall -c -fmessage-length=0 -MMD -MP -MF"src/MoveBook.d" -MT"src/MoveBook.d" -o "src/MoveBook.o" "../src/MoveBook.cpp"
../src/MoveBook.cpp: In function ‘int main()’:
../src/MoveBook.cpp:52:4: warning: ‘auto’ changes meaning in C++11; please remove it [-Wc++0x-compat]
    auto b = ws.lower_bound(s[i]);
    ^
../src/MoveBook.cpp:52:9: error: ‘b’ does not name a type
    auto b = ws.lower_bound(s[i]);
         ^
../src/MoveBook.cpp:53:8: error: ‘b’ was not declared in this scope
    if (b != ws.end()) {
        ^
make: *** [src/MoveBook.o] Error 1
19:17:44 **** Incremental Build of configuration Debug for project Octopussy ****
make all 
Building file: ../src/Octopussy.cpp
Invoking: Cross G++ Compiler
g++ -O0 -g3 -Wall -c -fmessage-length=0 -MMD -MP -MF"src/Octopussy.d" -MT"src/Octopussy.d" -o "src/Octopussy.o" "../src/Octopussy.cpp"
Finished building: ../src/Octopussy.cpp
 
Building target: Octopussy
Invoking: Cross G++ Linker
g++  -o "Octopussy"  ./src/Octopussy.o   
Finished building target: Octopussy
 
19:17:44 **** Incremental Build of configuration Debug for project SearchSnippets ****
make all 
make: Nothing to be done for `all'.
19:17:44 **** Incremental Build of configuration Debug for project boats ****
make all 
make: Nothing to be done for `all'.
