16:15:12 **** Build of configuration Debug for project FirstStep ****
make all 
Building file: ../src/FirstStep.cpp
Invoking: Cross G++ Compiler
g++ -O0 -g3 -Wall -c -fmessage-length=0 -MMD -MP -MF"src/FirstStep.d" -MT"src/FirstStep.d" -o "src/FirstStep.o" "../src/FirstStep.cpp"
Finished building: ../src/FirstStep.cpp
 
Building target: FirstStep
Invoking: Cross G++ Linker
g++  -o "FirstStep"  ./src/FirstStep.o   
Finished building target: FirstStep
 
16:30:46 **** Incremental Build of configuration Debug for project FirstStep ****
make all 
Building file: ../src/FirstStep.cpp
Invoking: Cross G++ Compiler
g++ -O0 -g3 -Wall -c -fmessage-length=0 -MMD -MP -MF"src/FirstStep.d" -MT"src/FirstStep.d" -o "src/FirstStep.o" "../src/FirstStep.cpp"
../src/FirstStep.cpp: In function ‘void do_case()’:
../src/FirstStep.cpp:68:9: warning: unused variable ‘furthest’ [-Wunused-variable]
  Vertex furthest = start;
         ^
../src/FirstStep.cpp:69:6: warning: unused variable ‘reachable’ [-Wunused-variable]
  int reachable = 0;
      ^
Finished building: ../src/FirstStep.cpp
 
Building target: FirstStep
Invoking: Cross G++ Linker
g++  -o "FirstStep"  ./src/FirstStep.o   
Finished building target: FirstStep
 
16:30:56 **** Incremental Build of configuration Debug for project FirstStep ****
make all 
Building file: ../src/FirstStep.cpp
Invoking: Cross G++ Compiler
g++ -O0 -g3 -Wall -c -fmessage-length=0 -MMD -MP -MF"src/FirstStep.d" -MT"src/FirstStep.d" -o "src/FirstStep.o" "../src/FirstStep.cpp"
Finished building: ../src/FirstStep.cpp
 
Building target: FirstStep
Invoking: Cross G++ Linker
g++  -o "FirstStep"  ./src/FirstStep.o   
Finished building target: FirstStep
 
16:40:00 **** Build of configuration Debug for project Ant ****
make all 
Building file: ../src/Ant.cpp
Invoking: Cross G++ Compiler
g++ -O0 -g3 -Wall -c -fmessage-length=0 -MMD -MP -MF"src/Ant.d" -MT"src/Ant.d" -o "src/Ant.o" "../src/Ant.cpp"
Finished building: ../src/Ant.cpp
 
Building target: Ant
Invoking: Cross G++ Linker
g++  -o "Ant"  ./src/Ant.o   
Finished building target: Ant
 
16:40:00 **** Incremental Build of configuration Debug for project FirstStep ****
make all 
make: Nothing to be done for `all'.
20:10:24 **** Incremental Build of configuration Debug for project Ant ****
make all 
Building file: ../src/Ant.cpp
Invoking: Cross G++ Compiler
g++ -O0 -g3 -Wall -c -fmessage-length=0 -MMD -MP -MF"src/Ant.d" -MT"src/Ant.d" -o "src/Ant.o" "../src/Ant.cpp"
../src/Ant.cpp: In function ‘void do_case()’:
../src/Ant.cpp:37:36: error: no matching function for call to ‘std::map<boost::detail::edge_desc_impl<boost::undirected_tag, long unsigned int>, std::vector<int> >::map(int&)’
  map<Edge,vector<int> > candidate(E);
                                    ^
../src/Ant.cpp:37:36: note: candidates are:
In file included from /usr/include/c++/4.8/map:61:0,
                 from ../src/Ant.cpp:11:
/usr/include/c++/4.8/bits/stl_map.h:241:9: note: template<class _InputIterator> std::map<_Key, _Tp, _Compare, _Alloc>::map(_InputIterator, _InputIterator, const _Compare&, const allocator_type&)
         map(_InputIterator __first, _InputIterator __last,
         ^
/usr/include/c++/4.8/bits/stl_map.h:241:9: note:   template argument deduction/substitution failed:
../src/Ant.cpp:37:36: note:   candidate expects 4 arguments, 1 provided
  map<Edge,vector<int> > candidate(E);
                                    ^
In file included from /usr/include/c++/4.8/map:61:0,
                 from ../src/Ant.cpp:11:
/usr/include/c++/4.8/bits/stl_map.h:224:9: note: template<class _InputIterator> std::map<_Key, _Tp, _Compare, _Alloc>::map(_InputIterator, _InputIterator)
         map(_InputIterator __first, _InputIterator __last)
         ^
/usr/include/c++/4.8/bits/stl_map.h:224:9: note:   template argument deduction/substitution failed:
../src/Ant.cpp:37:36: note:   candidate expects 2 arguments, 1 provided
  map<Edge,vector<int> > candidate(E);
                                    ^
In file included from /usr/include/c++/4.8/map:61:0,
                 from ../src/Ant.cpp:11:
/usr/include/c++/4.8/bits/stl_map.h:180:7: note: std::map<_Key, _Tp, _Compare, _Alloc>::map(const std::map<_Key, _Tp, _Compare, _Alloc>&) [with _Key = boost::detail::edge_desc_impl<boost::undirected_tag, long unsigned int>; _Tp = std::vector<int>; _Compare = std::less<boost::detail::edge_desc_impl<boost::undirected_tag, long unsigned int> >; _Alloc = std::allocator<std::pair<const boost::detail::edge_desc_impl<boost::undirected_tag, long unsigned int>, std::vector<int> > >]
       map(const map& __x)
       ^
/usr/include/c++/4.8/bits/stl_map.h:180:7: note:   no known conversion for argument 1 from ‘int’ to ‘const std::map<boost::detail::edge_desc_impl<boost::undirected_tag, long unsigned int>, std::vector<int> >&’
/usr/include/c++/4.8/bits/stl_map.h:169:7: note: std::map<_Key, _Tp, _Compare, _Alloc>::map(const _Compare&, const allocator_type&) [with _Key = boost::detail::edge_desc_impl<boost::undirected_tag, long unsigned int>; _Tp = std::vector<int>; _Compare = std::less<boost::detail::edge_desc_impl<boost::undirected_tag, long unsigned int> >; _Alloc = std::allocator<std::pair<const boost::detail::edge_desc_impl<boost::undirected_tag, long unsigned int>, std::vector<int> > >; std::map<_Key, _Tp, _Compare, _Alloc>::allocator_type = std::allocator<std::pair<const boost::detail::edge_desc_impl<boost::undirected_tag, long unsigned int>, std::vector<int> > >]
       map(const _Compare& __comp,
       ^
/usr/include/c++/4.8/bits/stl_map.h:169:7: note:   no known conversion for argument 1 from ‘int’ to ‘const std::less<boost::detail::edge_desc_impl<boost::undirected_tag, long unsigned int> >&’
/usr/include/c++/4.8/bits/stl_map.h:160:7: note: std::map<_Key, _Tp, _Compare, _Alloc>::map() [with _Key = boost::detail::edge_desc_impl<boost::undirected_tag, long unsigned int>; _Tp = std::vector<int>; _Compare = std::less<boost::detail::edge_desc_impl<boost::undirected_tag, long unsigned int> >; _Alloc = std::allocator<std::pair<const boost::detail::edge_desc_impl<boost::undirected_tag, long unsigned int>, std::vector<int> > >]
       map()
       ^
/usr/include/c++/4.8/bits/stl_map.h:160:7: note:   candidate expects 0 arguments, 1 provided
make: *** [src/Ant.o] Error 1
20:10:26 **** Incremental Build of configuration Debug for project FirstStep ****
make all 
make: Nothing to be done for `all'.
20:29:12 **** Incremental Build of configuration Debug for project Ant ****
make all 
Building file: ../src/Ant.cpp
Invoking: Cross G++ Compiler
g++ -O0 -g3 -Wall -c -fmessage-length=0 -MMD -MP -MF"src/Ant.d" -MT"src/Ant.d" -o "src/Ant.o" "../src/Ant.cpp"
Finished building: ../src/Ant.cpp
 
Building target: Ant
Invoking: Cross G++ Linker
g++  -o "Ant"  ./src/Ant.o   
Finished building target: Ant
 
20:29:15 **** Incremental Build of configuration Debug for project FirstStep ****
make all 
make: Nothing to be done for `all'.
20:30:36 **** Incremental Build of configuration Debug for project Ant ****
make all 
make: Nothing to be done for `all'.
20:31:08 **** Incremental Build of configuration Debug for project Ant ****
make all 
make: Nothing to be done for `all'.
20:36:38 **** Incremental Build of configuration Debug for project Ant ****
make all 
Building file: ../src/Ant.cpp
Invoking: Cross G++ Compiler
g++ -O0 -g3 -Wall -c -fmessage-length=0 -MMD -MP -MF"src/Ant.d" -MT"src/Ant.d" -o "src/Ant.o" "../src/Ant.cpp"
Finished building: ../src/Ant.cpp
 
Building target: Ant
Invoking: Cross G++ Linker
g++  -o "Ant"  ./src/Ant.o   
Finished building target: Ant
 
20:36:40 **** Incremental Build of configuration Debug for project FirstStep ****
make all 
make: Nothing to be done for `all'.
20:36:41 **** Incremental Build of configuration Debug for project Ant ****
make all 
make: Nothing to be done for `all'.
20:45:32 **** Incremental Build of configuration Debug for project Ant ****
make all 
Building file: ../src/Ant.cpp
Invoking: Cross G++ Compiler
g++ -O0 -g3 -Wall -c -fmessage-length=0 -MMD -MP -MF"src/Ant.d" -MT"src/Ant.d" -o "src/Ant.o" "../src/Ant.cpp"
Finished building: ../src/Ant.cpp
 
Building target: Ant
Invoking: Cross G++ Linker
g++  -o "Ant"  ./src/Ant.o   
Finished building target: Ant
 
20:45:35 **** Incremental Build of configuration Debug for project FirstStep ****
make all 
make: Nothing to be done for `all'.
20:45:49 **** Incremental Build of configuration Debug for project Ant ****
make all 
make: Nothing to be done for `all'.
20:50:25 **** Incremental Build of configuration Debug for project Ant ****
make all 
Building file: ../src/Ant.cpp
Invoking: Cross G++ Compiler
g++ -O0 -g3 -Wall -c -fmessage-length=0 -MMD -MP -MF"src/Ant.d" -MT"src/Ant.d" -o "src/Ant.o" "../src/Ant.cpp"
Finished building: ../src/Ant.cpp
 
Building target: Ant
Invoking: Cross G++ Linker
g++  -o "Ant"  ./src/Ant.o   
Finished building target: Ant
 
20:50:28 **** Incremental Build of configuration Debug for project FirstStep ****
make all 
make: Nothing to be done for `all'.
20:51:06 **** Incremental Build of configuration Debug for project Ant ****
make all 
make: Nothing to be done for `all'.
20:51:28 **** Incremental Build of configuration Debug for project Ant ****
make all 
make: Nothing to be done for `all'.
20:52:48 **** Incremental Build of configuration Debug for project Ant ****
make all 
make: Nothing to be done for `all'.
20:53:23 **** Incremental Build of configuration Debug for project Ant ****
make all 
make: Nothing to be done for `all'.
20:58:13 **** Incremental Build of configuration Debug for project Ant ****
make all 
Building file: ../src/Ant.cpp
Invoking: Cross G++ Compiler
g++ -O0 -g3 -Wall -c -fmessage-length=0 -MMD -MP -MF"src/Ant.d" -MT"src/Ant.d" -o "src/Ant.o" "../src/Ant.cpp"
../src/Ant.cpp: In function ‘void do_case()’:
../src/Ant.cpp:45:38: error: no matching function for call to ‘add_edge(Vertex&, Vertex&, int&, int, Graph&)’
   tie(e,success) = add_edge(u,v,i,0,G);
                                      ^
../src/Ant.cpp:45:38: note: candidates are:
In file included from /usr/include/boost/graph/adjacency_list.hpp:246:0,
                 from ../src/Ant.cpp:13:
/usr/include/boost/graph/detail/adjacency_list.hpp:661:5: note: template<class Config> std::pair<typename boost::directed_graph_helper<Config>::edge_descriptor, bool> boost::add_edge(typename Config::vertex_descriptor, typename Config::vertex_descriptor, const typename Config::edge_property_type&, boost::directed_graph_helper<Config>&)
     add_edge(typename Config::vertex_descriptor u,
     ^
/usr/include/boost/graph/detail/adjacency_list.hpp:661:5: note:   template argument deduction/substitution failed:
../src/Ant.cpp:45:38: note:   mismatched types ‘boost::directed_graph_helper<Config>’ and ‘int’
   tie(e,success) = add_edge(u,v,i,0,G);
                                      ^
In file included from /usr/include/boost/graph/adjacency_list.hpp:246:0,
                 from ../src/Ant.cpp:13:
/usr/include/boost/graph/detail/adjacency_list.hpp:681:5: note: template<class Config> std::pair<typename Config::edge_descriptor, bool> boost::add_edge(typename Config::vertex_descriptor, typename Config::vertex_descriptor, boost::directed_graph_helper<Config>&)
     add_edge(typename Config::vertex_descriptor u,
     ^
/usr/include/boost/graph/detail/adjacency_list.hpp:681:5: note:   template argument deduction/substitution failed:
../src/Ant.cpp:45:38: note:   mismatched types ‘boost::directed_graph_helper<Config>’ and ‘int’
   tie(e,success) = add_edge(u,v,i,0,G);
                                      ^
In file included from /usr/include/boost/graph/adjacency_list.hpp:246:0,
                 from ../src/Ant.cpp:13:
/usr/include/boost/graph/detail/adjacency_list.hpp:1000:5: note: template<class Config> std::pair<typename Config::edge_descriptor, bool> boost::add_edge(typename Config::vertex_descriptor, typename Config::vertex_descriptor, const typename Config::edge_property_type&, boost::undirected_graph_helper<C>&)
     add_edge(typename Config::vertex_descriptor u,
     ^
/usr/include/boost/graph/detail/adjacency_list.hpp:1000:5: note:   template argument deduction/substitution failed:
../src/Ant.cpp:45:38: note:   mismatched types ‘boost::undirected_graph_helper<C>’ and ‘int’
   tie(e,success) = add_edge(u,v,i,0,G);
                                      ^
In file included from /usr/include/boost/graph/adjacency_list.hpp:246:0,
                 from ../src/Ant.cpp:13:
/usr/include/boost/graph/detail/adjacency_list.hpp:1030:5: note: template<class Config> std::pair<typename Config::edge_descriptor, bool> boost::add_edge(typename Config::vertex_descriptor, typename Config::vertex_descriptor, boost::undirected_graph_helper<C>&)
     add_edge(typename Config::vertex_descriptor u,
     ^
/usr/include/boost/graph/detail/adjacency_list.hpp:1030:5: note:   template argument deduction/substitution failed:
../src/Ant.cpp:45:38: note:   mismatched types ‘boost::undirected_graph_helper<C>’ and ‘int’
   tie(e,success) = add_edge(u,v,i,0,G);
                                      ^
In file included from /usr/include/boost/graph/adjacency_list.hpp:246:0,
                 from ../src/Ant.cpp:13:
/usr/include/boost/graph/detail/adjacency_list.hpp:1428:5: note: template<class Config> std::pair<typename Config::edge_descriptor, bool> boost::add_edge(typename Config::vertex_descriptor, typename Config::vertex_descriptor, const typename Config::edge_property_type&, boost::bidirectional_graph_helper_with_property<Config>&)
     add_edge(typename Config::vertex_descriptor u,
     ^
/usr/include/boost/graph/detail/adjacency_list.hpp:1428:5: note:   template argument deduction/substitution failed:
../src/Ant.cpp:45:38: note:   mismatched types ‘boost::bidirectional_graph_helper_with_property<Config>’ and ‘int’
   tie(e,success) = add_edge(u,v,i,0,G);
                                      ^
In file included from /usr/include/boost/graph/adjacency_list.hpp:246:0,
                 from ../src/Ant.cpp:13:
/usr/include/boost/graph/detail/adjacency_list.hpp:1458:5: note: template<class Config> std::pair<typename Config::edge_descriptor, bool> boost::add_edge(typename Config::vertex_descriptor, typename Config::vertex_descriptor, boost::bidirectional_graph_helper_with_property<Config>&)
     add_edge(typename Config::vertex_descriptor u,
     ^
/usr/include/boost/graph/detail/adjacency_list.hpp:1458:5: note:   template argument deduction/substitution failed:
../src/Ant.cpp:45:38: note:   mismatched types ‘boost::bidirectional_graph_helper_with_property<Config>’ and ‘int’
   tie(e,success) = add_edge(u,v,i,0,G);
                                      ^
In file included from /usr/include/boost/graph/adjacency_list.hpp:246:0,
                 from ../src/Ant.cpp:13:
/usr/include/boost/graph/detail/adjacency_list.hpp:2173:5: note: template<class Graph, class Config, class Base> std::pair<typename Config::edge_descriptor, bool> boost::add_edge(typename Config::vertex_descriptor, typename Config::vertex_descriptor, const typename Config::edge_property_type&, boost::vec_adj_list_impl<G, C, B>&)
     add_edge(typename Config::vertex_descriptor u,
     ^
/usr/include/boost/graph/detail/adjacency_list.hpp:2173:5: note:   template argument deduction/substitution failed:
../src/Ant.cpp:45:38: note:   mismatched types ‘boost::vec_adj_list_impl<G, C, B>’ and ‘int’
   tie(e,success) = add_edge(u,v,i,0,G);
                                      ^
In file included from /usr/include/boost/graph/adjacency_list.hpp:246:0,
                 from ../src/Ant.cpp:13:
/usr/include/boost/graph/detail/adjacency_list.hpp:2187:5: note: template<class Graph, class Config, class Base> std::pair<typename Config::edge_descriptor, bool> boost::add_edge(typename Config::vertex_descriptor, typename Config::vertex_descriptor, boost::vec_adj_list_impl<G, C, B>&)
     add_edge(typename Config::vertex_descriptor u,
     ^
/usr/include/boost/graph/detail/adjacency_list.hpp:2187:5: note:   template argument deduction/substitution failed:
../src/Ant.cpp:45:38: note:   mismatched types ‘boost::vec_adj_list_impl<G, C, B>’ and ‘int’
   tie(e,success) = add_edge(u,v,i,0,G);
                                      ^
In file included from /usr/include/boost/graph/adjacency_list.hpp:45:0,
                 from ../src/Ant.cpp:13:
/usr/include/boost/graph/named_graph.hpp:447:1: note: template<class Graph, class Vertex, class VertexProperty> std::pair<typename boost::graph_traits<G>::edge_descriptor, bool> boost::graph::add_edge(const typename boost::graph::named_graph<Graph, Vertex, VertexProperty>::vertex_name_type&, const typename boost::graph::named_graph<Graph, Vertex, VertexProperty>::vertex_name_type&, const typename boost::edge_property_type<Graph>::type&, boost::graph::named_graph<Graph, Vertex, VertexProperty>&)
 add_edge(typename BGL_NAMED_GRAPH::vertex_name_type const& u_name,
 ^
/usr/include/boost/graph/named_graph.hpp:447:1: note:   template argument deduction/substitution failed:
../src/Ant.cpp:45:38: note:   mismatched types ‘boost::graph::named_graph<Graph, Vertex, VertexProperty>’ and ‘int’
   tie(e,success) = add_edge(u,v,i,0,G);
                                      ^
In file included from /usr/include/boost/graph/adjacency_list.hpp:45:0,
                 from ../src/Ant.cpp:13:
/usr/include/boost/graph/named_graph.hpp:438:1: note: template<class Graph, class Vertex, class VertexProperty> std::pair<typename boost::graph_traits<G>::edge_descriptor, bool> boost::graph::add_edge(const typename boost::graph::named_graph<Graph, Vertex, VertexProperty>::vertex_name_type&, const typename boost::graph::named_graph<Graph, Vertex, VertexProperty>::vertex_descriptor&, const typename boost::edge_property_type<Graph>::type&, boost::graph::named_graph<Graph, Vertex, VertexProperty>&)
 add_edge(typename BGL_NAMED_GRAPH::vertex_name_type const& u_name,
 ^
/usr/include/boost/graph/named_graph.hpp:438:1: note:   template argument deduction/substitution failed:
../src/Ant.cpp:45:38: note:   mismatched types ‘boost::graph::named_graph<Graph, Vertex, VertexProperty>’ and ‘int’
   tie(e,success) = add_edge(u,v,i,0,G);
                                      ^
In file included from /usr/include/boost/graph/adjacency_list.hpp:45:0,
                 from ../src/Ant.cpp:13:
/usr/include/boost/graph/named_graph.hpp:429:1: note: template<class Graph, class Vertex, class VertexProperty> std::pair<typename boost::graph_traits<G>::edge_descriptor, bool> boost::graph::add_edge(const typename boost::graph::named_graph<Graph, Vertex, VertexProperty>::vertex_descriptor&, const typename boost::graph::named_graph<Graph, Vertex, VertexProperty>::vertex_name_type&, const typename boost::edge_property_type<Graph>::type&, boost::graph::named_graph<Graph, Vertex, VertexProperty>&)
 add_edge(typename BGL_NAMED_GRAPH::vertex_descriptor const& u,
 ^
/usr/include/boost/graph/named_graph.hpp:429:1: note:   template argument deduction/substitution failed:
../src/Ant.cpp:45:38: note:   mismatched types ‘boost::graph::named_graph<Graph, Vertex, VertexProperty>’ and ‘int’
   tie(e,success) = add_edge(u,v,i,0,G);
                                      ^
In file included from /usr/include/boost/graph/adjacency_list.hpp:45:0,
                 from ../src/Ant.cpp:13:
/usr/include/boost/graph/named_graph.hpp:417:1: note: template<class Graph, class Vertex, class VertexProperty> std::pair<typename boost::graph_traits<G>::edge_descriptor, bool> boost::graph::add_edge(const typename boost::graph::named_graph<Graph, Vertex, VertexProperty>::vertex_name_type&, const typename boost::graph::named_graph<Graph, Vertex, VertexProperty>::vertex_descriptor&, boost::graph::named_graph<Graph, Vertex, VertexProperty>&)
 add_edge(typename BGL_NAMED_GRAPH::vertex_name_type const& u_name,
 ^
/usr/include/boost/graph/named_graph.hpp:417:1: note:   template argument deduction/substitution failed:
../src/Ant.cpp:45:38: note:   mismatched types ‘boost::graph::named_graph<Graph, Vertex, VertexProperty>’ and ‘int’
   tie(e,success) = add_edge(u,v,i,0,G);
                                      ^
In file included from /usr/include/boost/graph/adjacency_list.hpp:45:0,
                 from ../src/Ant.cpp:13:
/usr/include/boost/graph/named_graph.hpp:405:1: note: template<class Graph, class Vertex, class VertexProperty> std::pair<typename boost::graph_traits<G>::edge_descriptor, bool> boost::graph::add_edge(const typename boost::graph::named_graph<Graph, Vertex, VertexProperty>::vertex_descriptor&, const typename boost::graph::named_graph<Graph, Vertex, VertexProperty>::vertex_name_type&, boost::graph::named_graph<Graph, Vertex, VertexProperty>&)
 add_edge(typename BGL_NAMED_GRAPH::vertex_descriptor const& u,
 ^
/usr/include/boost/graph/named_graph.hpp:405:1: note:   template argument deduction/substitution failed:
../src/Ant.cpp:45:38: note:   mismatched types ‘boost::graph::named_graph<Graph, Vertex, VertexProperty>’ and ‘int’
   tie(e,success) = add_edge(u,v,i,0,G);
                                      ^
In file included from /usr/include/boost/graph/adjacency_list.hpp:45:0,
                 from ../src/Ant.cpp:13:
/usr/include/boost/graph/named_graph.hpp:393:1: note: template<class Graph, class Vertex, class VertexProperty> std::pair<typename boost::graph_traits<G>::edge_descriptor, bool> boost::graph::add_edge(const typename boost::graph::named_graph<Graph, Vertex, VertexProperty>::vertex_name_type&, const typename boost::graph::named_graph<Graph, Vertex, VertexProperty>::vertex_name_type&, boost::graph::named_graph<Graph, Vertex, VertexProperty>&)
 add_edge(typename BGL_NAMED_GRAPH::vertex_name_type const& u_name,
 ^
/usr/include/boost/graph/named_graph.hpp:393:1: note:   template argument deduction/substitution failed:
../src/Ant.cpp:45:38: note:   mismatched types ‘boost::graph::named_graph<Graph, Vertex, VertexProperty>’ and ‘int’
   tie(e,success) = add_edge(u,v,i,0,G);
                                      ^
make: *** [src/Ant.o] Error 1
20:58:15 **** Incremental Build of configuration Debug for project FirstStep ****
make all 
make: Nothing to be done for `all'.
21:11:29 **** Incremental Build of configuration Debug for project Ant ****
make all 
Building file: ../src/Ant.cpp
Invoking: Cross G++ Compiler
g++ -O0 -g3 -Wall -c -fmessage-length=0 -MMD -MP -MF"src/Ant.d" -MT"src/Ant.d" -o "src/Ant.o" "../src/Ant.cpp"
Finished building: ../src/Ant.cpp
 
Building target: Ant
Invoking: Cross G++ Linker
g++  -o "Ant"  ./src/Ant.o   
Finished building target: Ant
 
21:11:32 **** Incremental Build of configuration Debug for project FirstStep ****
make all 
make: Nothing to be done for `all'.
21:11:44 **** Incremental Build of configuration Debug for project Ant ****
make all 
make: Nothing to be done for `all'.
21:15:11 **** Incremental Build of configuration Debug for project Ant ****
make all 
Building file: ../src/Ant.cpp
Invoking: Cross G++ Compiler
g++ -O0 -g3 -Wall -c -fmessage-length=0 -MMD -MP -MF"src/Ant.d" -MT"src/Ant.d" -o "src/Ant.o" "../src/Ant.cpp"
Finished building: ../src/Ant.cpp
 
Building target: Ant
Invoking: Cross G++ Linker
g++  -o "Ant"  ./src/Ant.o   
Finished building target: Ant
 
21:15:13 **** Incremental Build of configuration Debug for project FirstStep ****
make all 
make: Nothing to be done for `all'.
21:16:24 **** Incremental Build of configuration Debug for project Ant ****
make all 
Building file: ../src/Ant.cpp
Invoking: Cross G++ Compiler
g++ -O0 -g3 -Wall -c -fmessage-length=0 -MMD -MP -MF"src/Ant.d" -MT"src/Ant.d" -o "src/Ant.o" "../src/Ant.cpp"
Finished building: ../src/Ant.cpp
 
Building target: Ant
Invoking: Cross G++ Linker
g++  -o "Ant"  ./src/Ant.o   
Finished building target: Ant
 
21:16:27 **** Incremental Build of configuration Debug for project FirstStep ****
make all 
make: Nothing to be done for `all'.
21:17:14 **** Incremental Build of configuration Debug for project Ant ****
make all 
Building file: ../src/Ant.cpp
Invoking: Cross G++ Compiler
g++ -O0 -g3 -Wall -c -fmessage-length=0 -MMD -MP -MF"src/Ant.d" -MT"src/Ant.d" -o "src/Ant.o" "../src/Ant.cpp"
Finished building: ../src/Ant.cpp
 
Building target: Ant
Invoking: Cross G++ Linker
g++  -o "Ant"  ./src/Ant.o   
Finished building target: Ant
 
21:23:09 **** Incremental Build of configuration Debug for project Ant ****
make all 
Building file: ../src/Ant.cpp
Invoking: Cross G++ Compiler
g++ -O0 -g3 -Wall -c -fmessage-length=0 -MMD -MP -MF"src/Ant.d" -MT"src/Ant.d" -o "src/Ant.o" "../src/Ant.cpp"
../src/Ant.cpp: In function ‘void do_case()’:
../src/Ant.cpp:48:8: warning: unused variable ‘w’ [-Wunused-variable]
    int w;
        ^
Finished building: ../src/Ant.cpp
 
Building target: Ant
Invoking: Cross G++ Linker
g++  -o "Ant"  ./src/Ant.o   
Finished building target: Ant
 
21:23:11 **** Incremental Build of configuration Debug for project FirstStep ****
make all 
make: Nothing to be done for `all'.
21:24:03 **** Incremental Build of configuration Debug for project Ant ****
make all 
Building file: ../src/Ant.cpp
Invoking: Cross G++ Compiler
g++ -O0 -g3 -Wall -c -fmessage-length=0 -MMD -MP -MF"src/Ant.d" -MT"src/Ant.d" -o "src/Ant.o" "../src/Ant.cpp"
../src/Ant.cpp: In function ‘void do_case()’:
../src/Ant.cpp:51:8: error: no match for ‘operator>>’ (operand types are ‘std::ostream {aka std::basic_ostream<char>}’ and ‘int’)
   cout >> weightmap[e];
        ^
../src/Ant.cpp:51:8: note: candidates are:
In file included from /usr/include/c++/4.8/string:53:0,
                 from /usr/include/c++/4.8/bits/locale_classes.h:40,
                 from /usr/include/c++/4.8/bits/ios_base.h:41,
                 from /usr/include/c++/4.8/ios:42,
                 from /usr/include/c++/4.8/ostream:38,
                 from /usr/include/c++/4.8/iostream:39,
                 from ../src/Ant.cpp:9:
/usr/include/c++/4.8/bits/basic_string.tcc:996:5: note: template<class _CharT, class _Traits, class _Alloc> std::basic_istream<_CharT, _Traits>& std::operator>>(std::basic_istream<_CharT, _Traits>&, std::basic_string<_CharT, _Traits, _Alloc>&)
     operator>>(basic_istream<_CharT, _Traits>& __in,
     ^
/usr/include/c++/4.8/bits/basic_string.tcc:996:5: note:   template argument deduction/substitution failed:
../src/Ant.cpp:51:22: note:   ‘std::ostream {aka std::basic_ostream<char>}’ is not derived from ‘std::basic_istream<_CharT, _Traits>’
   cout >> weightmap[e];
                      ^
In file included from /usr/include/c++/4.8/istream:882:0,
                 from /usr/include/c++/4.8/iostream:40,
                 from ../src/Ant.cpp:9:
/usr/include/c++/4.8/bits/istream.tcc:955:5: note: template<class _CharT2, class _Traits2> std::basic_istream<_CharT, _Traits>& std::operator>>(std::basic_istream<_CharT, _Traits>&, _CharT2*)
     operator>>(basic_istream<_CharT, _Traits>& __in, _CharT* __s)
     ^
/usr/include/c++/4.8/bits/istream.tcc:955:5: note:   template argument deduction/substitution failed:
../src/Ant.cpp:51:22: note:   ‘std::ostream {aka std::basic_ostream<char>}’ is not derived from ‘std::basic_istream<_CharT, _Traits>’
   cout >> weightmap[e];
                      ^
In file included from /usr/include/c++/4.8/istream:882:0,
                 from /usr/include/c++/4.8/iostream:40,
                 from ../src/Ant.cpp:9:
/usr/include/c++/4.8/bits/istream.tcc:923:5: note: template<class _CharT, class _Traits> std::basic_istream<_CharT, _Traits>& std::operator>>(std::basic_istream<_CharT, _Traits>&, _CharT&)
     operator>>(basic_istream<_CharT, _Traits>& __in, _CharT& __c)
     ^
/usr/include/c++/4.8/bits/istream.tcc:923:5: note:   template argument deduction/substitution failed:
../src/Ant.cpp:51:22: note:   ‘std::ostream {aka std::basic_ostream<char>}’ is not derived from ‘std::basic_istream<_CharT, _Traits>’
   cout >> weightmap[e];
                      ^
In file included from /usr/include/c++/4.8/iostream:40:0,
                 from ../src/Ant.cpp:9:
/usr/include/c++/4.8/istream:727:5: note: template<class _Traits> std::basic_istream<char, _Traits>& std::operator>>(std::basic_istream<char, _Traits>&, unsigned char&)
     operator>>(basic_istream<char, _Traits>& __in, unsigned char& __c)
     ^
/usr/include/c++/4.8/istream:727:5: note:   template argument deduction/substitution failed:
../src/Ant.cpp:51:22: note:   ‘std::ostream {aka std::basic_ostream<char>}’ is not derived from ‘std::basic_istream<char, _Traits>’
   cout >> weightmap[e];
                      ^
In file included from /usr/include/c++/4.8/iostream:40:0,
                 from ../src/Ant.cpp:9:
/usr/include/c++/4.8/istream:732:5: note: template<class _Traits> std::basic_istream<char, _Traits>& std::operator>>(std::basic_istream<char, _Traits>&, signed char&)
     operator>>(basic_istream<char, _Traits>& __in, signed char& __c)
     ^
/usr/include/c++/4.8/istream:732:5: note:   template argument deduction/substitution failed:
../src/Ant.cpp:51:22: note:   ‘std::ostream {aka std::basic_ostream<char>}’ is not derived from ‘std::basic_istream<char, _Traits>’
   cout >> weightmap[e];
                      ^
In file included from /usr/include/c++/4.8/iostream:40:0,
                 from ../src/Ant.cpp:9:
/usr/include/c++/4.8/istream:774:5: note: template<class _Traits> std::basic_istream<char, _Traits>& std::operator>>(std::basic_istream<char, _Traits>&, unsigned char*)
     operator>>(basic_istream<char, _Traits>& __in, unsigned char* __s)
     ^
/usr/include/c++/4.8/istream:774:5: note:   template argument deduction/substitution failed:
../src/Ant.cpp:51:22: note:   ‘std::ostream {aka std::basic_ostream<char>}’ is not derived from ‘std::basic_istream<char, _Traits>’
   cout >> weightmap[e];
                      ^
In file included from /usr/include/c++/4.8/iostream:40:0,
                 from ../src/Ant.cpp:9:
/usr/include/c++/4.8/istream:779:5: note: template<class _Traits> std::basic_istream<char, _Traits>& std::operator>>(std::basic_istream<char, _Traits>&, signed char*)
     operator>>(basic_istream<char, _Traits>& __in, signed char* __s)
     ^
/usr/include/c++/4.8/istream:779:5: note:   template argument deduction/substitution failed:
../src/Ant.cpp:51:22: note:   ‘std::ostream {aka std::basic_ostream<char>}’ is not derived from ‘std::basic_istream<char, _Traits>’
   cout >> weightmap[e];
                      ^
In file included from /usr/include/boost/detail/container_fwd.hpp:96:0,
                 from /usr/include/boost/functional/hash/extensions.hpp:17,
                 from /usr/include/boost/functional/hash/hash.hpp:529,
                 from /usr/include/boost/functional/hash.hpp:6,
                 from /usr/include/boost/unordered/unordered_set.hpp:20,
                 from /usr/include/boost/unordered_set.hpp:16,
                 from /usr/include/boost/graph/adjacency_list.hpp:21,
                 from ../src/Ant.cpp:13:
/usr/include/c++/4.8/bitset:1453:5: note: template<class _CharT, class _Traits, long unsigned int _Nb> std::basic_istream<_CharT, _Traits>& std::operator>>(std::basic_istream<_CharT, _Traits>&, std::bitset<_Nb>&)
     operator>>(std::basic_istream<_CharT, _Traits>& __is, bitset<_Nb>& __x)
     ^
/usr/include/c++/4.8/bitset:1453:5: note:   template argument deduction/substitution failed:
../src/Ant.cpp:51:22: note:   ‘std::ostream {aka std::basic_ostream<char>}’ is not derived from ‘std::basic_istream<_CharT, _Traits>’
   cout >> weightmap[e];
                      ^
In file included from /usr/include/boost/detail/container_fwd.hpp:98:0,
                 from /usr/include/boost/functional/hash/extensions.hpp:17,
                 from /usr/include/boost/functional/hash/hash.hpp:529,
                 from /usr/include/boost/functional/hash.hpp:6,
                 from /usr/include/boost/unordered/unordered_set.hpp:20,
                 from /usr/include/boost/unordered_set.hpp:16,
                 from /usr/include/boost/graph/adjacency_list.hpp:21,
                 from ../src/Ant.cpp:13:
/usr/include/c++/4.8/complex:491:5: note: template<class _Tp, class _CharT, class _Traits> std::basic_istream<_CharT, _Traits>& std::operator>>(std::basic_istream<_CharT, _Traits>&, std::complex<_Tp>&)
     operator>>(basic_istream<_CharT, _Traits>& __is, complex<_Tp>& __x)
     ^
/usr/include/c++/4.8/complex:491:5: note:   template argument deduction/substitution failed:
../src/Ant.cpp:51:22: note:   ‘std::ostream {aka std::basic_ostream<char>}’ is not derived from ‘std::basic_istream<_CharT, _Traits>’
   cout >> weightmap[e];
                      ^
make: *** [src/Ant.o] Error 1
21:24:04 **** Incremental Build of configuration Debug for project FirstStep ****
make all 
make: Nothing to be done for `all'.
21:24:11 **** Incremental Build of configuration Debug for project Ant ****
make all 
Building file: ../src/Ant.cpp
Invoking: Cross G++ Compiler
g++ -O0 -g3 -Wall -c -fmessage-length=0 -MMD -MP -MF"src/Ant.d" -MT"src/Ant.d" -o "src/Ant.o" "../src/Ant.cpp"
Finished building: ../src/Ant.cpp
 
Building target: Ant
Invoking: Cross G++ Linker
g++  -o "Ant"  ./src/Ant.o   
Finished building target: Ant
 
21:24:13 **** Incremental Build of configuration Debug for project FirstStep ****
make all 
make: Nothing to be done for `all'.
21:57:46 **** Incremental Build of configuration Debug for project Ant ****
make all 
Building file: ../src/Ant.cpp
Invoking: Cross G++ Compiler
g++ -O0 -g3 -Wall -c -fmessage-length=0 -MMD -MP -MF"src/Ant.d" -MT"src/Ant.d" -o "src/Ant.o" "../src/Ant.cpp"
Finished building: ../src/Ant.cpp
 
Building target: Ant
Invoking: Cross G++ Linker
g++  -o "Ant"  ./src/Ant.o   
Finished building target: Ant
 
21:57:49 **** Incremental Build of configuration Debug for project FirstStep ****
make all 
make: Nothing to be done for `all'.
22:01:00 **** Incremental Build of configuration Debug for project Ant ****
make all 
make: Nothing to be done for `all'.
22:01:01 **** Incremental Build of configuration Debug for project FirstStep ****
make all 
make: Nothing to be done for `all'.
22:01:01 **** Build of configuration Debug for project bridge ****
make all 
Building file: ../src/bridge.cpp
Invoking: Cross G++ Compiler
g++ -O0 -g3 -Wall -c -fmessage-length=0 -MMD -MP -MF"src/bridge.d" -MT"src/bridge.d" -o "src/bridge.o" "../src/bridge.cpp"
Finished building: ../src/bridge.cpp
 
Building target: bridge
Invoking: Cross G++ Linker
g++  -o "bridge"  ./src/bridge.o   
Finished building target: bridge
 
11:53:53 **** Incremental Build of configuration Debug for project Ant ****
make all 
make: Nothing to be done for `all'.
11:53:54 **** Incremental Build of configuration Debug for project FirstStep ****
make all 
make: Nothing to be done for `all'.
11:53:54 **** Incremental Build of configuration Debug for project bridge ****
make all 
Building file: ../src/bridge.cpp
Invoking: Cross G++ Compiler
g++ -O0 -g3 -Wall -c -fmessage-length=0 -MMD -MP -MF"src/bridge.d" -MT"src/bridge.d" -o "src/bridge.o" "../src/bridge.cpp"
../src/bridge.cpp: In function ‘void do_case()’:
../src/bridge.cpp:37:6: warning: unused variable ‘nscc’ [-Wunused-variable]
  int nscc = strong_components(G,make_iterator_property_map(sccmap.begin(),get(vertex_index,G)));
      ^
In file included from /usr/include/boost/iterator/iterator_categories.hpp:22:0,
                 from /usr/include/boost/unordered/detail/util.hpp:16,
                 from /usr/include/boost/unordered/detail/buckets.hpp:14,
                 from /usr/include/boost/unordered/detail/table.hpp:10,
                 from /usr/include/boost/unordered/detail/equivalent.hpp:14,
                 from /usr/include/boost/unordered/unordered_set.hpp:17,
                 from /usr/include/boost/unordered_set.hpp:16,
                 from /usr/include/boost/graph/adjacency_list.hpp:21,
                 from ../src/bridge.cpp:13:
/usr/include/boost/graph/strong_components.hpp: In instantiation of ‘typename boost::property_traits<IndexMap>::value_type boost::strong_components(const Graph&, ComponentMap, typename boost::enable_if_c<boost::is_base_and_derived<boost::vertex_list_graph_tag, typename boost::graph_traits<Graph>::traversal_category>::value, boost::graph::detail::no_parameter>::type) [with Graph = boost::adjacency_list<boost::vecS, boost::vecS, boost::undirectedS>; ComponentMap = boost::iterator_property_map<__gnu_cxx::__normal_iterator<int*, std::vector<int> >, boost::vec_adj_list_vertex_id_map<boost::no_property, long unsigned int>, int, int&>; typename boost::property_traits<IndexMap>::value_type = int; typename boost::enable_if_c<boost::is_base_and_derived<boost::vertex_list_graph_tag, typename boost::graph_traits<Graph>::traversal_category>::value, boost::graph::detail::no_parameter>::type = boost::graph::detail::no_parameter]’:
../src/bridge.cpp:37:95:   required from here
/usr/include/boost/graph/strong_components.hpp:228:5: error: invalid application of ‘sizeof’ to incomplete type ‘boost::STATIC_ASSERTION_FAILURE<false>’
     BOOST_STATIC_ASSERT((is_convertible<DirCat*, directed_tag*>::value == true));
     ^
make: *** [src/bridge.o] Error 1
11:55:26 **** Incremental Build of configuration Debug for project Ant ****
make all 
make: Nothing to be done for `all'.
11:55:26 **** Incremental Build of configuration Debug for project FirstStep ****
make all 
make: Nothing to be done for `all'.
11:55:26 **** Incremental Build of configuration Debug for project bridge ****
make all 
Building file: ../src/bridge.cpp
Invoking: Cross G++ Compiler
g++ -O0 -g3 -Wall -c -fmessage-length=0 -MMD -MP -MF"src/bridge.d" -MT"src/bridge.d" -o "src/bridge.o" "../src/bridge.cpp"
In file included from /usr/include/boost/iterator/iterator_categories.hpp:22:0,
                 from /usr/include/boost/unordered/detail/util.hpp:16,
                 from /usr/include/boost/unordered/detail/buckets.hpp:14,
                 from /usr/include/boost/unordered/detail/table.hpp:10,
                 from /usr/include/boost/unordered/detail/equivalent.hpp:14,
                 from /usr/include/boost/unordered/unordered_set.hpp:17,
                 from /usr/include/boost/unordered_set.hpp:16,
                 from /usr/include/boost/graph/adjacency_list.hpp:21,
                 from ../src/bridge.cpp:13:
/usr/include/boost/graph/strong_components.hpp: In instantiation of ‘typename boost::property_traits<IndexMap>::value_type boost::strong_components(const Graph&, ComponentMap, typename boost::enable_if_c<boost::is_base_and_derived<boost::vertex_list_graph_tag, typename boost::graph_traits<Graph>::traversal_category>::value, boost::graph::detail::no_parameter>::type) [with Graph = boost::adjacency_list<boost::vecS, boost::vecS, boost::undirectedS>; ComponentMap = boost::iterator_property_map<__gnu_cxx::__normal_iterator<int*, std::vector<int> >, boost::vec_adj_list_vertex_id_map<boost::no_property, long unsigned int>, int, int&>; typename boost::property_traits<IndexMap>::value_type = int; typename boost::enable_if_c<boost::is_base_and_derived<boost::vertex_list_graph_tag, typename boost::graph_traits<Graph>::traversal_category>::value, boost::graph::detail::no_parameter>::type = boost::graph::detail::no_parameter]’:
../src/bridge.cpp:38:84:   required from here
/usr/include/boost/graph/strong_components.hpp:228:5: error: invalid application of ‘sizeof’ to incomplete type ‘boost::STATIC_ASSERTION_FAILURE<false>’
     BOOST_STATIC_ASSERT((is_convertible<DirCat*, directed_tag*>::value == true));
     ^
make: *** [src/bridge.o] Error 1
11:58:19 **** Incremental Build of configuration Debug for project Ant ****
make all 
make: Nothing to be done for `all'.
11:58:19 **** Incremental Build of configuration Debug for project FirstStep ****
make all 
make: Nothing to be done for `all'.
11:58:19 **** Incremental Build of configuration Debug for project bridge ****
make all 
Building file: ../src/bridge.cpp
Invoking: Cross G++ Compiler
g++ -O0 -g3 -Wall -c -fmessage-length=0 -MMD -MP -MF"src/bridge.d" -MT"src/bridge.d" -o "src/bridge.o" "../src/bridge.cpp"
In file included from /usr/include/boost/iterator/iterator_categories.hpp:22:0,
                 from /usr/include/boost/unordered/detail/util.hpp:16,
                 from /usr/include/boost/unordered/detail/buckets.hpp:14,
                 from /usr/include/boost/unordered/detail/table.hpp:10,
                 from /usr/include/boost/unordered/detail/equivalent.hpp:14,
                 from /usr/include/boost/unordered/unordered_set.hpp:17,
                 from /usr/include/boost/unordered_set.hpp:16,
                 from /usr/include/boost/graph/adjacency_list.hpp:21,
                 from ../src/bridge.cpp:13:
/usr/include/boost/graph/strong_components.hpp: In instantiation of ‘typename boost::property_traits<IndexMap>::value_type boost::strong_components(const Graph&, ComponentMap, typename boost::enable_if_c<boost::is_base_and_derived<boost::vertex_list_graph_tag, typename boost::graph_traits<Graph>::traversal_category>::value, boost::graph::detail::no_parameter>::type) [with Graph = boost::adjacency_list<boost::vecS, boost::vecS, boost::undirectedS>; ComponentMap = boost::iterator_property_map<__gnu_cxx::__normal_iterator<int*, std::vector<int> >, boost::vec_adj_list_vertex_id_map<boost::no_property, long unsigned int>, int, int&>; typename boost::property_traits<IndexMap>::value_type = int; typename boost::enable_if_c<boost::is_base_and_derived<boost::vertex_list_graph_tag, typename boost::graph_traits<Graph>::traversal_category>::value, boost::graph::detail::no_parameter>::type = boost::graph::detail::no_parameter]’:
../src/bridge.cpp:38:84:   required from here
/usr/include/boost/graph/strong_components.hpp:228:5: error: invalid application of ‘sizeof’ to incomplete type ‘boost::STATIC_ASSERTION_FAILURE<false>’
     BOOST_STATIC_ASSERT((is_convertible<DirCat*, directed_tag*>::value == true));
     ^
make: *** [src/bridge.o] Error 1
12:01:34 **** Incremental Build of configuration Debug for project Ant ****
make all 
make: Nothing to be done for `all'.
12:01:34 **** Incremental Build of configuration Debug for project FirstStep ****
make all 
make: Nothing to be done for `all'.
12:01:34 **** Incremental Build of configuration Debug for project bridge ****
make all 
Building file: ../src/bridge.cpp
Invoking: Cross G++ Compiler
g++ -O0 -g3 -Wall -c -fmessage-length=0 -MMD -MP -MF"src/bridge.d" -MT"src/bridge.d" -o "src/bridge.o" "../src/bridge.cpp"
../src/bridge.cpp: In function ‘void do_case()’:
../src/bridge.cpp:37:7: warning: unused variable ‘ncc’ [-Wunused-variable]
   int ncc =connected_components(G,make_iterator_property_map(componentmap.begin(),get(vertex_index,G)));
       ^
Finished building: ../src/bridge.cpp
 
Building target: bridge
Invoking: Cross G++ Linker
g++  -o "bridge"  ./src/bridge.o   
Finished building target: bridge
 
12:02:11 **** Incremental Build of configuration Debug for project Ant ****
make all 
make: Nothing to be done for `all'.
12:02:11 **** Incremental Build of configuration Debug for project FirstStep ****
make all 
make: Nothing to be done for `all'.
12:02:11 **** Incremental Build of configuration Debug for project bridge ****
make all 
Building file: ../src/bridge.cpp
Invoking: Cross G++ Compiler
g++ -O0 -g3 -Wall -c -fmessage-length=0 -MMD -MP -MF"src/bridge.d" -MT"src/bridge.d" -o "src/bridge.o" "../src/bridge.cpp"
Finished building: ../src/bridge.cpp
 
Building target: bridge
Invoking: Cross G++ Linker
g++  -o "bridge"  ./src/bridge.o   
Finished building target: bridge
 
12:03:22 **** Incremental Build of configuration Debug for project Ant ****
make all 
make: Nothing to be done for `all'.
12:03:22 **** Incremental Build of configuration Debug for project FirstStep ****
make all 
make: Nothing to be done for `all'.
12:03:22 **** Incremental Build of configuration Debug for project bridge ****
make all 
Building file: ../src/bridge.cpp
Invoking: Cross G++ Compiler
g++ -O0 -g3 -Wall -c -fmessage-length=0 -MMD -MP -MF"src/bridge.d" -MT"src/bridge.d" -o "src/bridge.o" "../src/bridge.cpp"
Finished building: ../src/bridge.cpp
 
Building target: bridge
Invoking: Cross G++ Linker
g++  -o "bridge"  ./src/bridge.o   
Finished building target: bridge
 
12:05:41 **** Incremental Build of configuration Debug for project bridge ****
make all 
make: Nothing to be done for `all'.
12:09:21 **** Incremental Build of configuration Debug for project Ant ****
make all 
make: Nothing to be done for `all'.
12:09:21 **** Incremental Build of configuration Debug for project FirstStep ****
make all 
make: Nothing to be done for `all'.
12:09:21 **** Incremental Build of configuration Debug for project bridge ****
make all 
Building file: ../src/bridge.cpp
Invoking: Cross G++ Compiler
g++ -O0 -g3 -Wall -c -fmessage-length=0 -MMD -MP -MF"src/bridge.d" -MT"src/bridge.d" -o "src/bridge.o" "../src/bridge.cpp"
../src/bridge.cpp: In function ‘void do_case()’:
../src/bridge.cpp:37:6: warning: unused variable ‘cc’ [-Wunused-variable]
  int cc =connected_components(G,make_iterator_property_map(componentmap.begin(),get(vertex_index,G)));
      ^
Finished building: ../src/bridge.cpp
 
Building target: bridge
Invoking: Cross G++ Linker
g++  -o "bridge"  ./src/bridge.o   
Finished building target: bridge
 
12:09:56 **** Incremental Build of configuration Debug for project bridge ****
make all 
make: Nothing to be done for `all'.
12:10:14 **** Incremental Build of configuration Debug for project bridge ****
make all 
make: Nothing to be done for `all'.
12:25:56 **** Incremental Build of configuration Debug for project Ant ****
make all 
make: Nothing to be done for `all'.
12:25:56 **** Incremental Build of configuration Debug for project FirstStep ****
make all 
make: Nothing to be done for `all'.
12:25:56 **** Incremental Build of configuration Debug for project bridge ****
make all 
Building file: ../src/bridge.cpp
Invoking: Cross G++ Compiler
g++ -O0 -g3 -Wall -c -fmessage-length=0 -MMD -MP -MF"src/bridge.d" -MT"src/bridge.d" -o "src/bridge.o" "../src/bridge.cpp"
Finished building: ../src/bridge.cpp
 
Building target: bridge
Invoking: Cross G++ Linker
g++  -o "bridge"  ./src/bridge.o   
Finished building target: bridge
 
12:29:27 **** Incremental Build of configuration Debug for project Ant ****
make all 
make: Nothing to be done for `all'.
12:29:27 **** Incremental Build of configuration Debug for project FirstStep ****
make all 
make: Nothing to be done for `all'.
12:29:27 **** Incremental Build of configuration Debug for project bridge ****
make all 
Building file: ../src/bridge.cpp
Invoking: Cross G++ Compiler
g++ -O0 -g3 -Wall -c -fmessage-length=0 -MMD -MP -MF"src/bridge.d" -MT"src/bridge.d" -o "src/bridge.o" "../src/bridge.cpp"
Finished building: ../src/bridge.cpp
 
Building target: bridge
Invoking: Cross G++ Linker
g++  -o "bridge"  ./src/bridge.o   
Finished building target: bridge
 
12:31:36 **** Incremental Build of configuration Debug for project Ant ****
make all 
make: Nothing to be done for `all'.
12:31:37 **** Incremental Build of configuration Debug for project FirstStep ****
make all 
make: Nothing to be done for `all'.
12:31:37 **** Incremental Build of configuration Debug for project bridge ****
make all 
Building file: ../src/bridge.cpp
Invoking: Cross G++ Compiler
g++ -O0 -g3 -Wall -c -fmessage-length=0 -MMD -MP -MF"src/bridge.d" -MT"src/bridge.d" -o "src/bridge.o" "../src/bridge.cpp"
Finished building: ../src/bridge.cpp
 
Building target: bridge
Invoking: Cross G++ Linker
g++  -o "bridge"  ./src/bridge.o   
Finished building target: bridge
 
12:32:45 **** Incremental Build of configuration Debug for project bridge ****
make all 
Building file: ../src/bridge.cpp
Invoking: Cross G++ Compiler
g++ -O0 -g3 -Wall -c -fmessage-length=0 -MMD -MP -MF"src/bridge.d" -MT"src/bridge.d" -o "src/bridge.o" "../src/bridge.cpp"
Finished building: ../src/bridge.cpp
 
Building target: bridge
Invoking: Cross G++ Linker
g++  -o "bridge"  ./src/bridge.o   
Finished building target: bridge
 
12:34:17 **** Incremental Build of configuration Debug for project bridge ****
make all 
make: Nothing to be done for `all'.
12:41:09 **** Incremental Build of configuration Debug for project Ant ****
make all 
make: Nothing to be done for `all'.
12:41:09 **** Incremental Build of configuration Debug for project FirstStep ****
make all 
make: Nothing to be done for `all'.
12:41:09 **** Incremental Build of configuration Debug for project bridge ****
make all 
Building file: ../src/bridge.cpp
Invoking: Cross G++ Compiler
g++ -O0 -g3 -Wall -c -fmessage-length=0 -MMD -MP -MF"src/bridge.d" -MT"src/bridge.d" -o "src/bridge.o" "../src/bridge.cpp"
Finished building: ../src/bridge.cpp
 
Building target: bridge
Invoking: Cross G++ Linker
g++  -o "bridge"  ./src/bridge.o   
Finished building target: bridge
 
12:44:44 **** Incremental Build of configuration Debug for project Ant ****
make all 
make: Nothing to be done for `all'.
12:44:45 **** Incremental Build of configuration Debug for project FirstStep ****
make all 
make: Nothing to be done for `all'.
12:44:45 **** Incremental Build of configuration Debug for project bridge ****
make all 
Building file: ../src/bridge.cpp
Invoking: Cross G++ Compiler
g++ -O0 -g3 -Wall -c -fmessage-length=0 -MMD -MP -MF"src/bridge.d" -MT"src/bridge.d" -o "src/bridge.o" "../src/bridge.cpp"
Finished building: ../src/bridge.cpp
 
Building target: bridge
Invoking: Cross G++ Linker
g++  -o "bridge"  ./src/bridge.o   
Finished building target: bridge
 
14:14:29 **** Incremental Build of configuration Debug for project Ant ****
make all 
make: Nothing to be done for `all'.
14:14:30 **** Incremental Build of configuration Debug for project FirstStep ****
make all 
make: Nothing to be done for `all'.
14:14:30 **** Incremental Build of configuration Debug for project bridge ****
make all 
Building file: ../src/bridge.cpp
Invoking: Cross G++ Compiler
g++ -O0 -g3 -Wall -c -fmessage-length=0 -MMD -MP -MF"src/bridge.d" -MT"src/bridge.d" -o "src/bridge.o" "../src/bridge.cpp"
Finished building: ../src/bridge.cpp
 
Building target: bridge
Invoking: Cross G++ Linker
g++  -o "bridge"  ./src/bridge.o   
Finished building target: bridge
 
14:26:41 **** Incremental Build of configuration Debug for project Ant ****
make all 
make: Nothing to be done for `all'.
14:26:41 **** Incremental Build of configuration Debug for project FirstStep ****
make all 
make: Nothing to be done for `all'.
14:26:42 **** Incremental Build of configuration Debug for project bridge ****
make all 
Building file: ../src/bridge.cpp
Invoking: Cross G++ Compiler
g++ -O0 -g3 -Wall -c -fmessage-length=0 -MMD -MP -MF"src/bridge.d" -MT"src/bridge.d" -o "src/bridge.o" "../src/bridge.cpp"
Finished building: ../src/bridge.cpp
 
Building target: bridge
Invoking: Cross G++ Linker
g++  -o "bridge"  ./src/bridge.o   
Finished building target: bridge
 
17:29:59 **** Incremental Build of configuration Debug for project Ant ****
make all 
make: Nothing to be done for `all'.
17:29:59 **** Incremental Build of configuration Debug for project FirstStep ****
make all 
make: Nothing to be done for `all'.
17:30:00 **** Incremental Build of configuration Debug for project bridge ****
make all 
make: Nothing to be done for `all'.
17:30:00 **** Build of configuration Debug for project buddy ****
make all 
Building file: ../src/buddy.cpp
Invoking: Cross G++ Compiler
g++ -O0 -g3 -Wall -c -fmessage-length=0 -MMD -MP -MF"src/buddy.d" -MT"src/buddy.d" -o "src/buddy.o" "../src/buddy.cpp"
Finished building: ../src/buddy.cpp
 
Building target: buddy
Invoking: Cross G++ Linker
g++  -o "buddy"  ./src/buddy.o   
Finished building target: buddy
 
16:39:42 **** Incremental Build of configuration Debug for project Ant ****
make all 
make: Nothing to be done for `all'.
16:39:43 **** Incremental Build of configuration Debug for project FirstStep ****
make all 
make: Nothing to be done for `all'.
16:39:43 **** Incremental Build of configuration Debug for project bridge ****
make all 
make: Nothing to be done for `all'.
16:39:43 **** Incremental Build of configuration Debug for project buddy ****
make all 
Building file: ../src/buddy.cpp
Invoking: Cross G++ Compiler
g++ -O0 -g3 -Wall -c -fmessage-length=0 -MMD -MP -MF"src/buddy.d" -MT"src/buddy.d" -o "src/buddy.o" "../src/buddy.cpp"
../src/buddy.cpp: In function ‘void do_case()’:
../src/buddy.cpp:37:9: error: no match for call to ‘(std::vector<std::vector<std::basic_string<char> > >) (int&)’
   data(i) = stud;
         ^
../src/buddy.cpp:44:25: error: no match for call to ‘(std::vector<std::vector<std::basic_string<char> > >) (int&)’
    if (find_match(data(i),(data(j))) > f){ // Possible to pair f+1
                         ^
../src/buddy.cpp:44:34: error: no match for call to ‘(std::vector<std::vector<std::basic_string<char> > >) (int&)’
    if (find_match(data(i),(data(j))) > f){ // Possible to pair f+1
                                  ^
../src/buddy.cpp:52:68: error: ‘matemap’ was not declared in this scope
  edmonds_maximum_cardinality_matching(G,make_iterator_property_map(matemap.begin(),get(vertex_index,G)));
                                                                    ^
make: *** [src/buddy.o] Error 1
16:40:31 **** Incremental Build of configuration Debug for project Ant ****
make all 
make: Nothing to be done for `all'.
16:40:32 **** Incremental Build of configuration Debug for project FirstStep ****
make all 
make: Nothing to be done for `all'.
16:40:32 **** Incremental Build of configuration Debug for project bridge ****
make all 
make: Nothing to be done for `all'.
16:40:32 **** Incremental Build of configuration Debug for project buddy ****
make all 
Building file: ../src/buddy.cpp
Invoking: Cross G++ Compiler
g++ -O0 -g3 -Wall -c -fmessage-length=0 -MMD -MP -MF"src/buddy.d" -MT"src/buddy.d" -o "src/buddy.o" "../src/buddy.cpp"
../src/buddy.cpp: In function ‘void do_case()’:
../src/buddy.cpp:52:68: error: ‘matemap’ was not declared in this scope
  edmonds_maximum_cardinality_matching(G,make_iterator_property_map(matemap.begin(),get(vertex_index,G)));
                                                                    ^
make: *** [src/buddy.o] Error 1
16:40:42 **** Incremental Build of configuration Debug for project Ant ****
make all 
make: Nothing to be done for `all'.
16:40:42 **** Incremental Build of configuration Debug for project FirstStep ****
make all 
make: Nothing to be done for `all'.
16:40:43 **** Incremental Build of configuration Debug for project bridge ****
make all 
make: Nothing to be done for `all'.
16:40:43 **** Incremental Build of configuration Debug for project buddy ****
make all 
Building file: ../src/buddy.cpp
Invoking: Cross G++ Compiler
g++ -O0 -g3 -Wall -c -fmessage-length=0 -MMD -MP -MF"src/buddy.d" -MT"src/buddy.d" -o "src/buddy.o" "../src/buddy.cpp"
../src/buddy.cpp: In function ‘void do_case()’:
../src/buddy.cpp:53:93: warning: comparison between signed and unsigned integer expressions [-Wsign-compare]
  if (2 * matching_size(G,make_iterator_property_map(matemap.begin(),get(vertex_index,G)))!= n){
                                                                                             ^
Finished building: ../src/buddy.cpp
 
Building target: buddy
Invoking: Cross G++ Linker
g++  -o "buddy"  ./src/buddy.o   
Finished building target: buddy
 
16:44:15 **** Incremental Build of configuration Debug for project Ant ****
make all 
make: Nothing to be done for `all'.
16:44:15 **** Incremental Build of configuration Debug for project FirstStep ****
make all 
make: Nothing to be done for `all'.
16:44:15 **** Build of configuration Debug for project TheeV ****
make all 
Building file: ../src/TheeV.cpp
Invoking: Cross G++ Compiler
g++ -O0 -g3 -Wall -c -fmessage-length=0 -MMD -MP -MF"src/TheeV.d" -MT"src/TheeV.d" -o "src/TheeV.o" "../src/TheeV.cpp"
Finished building: ../src/TheeV.cpp
 
Building target: TheeV
Invoking: Cross G++ Linker
g++  -o "TheeV"  ./src/TheeV.o   
Finished building target: TheeV
 
16:44:16 **** Incremental Build of configuration Debug for project bridge ****
make all 
make: Nothing to be done for `all'.
16:44:16 **** Incremental Build of configuration Debug for project buddy ****
make all 
Building file: ../src/buddy.cpp
Invoking: Cross G++ Compiler
g++ -O0 -g3 -Wall -c -fmessage-length=0 -MMD -MP -MF"src/buddy.d" -MT"src/buddy.d" -o "src/buddy.o" "../src/buddy.cpp"
../src/buddy.cpp: In function ‘void do_case()’:
../src/buddy.cpp:53:93: warning: comparison between signed and unsigned integer expressions [-Wsign-compare]
  if (2 * matching_size(G,make_iterator_property_map(matemap.begin(),get(vertex_index,G)))!= n){
                                                                                             ^
Finished building: ../src/buddy.cpp
 
Building target: buddy
Invoking: Cross G++ Linker
g++  -o "buddy"  ./src/buddy.o   
Finished building target: buddy
 
19:22:41 **** Incremental Build of configuration Debug for project Ant ****
make all 
make: Nothing to be done for `all'.
19:22:41 **** Build of configuration Default for project CMakeFiles ****
make all 
make: *** No rule to make target `all'.  Stop.
19:22:41 **** Incremental Build of configuration Debug for project FirstStep ****
make all 
make: Nothing to be done for `all'.
19:22:41 **** Incremental Build of configuration Debug for project TheeV ****
make all 
Building file: ../src/TheeV.cpp
Invoking: Cross G++ Compiler
g++ -O0 -g3 -Wall -c -fmessage-length=0 -MMD -MP -MF"src/TheeV.d" -MT"src/TheeV.d" -o "src/TheeV.o" "../src/TheeV.cpp"
In file included from /usr/local/include/CGAL/user_classes.h:37:0,
                 from /usr/local/include/CGAL/Kernel/global_functions_2.h:33,
                 from /usr/local/include/CGAL/Kernel/global_functions.h:31,
                 from /usr/local/include/CGAL/Cartesian/Cartesian_base.h:30,
                 from /usr/local/include/CGAL/Simple_cartesian.h:28,
                 from /usr/local/include/CGAL/Exact_predicates_exact_constructions_kernel.h:28,
                 from ../src/TheeV.cpp:8:
/usr/local/include/CGAL/Circle_2.h: In instantiation of ‘class CGAL::Circle_2<CGAL::Min_circle_2_traits_2<CGAL::Epeck> >’:
../src/TheeV.cpp:25:14:   required from here
/usr/local/include/CGAL/Circle_2.h:38:7: error: no type named ‘Kernel_base’ in ‘class CGAL::Min_circle_2_traits_2<CGAL::Epeck>’
 class Circle_2 : public R_::Kernel_base::Circle_2
       ^
/usr/local/include/CGAL/Circle_2.h:40:46: error: no type named ‘FT’ in ‘class CGAL::Min_circle_2_traits_2<CGAL::Epeck>’
   typedef typename R_::FT                    FT;
                                              ^
/usr/local/include/CGAL/Circle_2.h:41:46: error: no type named ‘Point_2’ in ‘class CGAL::Min_circle_2_traits_2<CGAL::Epeck>’
   typedef typename R_::Point_2               Point_2;
                                              ^
/usr/local/include/CGAL/Circle_2.h:42:46: error: no type named ‘Kernel_base’ in ‘class CGAL::Min_circle_2_traits_2<CGAL::Epeck>’
   typedef typename R_::Kernel_base::Circle_2 RCircle_2;
                                              ^
/usr/local/include/CGAL/Circle_2.h:43:46: error: no type named ‘Aff_transformation_2’ in ‘class CGAL::Min_circle_2_traits_2<CGAL::Epeck>’
   typedef typename R_::Aff_transformation_2  Aff_transformation_2;
                                              ^
In file included from /usr/local/include/CGAL/assertions.h:36:0,
                 from /usr/local/include/CGAL/basic.h:42,
                 from /usr/local/include/CGAL/Cartesian/Cartesian_base.h:28,
                 from /usr/local/include/CGAL/Simple_cartesian.h:28,
                 from /usr/local/include/CGAL/Exact_predicates_exact_constructions_kernel.h:28,
                 from ../src/TheeV.cpp:8:
/usr/local/include/CGAL/Circle_2.h:46:3: error: no type named ‘Circle_2’ in ‘class CGAL::Min_circle_2_traits_2<CGAL::Epeck>’
   CGAL_static_assertion((boost::is_same<Self, typename R_::Circle_2>::value));
   ^
In file included from /usr/local/include/CGAL/user_classes.h:37:0,
                 from /usr/local/include/CGAL/Kernel/global_functions_2.h:33,
                 from /usr/local/include/CGAL/Kernel/global_functions.h:31,
                 from /usr/local/include/CGAL/Cartesian/Cartesian_base.h:30,
                 from /usr/local/include/CGAL/Simple_cartesian.h:28,
                 from /usr/local/include/CGAL/Exact_predicates_exact_constructions_kernel.h:28,
                 from ../src/TheeV.cpp:8:
/usr/local/include/CGAL/Circle_2.h:99:3: error: no type named ‘Construct_center_2’ in ‘class CGAL::Min_circle_2_traits_2<CGAL::Epeck>’
   center() const
   ^
/usr/local/include/CGAL/Circle_2.h:105:3: error: no type named ‘Compute_squared_radius_2’ in ‘class CGAL::Min_circle_2_traits_2<CGAL::Epeck>’
   squared_radius() const
   ^
/usr/local/include/CGAL/Circle_2.h:119:3: error: no type named ‘Bounded_side’ in ‘CGAL::Circle_2<CGAL::Min_circle_2_traits_2<CGAL::Epeck> >::R {aka class CGAL::Min_circle_2_traits_2<CGAL::Epeck>}’
   bounded_side(const Point_2 &p) const
   ^
/usr/local/include/CGAL/Circle_2.h:125:3: error: no type named ‘Oriented_side’ in ‘CGAL::Circle_2<CGAL::Min_circle_2_traits_2<CGAL::Epeck> >::R {aka class CGAL::Min_circle_2_traits_2<CGAL::Epeck>}’
   oriented_side(const Point_2 &p) const
   ^
/usr/local/include/CGAL/Circle_2.h:131:3: error: no type named ‘Boolean’ in ‘CGAL::Circle_2<CGAL::Min_circle_2_traits_2<CGAL::Epeck> >::R {aka class CGAL::Min_circle_2_traits_2<CGAL::Epeck>}’
   has_on_boundary(const Point_2 &p) const
   ^
/usr/local/include/CGAL/Circle_2.h:137:3: error: no type named ‘Boolean’ in ‘CGAL::Circle_2<CGAL::Min_circle_2_traits_2<CGAL::Epeck> >::R {aka class CGAL::Min_circle_2_traits_2<CGAL::Epeck>}’
   has_on_bounded_side(const Point_2 &p) const
   ^
/usr/local/include/CGAL/Circle_2.h:143:3: error: no type named ‘Boolean’ in ‘CGAL::Circle_2<CGAL::Min_circle_2_traits_2<CGAL::Epeck> >::R {aka class CGAL::Min_circle_2_traits_2<CGAL::Epeck>}’
   has_on_unbounded_side(const Point_2 &p) const
   ^
/usr/local/include/CGAL/Circle_2.h:149:3: error: no type named ‘Boolean’ in ‘CGAL::Circle_2<CGAL::Min_circle_2_traits_2<CGAL::Epeck> >::R {aka class CGAL::Min_circle_2_traits_2<CGAL::Epeck>}’
   has_on_negative_side(const Point_2 &p) const
   ^
/usr/local/include/CGAL/Circle_2.h:157:3: error: no type named ‘Boolean’ in ‘CGAL::Circle_2<CGAL::Min_circle_2_traits_2<CGAL::Epeck> >::R {aka class CGAL::Min_circle_2_traits_2<CGAL::Epeck>}’
   has_on_positive_side(const Point_2 &p) const
   ^
/usr/local/include/CGAL/Circle_2.h:165:3: error: no type named ‘Boolean’ in ‘CGAL::Circle_2<CGAL::Min_circle_2_traits_2<CGAL::Epeck> >::R {aka class CGAL::Min_circle_2_traits_2<CGAL::Epeck>}’
   is_degenerate() const
   ^
/usr/local/include/CGAL/Circle_2.h:186:3: error: no type named ‘Boolean’ in ‘CGAL::Circle_2<CGAL::Min_circle_2_traits_2<CGAL::Epeck> >::R {aka class CGAL::Min_circle_2_traits_2<CGAL::Epeck>}’
   operator==(const Circle_2 &c) const
   ^
/usr/local/include/CGAL/Circle_2.h:192:3: error: no type named ‘Boolean’ in ‘CGAL::Circle_2<CGAL::Min_circle_2_traits_2<CGAL::Epeck> >::R {aka class CGAL::Min_circle_2_traits_2<CGAL::Epeck>}’
   operator!=(const Circle_2 &c) const
   ^
/usr/local/include/CGAL/Circle_2.h:209:1: error: no type named ‘Aff_transformation_2’ in ‘class CGAL::Min_circle_2_traits_2<CGAL::Epeck>’
 Circle_2<R_>::
 ^
../src/TheeV.cpp: In function ‘bool covered(std::vector<CGAL::Point_2<CGAL::Epeck> >&, int)’:
../src/TheeV.cpp:25:32: error: no matching function for call to ‘CGAL::Circle_2<CGAL::Min_circle_2_traits_2<CGAL::Epeck> >::Circle_2(CGAL::Point_2<CGAL::Epeck>&, int&, bool)’
  Circle circ(v[0],r_square,true);
                                ^
../src/TheeV.cpp:25:32: note: candidates are:
In file included from /usr/local/include/CGAL/user_classes.h:37:0,
                 from /usr/local/include/CGAL/Kernel/global_functions_2.h:33,
                 from /usr/local/include/CGAL/Kernel/global_functions.h:31,
                 from /usr/local/include/CGAL/Cartesian/Cartesian_base.h:30,
                 from /usr/local/include/CGAL/Simple_cartesian.h:28,
                 from /usr/local/include/CGAL/Exact_predicates_exact_constructions_kernel.h:28,
                 from ../src/TheeV.cpp:8:
/usr/local/include/CGAL/Circle_2.h:67:3: note: CGAL::Circle_2<R_>::Circle_2() [with R_ = CGAL::Min_circle_2_traits_2<CGAL::Epeck>]
   Circle_2() {}
   ^
/usr/local/include/CGAL/Circle_2.h:67:3: note:   candidate expects 0 arguments, 3 provided
/usr/local/include/CGAL/Circle_2.h:38:7: note: CGAL::Circle_2<CGAL::Min_circle_2_traits_2<CGAL::Epeck> >::Circle_2(const CGAL::Circle_2<CGAL::Min_circle_2_traits_2<CGAL::Epeck> >&)
 class Circle_2 : public R_::Kernel_base::Circle_2
       ^
/usr/local/include/CGAL/Circle_2.h:38:7: note:   candidate expects 1 argument, 3 provided
../src/TheeV.cpp:26:29: warning: comparison between signed and unsigned integer expressions [-Wsign-compare]
  for (int i = 1; i < v.size(); i++){
                             ^
../src/TheeV.cpp:27:12: error: ‘Circle’ has no member named ‘has_on_unbounded_side’
   if (circ.has_on_unbounded_side(v[i])){
            ^
make: *** [src/TheeV.o] Error 1
19:22:44 **** Build of configuration Default for project antenna ****
make all 
[100%] Built target antenna
19:22:44 **** Incremental Build of configuration Debug for project bridge ****
make all 
make: Nothing to be done for `all'.
19:22:44 **** Incremental Build of configuration Debug for project buddy ****
make all 
make: Nothing to be done for `all'.
19:22:59 **** Incremental Build of configuration Debug for project Ant ****
make all 
make: Nothing to be done for `all'.
19:23:00 **** Incremental Build of configuration Default for project CMakeFiles ****
make all 
make: *** No rule to make target `all'.  Stop.
19:23:00 **** Incremental Build of configuration Debug for project FirstStep ****
make all 
make: Nothing to be done for `all'.
19:23:00 **** Incremental Build of configuration Debug for project TheeV ****
make all 
Building file: ../src/TheeV.cpp
Invoking: Cross G++ Compiler
g++ -O0 -g3 -Wall -c -fmessage-length=0 -MMD -MP -MF"src/TheeV.d" -MT"src/TheeV.d" -o "src/TheeV.o" "../src/TheeV.cpp"
In file included from /usr/local/include/CGAL/user_classes.h:37:0,
                 from /usr/local/include/CGAL/Kernel/global_functions_2.h:33,
                 from /usr/local/include/CGAL/Kernel/global_functions.h:31,
                 from /usr/local/include/CGAL/Cartesian/Cartesian_base.h:30,
                 from /usr/local/include/CGAL/Simple_cartesian.h:28,
                 from /usr/local/include/CGAL/Exact_predicates_exact_constructions_kernel.h:28,
                 from ../src/TheeV.cpp:8:
/usr/local/include/CGAL/Circle_2.h: In instantiation of ‘class CGAL::Circle_2<CGAL::Min_circle_2_traits_2<CGAL::Epeck> >’:
../src/TheeV.cpp:25:14:   required from here
/usr/local/include/CGAL/Circle_2.h:38:7: error: no type named ‘Kernel_base’ in ‘class CGAL::Min_circle_2_traits_2<CGAL::Epeck>’
 class Circle_2 : public R_::Kernel_base::Circle_2
       ^
/usr/local/include/CGAL/Circle_2.h:40:46: error: no type named ‘FT’ in ‘class CGAL::Min_circle_2_traits_2<CGAL::Epeck>’
   typedef typename R_::FT                    FT;
                                              ^
/usr/local/include/CGAL/Circle_2.h:41:46: error: no type named ‘Point_2’ in ‘class CGAL::Min_circle_2_traits_2<CGAL::Epeck>’
   typedef typename R_::Point_2               Point_2;
                                              ^
/usr/local/include/CGAL/Circle_2.h:42:46: error: no type named ‘Kernel_base’ in ‘class CGAL::Min_circle_2_traits_2<CGAL::Epeck>’
   typedef typename R_::Kernel_base::Circle_2 RCircle_2;
                                              ^
/usr/local/include/CGAL/Circle_2.h:43:46: error: no type named ‘Aff_transformation_2’ in ‘class CGAL::Min_circle_2_traits_2<CGAL::Epeck>’
   typedef typename R_::Aff_transformation_2  Aff_transformation_2;
                                              ^
In file included from /usr/local/include/CGAL/assertions.h:36:0,
                 from /usr/local/include/CGAL/basic.h:42,
                 from /usr/local/include/CGAL/Cartesian/Cartesian_base.h:28,
                 from /usr/local/include/CGAL/Simple_cartesian.h:28,
                 from /usr/local/include/CGAL/Exact_predicates_exact_constructions_kernel.h:28,
                 from ../src/TheeV.cpp:8:
/usr/local/include/CGAL/Circle_2.h:46:3: error: no type named ‘Circle_2’ in ‘class CGAL::Min_circle_2_traits_2<CGAL::Epeck>’
   CGAL_static_assertion((boost::is_same<Self, typename R_::Circle_2>::value));
   ^
In file included from /usr/local/include/CGAL/user_classes.h:37:0,
                 from /usr/local/include/CGAL/Kernel/global_functions_2.h:33,
                 from /usr/local/include/CGAL/Kernel/global_functions.h:31,
                 from /usr/local/include/CGAL/Cartesian/Cartesian_base.h:30,
                 from /usr/local/include/CGAL/Simple_cartesian.h:28,
                 from /usr/local/include/CGAL/Exact_predicates_exact_constructions_kernel.h:28,
                 from ../src/TheeV.cpp:8:
/usr/local/include/CGAL/Circle_2.h:99:3: error: no type named ‘Construct_center_2’ in ‘class CGAL::Min_circle_2_traits_2<CGAL::Epeck>’
   center() const
   ^
/usr/local/include/CGAL/Circle_2.h:105:3: error: no type named ‘Compute_squared_radius_2’ in ‘class CGAL::Min_circle_2_traits_2<CGAL::Epeck>’
   squared_radius() const
   ^
/usr/local/include/CGAL/Circle_2.h:119:3: error: no type named ‘Bounded_side’ in ‘CGAL::Circle_2<CGAL::Min_circle_2_traits_2<CGAL::Epeck> >::R {aka class CGAL::Min_circle_2_traits_2<CGAL::Epeck>}’
   bounded_side(const Point_2 &p) const
   ^
/usr/local/include/CGAL/Circle_2.h:125:3: error: no type named ‘Oriented_side’ in ‘CGAL::Circle_2<CGAL::Min_circle_2_traits_2<CGAL::Epeck> >::R {aka class CGAL::Min_circle_2_traits_2<CGAL::Epeck>}’
   oriented_side(const Point_2 &p) const
   ^
/usr/local/include/CGAL/Circle_2.h:131:3: error: no type named ‘Boolean’ in ‘CGAL::Circle_2<CGAL::Min_circle_2_traits_2<CGAL::Epeck> >::R {aka class CGAL::Min_circle_2_traits_2<CGAL::Epeck>}’
   has_on_boundary(const Point_2 &p) const
   ^
/usr/local/include/CGAL/Circle_2.h:137:3: error: no type named ‘Boolean’ in ‘CGAL::Circle_2<CGAL::Min_circle_2_traits_2<CGAL::Epeck> >::R {aka class CGAL::Min_circle_2_traits_2<CGAL::Epeck>}’
   has_on_bounded_side(const Point_2 &p) const
   ^
/usr/local/include/CGAL/Circle_2.h:143:3: error: no type named ‘Boolean’ in ‘CGAL::Circle_2<CGAL::Min_circle_2_traits_2<CGAL::Epeck> >::R {aka class CGAL::Min_circle_2_traits_2<CGAL::Epeck>}’
   has_on_unbounded_side(const Point_2 &p) const
   ^
/usr/local/include/CGAL/Circle_2.h:149:3: error: no type named ‘Boolean’ in ‘CGAL::Circle_2<CGAL::Min_circle_2_traits_2<CGAL::Epeck> >::R {aka class CGAL::Min_circle_2_traits_2<CGAL::Epeck>}’
   has_on_negative_side(const Point_2 &p) const
   ^
/usr/local/include/CGAL/Circle_2.h:157:3: error: no type named ‘Boolean’ in ‘CGAL::Circle_2<CGAL::Min_circle_2_traits_2<CGAL::Epeck> >::R {aka class CGAL::Min_circle_2_traits_2<CGAL::Epeck>}’
   has_on_positive_side(const Point_2 &p) const
   ^
/usr/local/include/CGAL/Circle_2.h:165:3: error: no type named ‘Boolean’ in ‘CGAL::Circle_2<CGAL::Min_circle_2_traits_2<CGAL::Epeck> >::R {aka class CGAL::Min_circle_2_traits_2<CGAL::Epeck>}’
   is_degenerate() const
   ^
/usr/local/include/CGAL/Circle_2.h:186:3: error: no type named ‘Boolean’ in ‘CGAL::Circle_2<CGAL::Min_circle_2_traits_2<CGAL::Epeck> >::R {aka class CGAL::Min_circle_2_traits_2<CGAL::Epeck>}’
   operator==(const Circle_2 &c) const
   ^
/usr/local/include/CGAL/Circle_2.h:192:3: error: no type named ‘Boolean’ in ‘CGAL::Circle_2<CGAL::Min_circle_2_traits_2<CGAL::Epeck> >::R {aka class CGAL::Min_circle_2_traits_2<CGAL::Epeck>}’
   operator!=(const Circle_2 &c) const
   ^
/usr/local/include/CGAL/Circle_2.h:209:1: error: no type named ‘Aff_transformation_2’ in ‘class CGAL::Min_circle_2_traits_2<CGAL::Epeck>’
 Circle_2<R_>::
 ^
../src/TheeV.cpp: In function ‘bool covered(std::vector<CGAL::Point_2<CGAL::Epeck> >&, int)’:
../src/TheeV.cpp:25:32: error: no matching function for call to ‘CGAL::Circle_2<CGAL::Min_circle_2_traits_2<CGAL::Epeck> >::Circle_2(CGAL::Point_2<CGAL::Epeck>&, int&, bool)’
  Circle circ(v[0],r_square,true);
                                ^
../src/TheeV.cpp:25:32: note: candidates are:
In file included from /usr/local/include/CGAL/user_classes.h:37:0,
                 from /usr/local/include/CGAL/Kernel/global_functions_2.h:33,
                 from /usr/local/include/CGAL/Kernel/global_functions.h:31,
                 from /usr/local/include/CGAL/Cartesian/Cartesian_base.h:30,
                 from /usr/local/include/CGAL/Simple_cartesian.h:28,
                 from /usr/local/include/CGAL/Exact_predicates_exact_constructions_kernel.h:28,
                 from ../src/TheeV.cpp:8:
/usr/local/include/CGAL/Circle_2.h:67:3: note: CGAL::Circle_2<R_>::Circle_2() [with R_ = CGAL::Min_circle_2_traits_2<CGAL::Epeck>]
   Circle_2() {}
   ^
/usr/local/include/CGAL/Circle_2.h:67:3: note:   candidate expects 0 arguments, 3 provided
/usr/local/include/CGAL/Circle_2.h:38:7: note: CGAL::Circle_2<CGAL::Min_circle_2_traits_2<CGAL::Epeck> >::Circle_2(const CGAL::Circle_2<CGAL::Min_circle_2_traits_2<CGAL::Epeck> >&)
 class Circle_2 : public R_::Kernel_base::Circle_2
       ^
/usr/local/include/CGAL/Circle_2.h:38:7: note:   candidate expects 1 argument, 3 provided
../src/TheeV.cpp:26:29: warning: comparison between signed and unsigned integer expressions [-Wsign-compare]
  for (int i = 1; i < v.size(); i++){
                             ^
../src/TheeV.cpp:27:12: error: ‘Circle’ has no member named ‘has_on_unbounded_side’
   if (circ.has_on_unbounded_side(v[i])){
            ^
make: *** [src/TheeV.o] Error 1
19:23:02 **** Incremental Build of configuration Default for project antenna ****
make all 
[100%] Built target antenna
19:23:03 **** Incremental Build of configuration Debug for project bridge ****
make all 
make: Nothing to be done for `all'.
19:23:03 **** Incremental Build of configuration Debug for project buddy ****
make all 
make: Nothing to be done for `all'.
19:23:23 **** Incremental Build of configuration Debug for project Ant ****
make all 
make: Nothing to be done for `all'.
19:23:23 **** Incremental Build of configuration Debug for project FirstStep ****
make all 
make: Nothing to be done for `all'.
19:23:24 **** Incremental Build of configuration Debug for project TheeV ****
make all 
Building file: ../src/TheeV.cpp
Invoking: Cross G++ Compiler
g++ -O0 -g3 -Wall -c -fmessage-length=0 -MMD -MP -MF"src/TheeV.d" -MT"src/TheeV.d" -o "src/TheeV.o" "../src/TheeV.cpp"
In file included from /usr/local/include/CGAL/user_classes.h:37:0,
                 from /usr/local/include/CGAL/Kernel/global_functions_2.h:33,
                 from /usr/local/include/CGAL/Kernel/global_functions.h:31,
                 from /usr/local/include/CGAL/Cartesian/Cartesian_base.h:30,
                 from /usr/local/include/CGAL/Simple_cartesian.h:28,
                 from /usr/local/include/CGAL/Exact_predicates_exact_constructions_kernel.h:28,
                 from ../src/TheeV.cpp:8:
/usr/local/include/CGAL/Circle_2.h: In instantiation of ‘class CGAL::Circle_2<CGAL::Min_circle_2_traits_2<CGAL::Epeck> >’:
../src/TheeV.cpp:25:14:   required from here
/usr/local/include/CGAL/Circle_2.h:38:7: error: no type named ‘Kernel_base’ in ‘class CGAL::Min_circle_2_traits_2<CGAL::Epeck>’
 class Circle_2 : public R_::Kernel_base::Circle_2
       ^
/usr/local/include/CGAL/Circle_2.h:40:46: error: no type named ‘FT’ in ‘class CGAL::Min_circle_2_traits_2<CGAL::Epeck>’
   typedef typename R_::FT                    FT;
                                              ^
/usr/local/include/CGAL/Circle_2.h:41:46: error: no type named ‘Point_2’ in ‘class CGAL::Min_circle_2_traits_2<CGAL::Epeck>’
   typedef typename R_::Point_2               Point_2;
                                              ^
/usr/local/include/CGAL/Circle_2.h:42:46: error: no type named ‘Kernel_base’ in ‘class CGAL::Min_circle_2_traits_2<CGAL::Epeck>’
   typedef typename R_::Kernel_base::Circle_2 RCircle_2;
                                              ^
/usr/local/include/CGAL/Circle_2.h:43:46: error: no type named ‘Aff_transformation_2’ in ‘class CGAL::Min_circle_2_traits_2<CGAL::Epeck>’
   typedef typename R_::Aff_transformation_2  Aff_transformation_2;
                                              ^
In file included from /usr/local/include/CGAL/assertions.h:36:0,
                 from /usr/local/include/CGAL/basic.h:42,
                 from /usr/local/include/CGAL/Cartesian/Cartesian_base.h:28,
                 from /usr/local/include/CGAL/Simple_cartesian.h:28,
                 from /usr/local/include/CGAL/Exact_predicates_exact_constructions_kernel.h:28,
                 from ../src/TheeV.cpp:8:
/usr/local/include/CGAL/Circle_2.h:46:3: error: no type named ‘Circle_2’ in ‘class CGAL::Min_circle_2_traits_2<CGAL::Epeck>’
   CGAL_static_assertion((boost::is_same<Self, typename R_::Circle_2>::value));
   ^
In file included from /usr/local/include/CGAL/user_classes.h:37:0,
                 from /usr/local/include/CGAL/Kernel/global_functions_2.h:33,
                 from /usr/local/include/CGAL/Kernel/global_functions.h:31,
                 from /usr/local/include/CGAL/Cartesian/Cartesian_base.h:30,
                 from /usr/local/include/CGAL/Simple_cartesian.h:28,
                 from /usr/local/include/CGAL/Exact_predicates_exact_constructions_kernel.h:28,
                 from ../src/TheeV.cpp:8:
/usr/local/include/CGAL/Circle_2.h:99:3: error: no type named ‘Construct_center_2’ in ‘class CGAL::Min_circle_2_traits_2<CGAL::Epeck>’
   center() const
   ^
/usr/local/include/CGAL/Circle_2.h:105:3: error: no type named ‘Compute_squared_radius_2’ in ‘class CGAL::Min_circle_2_traits_2<CGAL::Epeck>’
   squared_radius() const
   ^
/usr/local/include/CGAL/Circle_2.h:119:3: error: no type named ‘Bounded_side’ in ‘CGAL::Circle_2<CGAL::Min_circle_2_traits_2<CGAL::Epeck> >::R {aka class CGAL::Min_circle_2_traits_2<CGAL::Epeck>}’
   bounded_side(const Point_2 &p) const
   ^
/usr/local/include/CGAL/Circle_2.h:125:3: error: no type named ‘Oriented_side’ in ‘CGAL::Circle_2<CGAL::Min_circle_2_traits_2<CGAL::Epeck> >::R {aka class CGAL::Min_circle_2_traits_2<CGAL::Epeck>}’
   oriented_side(const Point_2 &p) const
   ^
/usr/local/include/CGAL/Circle_2.h:131:3: error: no type named ‘Boolean’ in ‘CGAL::Circle_2<CGAL::Min_circle_2_traits_2<CGAL::Epeck> >::R {aka class CGAL::Min_circle_2_traits_2<CGAL::Epeck>}’
   has_on_boundary(const Point_2 &p) const
   ^
/usr/local/include/CGAL/Circle_2.h:137:3: error: no type named ‘Boolean’ in ‘CGAL::Circle_2<CGAL::Min_circle_2_traits_2<CGAL::Epeck> >::R {aka class CGAL::Min_circle_2_traits_2<CGAL::Epeck>}’
   has_on_bounded_side(const Point_2 &p) const
   ^
/usr/local/include/CGAL/Circle_2.h:143:3: error: no type named ‘Boolean’ in ‘CGAL::Circle_2<CGAL::Min_circle_2_traits_2<CGAL::Epeck> >::R {aka class CGAL::Min_circle_2_traits_2<CGAL::Epeck>}’
   has_on_unbounded_side(const Point_2 &p) const
   ^
/usr/local/include/CGAL/Circle_2.h:149:3: error: no type named ‘Boolean’ in ‘CGAL::Circle_2<CGAL::Min_circle_2_traits_2<CGAL::Epeck> >::R {aka class CGAL::Min_circle_2_traits_2<CGAL::Epeck>}’
   has_on_negative_side(const Point_2 &p) const
   ^
/usr/local/include/CGAL/Circle_2.h:157:3: error: no type named ‘Boolean’ in ‘CGAL::Circle_2<CGAL::Min_circle_2_traits_2<CGAL::Epeck> >::R {aka class CGAL::Min_circle_2_traits_2<CGAL::Epeck>}’
   has_on_positive_side(const Point_2 &p) const
   ^
/usr/local/include/CGAL/Circle_2.h:165:3: error: no type named ‘Boolean’ in ‘CGAL::Circle_2<CGAL::Min_circle_2_traits_2<CGAL::Epeck> >::R {aka class CGAL::Min_circle_2_traits_2<CGAL::Epeck>}’
   is_degenerate() const
   ^
/usr/local/include/CGAL/Circle_2.h:186:3: error: no type named ‘Boolean’ in ‘CGAL::Circle_2<CGAL::Min_circle_2_traits_2<CGAL::Epeck> >::R {aka class CGAL::Min_circle_2_traits_2<CGAL::Epeck>}’
   operator==(const Circle_2 &c) const
   ^
/usr/local/include/CGAL/Circle_2.h:192:3: error: no type named ‘Boolean’ in ‘CGAL::Circle_2<CGAL::Min_circle_2_traits_2<CGAL::Epeck> >::R {aka class CGAL::Min_circle_2_traits_2<CGAL::Epeck>}’
   operator!=(const Circle_2 &c) const
   ^
/usr/local/include/CGAL/Circle_2.h:209:1: error: no type named ‘Aff_transformation_2’ in ‘class CGAL::Min_circle_2_traits_2<CGAL::Epeck>’
 Circle_2<R_>::
 ^
../src/TheeV.cpp: In function ‘bool covered(std::vector<CGAL::Point_2<CGAL::Epeck> >&, int)’:
../src/TheeV.cpp:25:32: error: no matching function for call to ‘CGAL::Circle_2<CGAL::Min_circle_2_traits_2<CGAL::Epeck> >::Circle_2(CGAL::Point_2<CGAL::Epeck>&, int&, bool)’
  Circle circ(v[0],r_square,true);
                                ^
../src/TheeV.cpp:25:32: note: candidates are:
In file included from /usr/local/include/CGAL/user_classes.h:37:0,
                 from /usr/local/include/CGAL/Kernel/global_functions_2.h:33,
                 from /usr/local/include/CGAL/Kernel/global_functions.h:31,
                 from /usr/local/include/CGAL/Cartesian/Cartesian_base.h:30,
                 from /usr/local/include/CGAL/Simple_cartesian.h:28,
                 from /usr/local/include/CGAL/Exact_predicates_exact_constructions_kernel.h:28,
                 from ../src/TheeV.cpp:8:
/usr/local/include/CGAL/Circle_2.h:67:3: note: CGAL::Circle_2<R_>::Circle_2() [with R_ = CGAL::Min_circle_2_traits_2<CGAL::Epeck>]
   Circle_2() {}
   ^
/usr/local/include/CGAL/Circle_2.h:67:3: note:   candidate expects 0 arguments, 3 provided
/usr/local/include/CGAL/Circle_2.h:38:7: note: CGAL::Circle_2<CGAL::Min_circle_2_traits_2<CGAL::Epeck> >::Circle_2(const CGAL::Circle_2<CGAL::Min_circle_2_traits_2<CGAL::Epeck> >&)
 class Circle_2 : public R_::Kernel_base::Circle_2
       ^
/usr/local/include/CGAL/Circle_2.h:38:7: note:   candidate expects 1 argument, 3 provided
../src/TheeV.cpp:26:29: warning: comparison between signed and unsigned integer expressions [-Wsign-compare]
  for (int i = 1; i < v.size(); i++){
                             ^
../src/TheeV.cpp:27:12: error: ‘Circle’ has no member named ‘has_on_unbounded_side’
   if (circ.has_on_unbounded_side(v[i])){
            ^
make: *** [src/TheeV.o] Error 1
19:23:26 **** Incremental Build of configuration Debug for project bridge ****
make all 
make: Nothing to be done for `all'.
19:23:26 **** Incremental Build of configuration Debug for project buddy ****
make all 
make: Nothing to be done for `all'.
19:32:09 **** Incremental Build of configuration Debug for project Ant ****
make all 
make: Nothing to be done for `all'.
19:32:09 **** Incremental Build of configuration Debug for project FirstStep ****
make all 
make: Nothing to be done for `all'.
19:32:10 **** Incremental Build of configuration Debug for project TheeV ****
make all 
Building file: ../src/TheeV.cpp
Invoking: Cross G++ Compiler
g++ -O0 -g3 -Wall -c -fmessage-length=0 -MMD -MP -MF"src/TheeV.d" -MT"src/TheeV.d" -o "src/TheeV.o" "../src/TheeV.cpp"
In file included from /usr/local/include/CGAL/user_classes.h:37:0,
                 from /usr/local/include/CGAL/Kernel/global_functions_2.h:33,
                 from /usr/local/include/CGAL/Kernel/global_functions.h:31,
                 from /usr/local/include/CGAL/Cartesian/Cartesian_base.h:30,
                 from /usr/local/include/CGAL/Simple_cartesian.h:28,
                 from /usr/local/include/CGAL/Exact_predicates_exact_constructions_kernel.h:28,
                 from ../src/TheeV.cpp:8:
/usr/local/include/CGAL/Circle_2.h: In instantiation of ‘class CGAL::Circle_2<CGAL::Min_circle_2_traits_2<CGAL::Epeck> >’:
../src/TheeV.cpp:28:14:   required from here
/usr/local/include/CGAL/Circle_2.h:38:7: error: no type named ‘Kernel_base’ in ‘class CGAL::Min_circle_2_traits_2<CGAL::Epeck>’
 class Circle_2 : public R_::Kernel_base::Circle_2
       ^
/usr/local/include/CGAL/Circle_2.h:40:46: error: no type named ‘FT’ in ‘class CGAL::Min_circle_2_traits_2<CGAL::Epeck>’
   typedef typename R_::FT                    FT;
                                              ^
/usr/local/include/CGAL/Circle_2.h:41:46: error: no type named ‘Point_2’ in ‘class CGAL::Min_circle_2_traits_2<CGAL::Epeck>’
   typedef typename R_::Point_2               Point_2;
                                              ^
/usr/local/include/CGAL/Circle_2.h:42:46: error: no type named ‘Kernel_base’ in ‘class CGAL::Min_circle_2_traits_2<CGAL::Epeck>’
   typedef typename R_::Kernel_base::Circle_2 RCircle_2;
                                              ^
/usr/local/include/CGAL/Circle_2.h:43:46: error: no type named ‘Aff_transformation_2’ in ‘class CGAL::Min_circle_2_traits_2<CGAL::Epeck>’
   typedef typename R_::Aff_transformation_2  Aff_transformation_2;
                                              ^
In file included from /usr/local/include/CGAL/assertions.h:36:0,
                 from /usr/local/include/CGAL/basic.h:42,
                 from /usr/local/include/CGAL/Cartesian/Cartesian_base.h:28,
                 from /usr/local/include/CGAL/Simple_cartesian.h:28,
                 from /usr/local/include/CGAL/Exact_predicates_exact_constructions_kernel.h:28,
                 from ../src/TheeV.cpp:8:
/usr/local/include/CGAL/Circle_2.h:46:3: error: no type named ‘Circle_2’ in ‘class CGAL::Min_circle_2_traits_2<CGAL::Epeck>’
   CGAL_static_assertion((boost::is_same<Self, typename R_::Circle_2>::value));
   ^
In file included from /usr/local/include/CGAL/user_classes.h:37:0,
                 from /usr/local/include/CGAL/Kernel/global_functions_2.h:33,
                 from /usr/local/include/CGAL/Kernel/global_functions.h:31,
                 from /usr/local/include/CGAL/Cartesian/Cartesian_base.h:30,
                 from /usr/local/include/CGAL/Simple_cartesian.h:28,
                 from /usr/local/include/CGAL/Exact_predicates_exact_constructions_kernel.h:28,
                 from ../src/TheeV.cpp:8:
/usr/local/include/CGAL/Circle_2.h:99:3: error: no type named ‘Construct_center_2’ in ‘class CGAL::Min_circle_2_traits_2<CGAL::Epeck>’
   center() const
   ^
/usr/local/include/CGAL/Circle_2.h:105:3: error: no type named ‘Compute_squared_radius_2’ in ‘class CGAL::Min_circle_2_traits_2<CGAL::Epeck>’
   squared_radius() const
   ^
/usr/local/include/CGAL/Circle_2.h:119:3: error: no type named ‘Bounded_side’ in ‘CGAL::Circle_2<CGAL::Min_circle_2_traits_2<CGAL::Epeck> >::R {aka class CGAL::Min_circle_2_traits_2<CGAL::Epeck>}’
   bounded_side(const Point_2 &p) const
   ^
/usr/local/include/CGAL/Circle_2.h:125:3: error: no type named ‘Oriented_side’ in ‘CGAL::Circle_2<CGAL::Min_circle_2_traits_2<CGAL::Epeck> >::R {aka class CGAL::Min_circle_2_traits_2<CGAL::Epeck>}’
   oriented_side(const Point_2 &p) const
   ^
/usr/local/include/CGAL/Circle_2.h:131:3: error: no type named ‘Boolean’ in ‘CGAL::Circle_2<CGAL::Min_circle_2_traits_2<CGAL::Epeck> >::R {aka class CGAL::Min_circle_2_traits_2<CGAL::Epeck>}’
   has_on_boundary(const Point_2 &p) const
   ^
/usr/local/include/CGAL/Circle_2.h:137:3: error: no type named ‘Boolean’ in ‘CGAL::Circle_2<CGAL::Min_circle_2_traits_2<CGAL::Epeck> >::R {aka class CGAL::Min_circle_2_traits_2<CGAL::Epeck>}’
   has_on_bounded_side(const Point_2 &p) const
   ^
/usr/local/include/CGAL/Circle_2.h:143:3: error: no type named ‘Boolean’ in ‘CGAL::Circle_2<CGAL::Min_circle_2_traits_2<CGAL::Epeck> >::R {aka class CGAL::Min_circle_2_traits_2<CGAL::Epeck>}’
   has_on_unbounded_side(const Point_2 &p) const
   ^
/usr/local/include/CGAL/Circle_2.h:149:3: error: no type named ‘Boolean’ in ‘CGAL::Circle_2<CGAL::Min_circle_2_traits_2<CGAL::Epeck> >::R {aka class CGAL::Min_circle_2_traits_2<CGAL::Epeck>}’
   has_on_negative_side(const Point_2 &p) const
   ^
/usr/local/include/CGAL/Circle_2.h:157:3: error: no type named ‘Boolean’ in ‘CGAL::Circle_2<CGAL::Min_circle_2_traits_2<CGAL::Epeck> >::R {aka class CGAL::Min_circle_2_traits_2<CGAL::Epeck>}’
   has_on_positive_side(const Point_2 &p) const
   ^
/usr/local/include/CGAL/Circle_2.h:165:3: error: no type named ‘Boolean’ in ‘CGAL::Circle_2<CGAL::Min_circle_2_traits_2<CGAL::Epeck> >::R {aka class CGAL::Min_circle_2_traits_2<CGAL::Epeck>}’
   is_degenerate() const
   ^
/usr/local/include/CGAL/Circle_2.h:186:3: error: no type named ‘Boolean’ in ‘CGAL::Circle_2<CGAL::Min_circle_2_traits_2<CGAL::Epeck> >::R {aka class CGAL::Min_circle_2_traits_2<CGAL::Epeck>}’
   operator==(const Circle_2 &c) const
   ^
/usr/local/include/CGAL/Circle_2.h:192:3: error: no type named ‘Boolean’ in ‘CGAL::Circle_2<CGAL::Min_circle_2_traits_2<CGAL::Epeck> >::R {aka class CGAL::Min_circle_2_traits_2<CGAL::Epeck>}’
   operator!=(const Circle_2 &c) const
   ^
/usr/local/include/CGAL/Circle_2.h:209:1: error: no type named ‘Aff_transformation_2’ in ‘class CGAL::Min_circle_2_traits_2<CGAL::Epeck>’
 Circle_2<R_>::
 ^
../src/TheeV.cpp: In function ‘bool covered(std::vector<CGAL::Point_2<CGAL::Epeck> >&, int)’:
../src/TheeV.cpp:28:32: error: no matching function for call to ‘CGAL::Circle_2<CGAL::Min_circle_2_traits_2<CGAL::Epeck> >::Circle_2(CGAL::Point_2<CGAL::Epeck>&, int&, bool)’
  Circle circ(v[0],r_square,true);
                                ^
../src/TheeV.cpp:28:32: note: candidates are:
In file included from /usr/local/include/CGAL/user_classes.h:37:0,
                 from /usr/local/include/CGAL/Kernel/global_functions_2.h:33,
                 from /usr/local/include/CGAL/Kernel/global_functions.h:31,
                 from /usr/local/include/CGAL/Cartesian/Cartesian_base.h:30,
                 from /usr/local/include/CGAL/Simple_cartesian.h:28,
                 from /usr/local/include/CGAL/Exact_predicates_exact_constructions_kernel.h:28,
                 from ../src/TheeV.cpp:8:
/usr/local/include/CGAL/Circle_2.h:67:3: note: CGAL::Circle_2<R_>::Circle_2() [with R_ = CGAL::Min_circle_2_traits_2<CGAL::Epeck>]
   Circle_2() {}
   ^
/usr/local/include/CGAL/Circle_2.h:67:3: note:   candidate expects 0 arguments, 3 provided
/usr/local/include/CGAL/Circle_2.h:38:7: note: CGAL::Circle_2<CGAL::Min_circle_2_traits_2<CGAL::Epeck> >::Circle_2(const CGAL::Circle_2<CGAL::Min_circle_2_traits_2<CGAL::Epeck> >&)
 class Circle_2 : public R_::Kernel_base::Circle_2
       ^
/usr/local/include/CGAL/Circle_2.h:38:7: note:   candidate expects 1 argument, 3 provided
../src/TheeV.cpp:29:29: warning: comparison between signed and unsigned integer expressions [-Wsign-compare]
  for (int i = 1; i < v.size(); i++){
                             ^
../src/TheeV.cpp:30:12: error: ‘Circle’ has no member named ‘has_on_unbounded_side’
   if (circ.has_on_unbounded_side(v[i])){
            ^
make: *** [src/TheeV.o] Error 1
19:32:12 **** Incremental Build of configuration Debug for project bridge ****
make all 
make: Nothing to be done for `all'.
19:32:12 **** Incremental Build of configuration Debug for project buddy ****
make all 
make: Nothing to be done for `all'.
19:32:18 **** Incremental Build of configuration Debug for project Ant ****
make all 
make: Nothing to be done for `all'.
19:32:19 **** Incremental Build of configuration Debug for project FirstStep ****
make all 
make: Nothing to be done for `all'.
19:32:19 **** Incremental Build of configuration Debug for project TheeV ****
make all 
Building file: ../src/TheeV.cpp
Invoking: Cross G++ Compiler
g++ -O0 -g3 -Wall -c -fmessage-length=0 -MMD -MP -MF"src/TheeV.d" -MT"src/TheeV.d" -o "src/TheeV.o" "../src/TheeV.cpp"
In file included from /usr/local/include/CGAL/user_classes.h:37:0,
                 from /usr/local/include/CGAL/Kernel/global_functions_2.h:33,
                 from /usr/local/include/CGAL/Kernel/global_functions.h:31,
                 from /usr/local/include/CGAL/Cartesian/Cartesian_base.h:30,
                 from /usr/local/include/CGAL/Simple_cartesian.h:28,
                 from /usr/local/include/CGAL/Exact_predicates_exact_constructions_kernel.h:28,
                 from ../src/TheeV.cpp:8:
/usr/local/include/CGAL/Circle_2.h: In instantiation of ‘class CGAL::Circle_2<CGAL::Min_circle_2_traits_2<CGAL::Epeck> >’:
../src/TheeV.cpp:28:14:   required from here
/usr/local/include/CGAL/Circle_2.h:38:7: error: no type named ‘Kernel_base’ in ‘class CGAL::Min_circle_2_traits_2<CGAL::Epeck>’
 class Circle_2 : public R_::Kernel_base::Circle_2
       ^
/usr/local/include/CGAL/Circle_2.h:40:46: error: no type named ‘FT’ in ‘class CGAL::Min_circle_2_traits_2<CGAL::Epeck>’
   typedef typename R_::FT                    FT;
                                              ^
/usr/local/include/CGAL/Circle_2.h:41:46: error: no type named ‘Point_2’ in ‘class CGAL::Min_circle_2_traits_2<CGAL::Epeck>’
   typedef typename R_::Point_2               Point_2;
                                              ^
/usr/local/include/CGAL/Circle_2.h:42:46: error: no type named ‘Kernel_base’ in ‘class CGAL::Min_circle_2_traits_2<CGAL::Epeck>’
   typedef typename R_::Kernel_base::Circle_2 RCircle_2;
                                              ^
/usr/local/include/CGAL/Circle_2.h:43:46: error: no type named ‘Aff_transformation_2’ in ‘class CGAL::Min_circle_2_traits_2<CGAL::Epeck>’
   typedef typename R_::Aff_transformation_2  Aff_transformation_2;
                                              ^
In file included from /usr/local/include/CGAL/assertions.h:36:0,
                 from /usr/local/include/CGAL/basic.h:42,
                 from /usr/local/include/CGAL/Cartesian/Cartesian_base.h:28,
                 from /usr/local/include/CGAL/Simple_cartesian.h:28,
                 from /usr/local/include/CGAL/Exact_predicates_exact_constructions_kernel.h:28,
                 from ../src/TheeV.cpp:8:
/usr/local/include/CGAL/Circle_2.h:46:3: error: no type named ‘Circle_2’ in ‘class CGAL::Min_circle_2_traits_2<CGAL::Epeck>’
   CGAL_static_assertion((boost::is_same<Self, typename R_::Circle_2>::value));
   ^
In file included from /usr/local/include/CGAL/user_classes.h:37:0,
                 from /usr/local/include/CGAL/Kernel/global_functions_2.h:33,
                 from /usr/local/include/CGAL/Kernel/global_functions.h:31,
                 from /usr/local/include/CGAL/Cartesian/Cartesian_base.h:30,
                 from /usr/local/include/CGAL/Simple_cartesian.h:28,
                 from /usr/local/include/CGAL/Exact_predicates_exact_constructions_kernel.h:28,
                 from ../src/TheeV.cpp:8:
/usr/local/include/CGAL/Circle_2.h:99:3: error: no type named ‘Construct_center_2’ in ‘class CGAL::Min_circle_2_traits_2<CGAL::Epeck>’
   center() const
   ^
/usr/local/include/CGAL/Circle_2.h:105:3: error: no type named ‘Compute_squared_radius_2’ in ‘class CGAL::Min_circle_2_traits_2<CGAL::Epeck>’
   squared_radius() const
   ^
/usr/local/include/CGAL/Circle_2.h:119:3: error: no type named ‘Bounded_side’ in ‘CGAL::Circle_2<CGAL::Min_circle_2_traits_2<CGAL::Epeck> >::R {aka class CGAL::Min_circle_2_traits_2<CGAL::Epeck>}’
   bounded_side(const Point_2 &p) const
   ^
/usr/local/include/CGAL/Circle_2.h:125:3: error: no type named ‘Oriented_side’ in ‘CGAL::Circle_2<CGAL::Min_circle_2_traits_2<CGAL::Epeck> >::R {aka class CGAL::Min_circle_2_traits_2<CGAL::Epeck>}’
   oriented_side(const Point_2 &p) const
   ^
/usr/local/include/CGAL/Circle_2.h:131:3: error: no type named ‘Boolean’ in ‘CGAL::Circle_2<CGAL::Min_circle_2_traits_2<CGAL::Epeck> >::R {aka class CGAL::Min_circle_2_traits_2<CGAL::Epeck>}’
   has_on_boundary(const Point_2 &p) const
   ^
/usr/local/include/CGAL/Circle_2.h:137:3: error: no type named ‘Boolean’ in ‘CGAL::Circle_2<CGAL::Min_circle_2_traits_2<CGAL::Epeck> >::R {aka class CGAL::Min_circle_2_traits_2<CGAL::Epeck>}’
   has_on_bounded_side(const Point_2 &p) const
   ^
/usr/local/include/CGAL/Circle_2.h:143:3: error: no type named ‘Boolean’ in ‘CGAL::Circle_2<CGAL::Min_circle_2_traits_2<CGAL::Epeck> >::R {aka class CGAL::Min_circle_2_traits_2<CGAL::Epeck>}’
   has_on_unbounded_side(const Point_2 &p) const
   ^
/usr/local/include/CGAL/Circle_2.h:149:3: error: no type named ‘Boolean’ in ‘CGAL::Circle_2<CGAL::Min_circle_2_traits_2<CGAL::Epeck> >::R {aka class CGAL::Min_circle_2_traits_2<CGAL::Epeck>}’
   has_on_negative_side(const Point_2 &p) const
   ^
/usr/local/include/CGAL/Circle_2.h:157:3: error: no type named ‘Boolean’ in ‘CGAL::Circle_2<CGAL::Min_circle_2_traits_2<CGAL::Epeck> >::R {aka class CGAL::Min_circle_2_traits_2<CGAL::Epeck>}’
   has_on_positive_side(const Point_2 &p) const
   ^
/usr/local/include/CGAL/Circle_2.h:165:3: error: no type named ‘Boolean’ in ‘CGAL::Circle_2<CGAL::Min_circle_2_traits_2<CGAL::Epeck> >::R {aka class CGAL::Min_circle_2_traits_2<CGAL::Epeck>}’
   is_degenerate() const
   ^
/usr/local/include/CGAL/Circle_2.h:186:3: error: no type named ‘Boolean’ in ‘CGAL::Circle_2<CGAL::Min_circle_2_traits_2<CGAL::Epeck> >::R {aka class CGAL::Min_circle_2_traits_2<CGAL::Epeck>}’
   operator==(const Circle_2 &c) const
   ^
/usr/local/include/CGAL/Circle_2.h:192:3: error: no type named ‘Boolean’ in ‘CGAL::Circle_2<CGAL::Min_circle_2_traits_2<CGAL::Epeck> >::R {aka class CGAL::Min_circle_2_traits_2<CGAL::Epeck>}’
   operator!=(const Circle_2 &c) const
   ^
/usr/local/include/CGAL/Circle_2.h:209:1: error: no type named ‘Aff_transformation_2’ in ‘class CGAL::Min_circle_2_traits_2<CGAL::Epeck>’
 Circle_2<R_>::
 ^
../src/TheeV.cpp: In function ‘bool covered(std::vector<CGAL::Point_2<CGAL::Epeck> >&, int)’:
../src/TheeV.cpp:28:28: error: no matching function for call to ‘CGAL::Circle_2<CGAL::Min_circle_2_traits_2<CGAL::Epeck> >::Circle_2(CGAL::Point_2<CGAL::Epeck>&, CGAL::Lazy_kernel_generic_base<CGAL::Simple_cartesian<CGAL::Gmpq>, CGAL::Simple_cartesian<CGAL::Interval_nt<false> >, CGAL::Cartesian_converter<CGAL::Simple_cartesian<CGAL::Gmpq>, CGAL::Simple_cartesian<CGAL::Interval_nt<false> > >, CGAL::Epeck>::FT&, bool)’
  Circle circ(v[0],r_sq,true);
                            ^
../src/TheeV.cpp:28:28: note: candidates are:
In file included from /usr/local/include/CGAL/user_classes.h:37:0,
                 from /usr/local/include/CGAL/Kernel/global_functions_2.h:33,
                 from /usr/local/include/CGAL/Kernel/global_functions.h:31,
                 from /usr/local/include/CGAL/Cartesian/Cartesian_base.h:30,
                 from /usr/local/include/CGAL/Simple_cartesian.h:28,
                 from /usr/local/include/CGAL/Exact_predicates_exact_constructions_kernel.h:28,
                 from ../src/TheeV.cpp:8:
/usr/local/include/CGAL/Circle_2.h:67:3: note: CGAL::Circle_2<R_>::Circle_2() [with R_ = CGAL::Min_circle_2_traits_2<CGAL::Epeck>]
   Circle_2() {}
   ^
/usr/local/include/CGAL/Circle_2.h:67:3: note:   candidate expects 0 arguments, 3 provided
/usr/local/include/CGAL/Circle_2.h:38:7: note: CGAL::Circle_2<CGAL::Min_circle_2_traits_2<CGAL::Epeck> >::Circle_2(const CGAL::Circle_2<CGAL::Min_circle_2_traits_2<CGAL::Epeck> >&)
 class Circle_2 : public R_::Kernel_base::Circle_2
       ^
/usr/local/include/CGAL/Circle_2.h:38:7: note:   candidate expects 1 argument, 3 provided
../src/TheeV.cpp:29:29: warning: comparison between signed and unsigned integer expressions [-Wsign-compare]
  for (int i = 1; i < v.size(); i++){
                             ^
../src/TheeV.cpp:30:12: error: ‘Circle’ has no member named ‘has_on_unbounded_side’
   if (circ.has_on_unbounded_side(v[i])){
            ^
make: *** [src/TheeV.o] Error 1
19:32:21 **** Incremental Build of configuration Debug for project bridge ****
make all 
make: Nothing to be done for `all'.
19:32:21 **** Incremental Build of configuration Debug for project buddy ****
make all 
make: Nothing to be done for `all'.
19:32:39 **** Incremental Build of configuration Debug for project Ant ****
make all 
make: Nothing to be done for `all'.
19:32:39 **** Incremental Build of configuration Debug for project FirstStep ****
make all 
make: Nothing to be done for `all'.
19:32:39 **** Incremental Build of configuration Debug for project TheeV ****
make all 
Building file: ../src/TheeV.cpp
Invoking: Cross G++ Compiler
g++ -O0 -g3 -Wall -c -fmessage-length=0 -MMD -MP -MF"src/TheeV.d" -MT"src/TheeV.d" -o "src/TheeV.o" "../src/TheeV.cpp"
../src/TheeV.cpp: In function ‘bool covered(std::vector<CGAL::Point_2<CGAL::Epeck> >&, int)’:
../src/TheeV.cpp:28:28: error: no matching function for call to ‘CGAL::Circle_2<CGAL::Epeck>::Circle_2(CGAL::Point_2<CGAL::Epeck>&, CGAL::Lazy_kernel_generic_base<CGAL::Simple_cartesian<CGAL::Gmpq>, CGAL::Simple_cartesian<CGAL::Interval_nt<false> >, CGAL::Cartesian_converter<CGAL::Simple_cartesian<CGAL::Gmpq>, CGAL::Simple_cartesian<CGAL::Interval_nt<false> > >, CGAL::Epeck>::FT&, bool)’
  Circle circ(v[0],r_sq,true);
                            ^
../src/TheeV.cpp:28:28: note: candidates are:
In file included from /usr/local/include/CGAL/user_classes.h:37:0,
                 from /usr/local/include/CGAL/Kernel/global_functions_2.h:33,
                 from /usr/local/include/CGAL/Kernel/global_functions.h:31,
                 from /usr/local/include/CGAL/Cartesian/Cartesian_base.h:30,
                 from /usr/local/include/CGAL/Simple_cartesian.h:28,
                 from /usr/local/include/CGAL/Exact_predicates_exact_constructions_kernel.h:28,
                 from ../src/TheeV.cpp:8:
/usr/local/include/CGAL/Circle_2.h:95:3: note: CGAL::Circle_2<R_>::Circle_2(const Point_2&) [with R_ = CGAL::Epeck; CGAL::Circle_2<R_>::Point_2 = CGAL::Point_2<CGAL::Epeck>]
   Circle_2(const Point_2 & center)
   ^
/usr/local/include/CGAL/Circle_2.h:95:3: note:   candidate expects 1 argument, 3 provided
/usr/local/include/CGAL/Circle_2.h:92:3: note: CGAL::Circle_2<R_>::Circle_2(const Point_2&, const Orientation&) [with R_ = CGAL::Epeck; CGAL::Circle_2<R_>::Point_2 = CGAL::Point_2<CGAL::Epeck>; CGAL::Orientation = CGAL::Sign]
   Circle_2(const Point_2 & center, const Orientation& orientation)
   ^
/usr/local/include/CGAL/Circle_2.h:92:3: note:   candidate expects 2 arguments, 3 provided
/usr/local/include/CGAL/Circle_2.h:89:3: note: CGAL::Circle_2<R_>::Circle_2(const Point_2&, const Point_2&, const FT&) [with R_ = CGAL::Epeck; CGAL::Circle_2<R_>::Point_2 = CGAL::Point_2<CGAL::Epeck>; CGAL::Circle_2<R_>::FT = CGAL::Lazy_exact_nt<CGAL::Gmpq>]
   Circle_2(const Point_2 & p, const Point_2 & q, const FT &bulge)
   ^
/usr/local/include/CGAL/Circle_2.h:89:3: note:   no known conversion for argument 2 from ‘CGAL::Lazy_kernel_generic_base<CGAL::Simple_cartesian<CGAL::Gmpq>, CGAL::Simple_cartesian<CGAL::Interval_nt<false> >, CGAL::Cartesian_converter<CGAL::Simple_cartesian<CGAL::Gmpq>, CGAL::Simple_cartesian<CGAL::Interval_nt<false> > >, CGAL::Epeck>::FT {aka CGAL::Lazy_exact_nt<CGAL::Gmpq>}’ to ‘const Point_2& {aka const CGAL::Point_2<CGAL::Epeck>&}’
/usr/local/include/CGAL/Circle_2.h:86:3: note: CGAL::Circle_2<R_>::Circle_2(const Point_2&, const Point_2&) [with R_ = CGAL::Epeck; CGAL::Circle_2<R_>::Point_2 = CGAL::Point_2<CGAL::Epeck>]
   Circle_2(const Point_2 & p, const Point_2 & q)
   ^
/usr/local/include/CGAL/Circle_2.h:86:3: note:   candidate expects 2 arguments, 3 provided
/usr/local/include/CGAL/Circle_2.h:82:3: note: CGAL::Circle_2<R_>::Circle_2(const Point_2&, const Point_2&, const Orientation&) [with R_ = CGAL::Epeck; CGAL::Circle_2<R_>::Point_2 = CGAL::Point_2<CGAL::Epeck>; CGAL::Orientation = CGAL::Sign]
   Circle_2(const Point_2 & p, const Point_2 & q,
   ^
/usr/local/include/CGAL/Circle_2.h:82:3: note:   no known conversion for argument 2 from ‘CGAL::Lazy_kernel_generic_base<CGAL::Simple_cartesian<CGAL::Gmpq>, CGAL::Simple_cartesian<CGAL::Interval_nt<false> >, CGAL::Cartesian_converter<CGAL::Simple_cartesian<CGAL::Gmpq>, CGAL::Simple_cartesian<CGAL::Interval_nt<false> > >, CGAL::Epeck>::FT {aka CGAL::Lazy_exact_nt<CGAL::Gmpq>}’ to ‘const Point_2& {aka const CGAL::Point_2<CGAL::Epeck>&}’
/usr/local/include/CGAL/Circle_2.h:79:3: note: CGAL::Circle_2<R_>::Circle_2(const Point_2&, const Point_2&, const Point_2&) [with R_ = CGAL::Epeck; CGAL::Circle_2<R_>::Point_2 = CGAL::Point_2<CGAL::Epeck>]
   Circle_2(const Point_2 &p, const Point_2 &q, const Point_2 &r)
   ^
/usr/local/include/CGAL/Circle_2.h:79:3: note:   no known conversion for argument 2 from ‘CGAL::Lazy_kernel_generic_base<CGAL::Simple_cartesian<CGAL::Gmpq>, CGAL::Simple_cartesian<CGAL::Interval_nt<false> >, CGAL::Cartesian_converter<CGAL::Simple_cartesian<CGAL::Gmpq>, CGAL::Simple_cartesian<CGAL::Interval_nt<false> > >, CGAL::Epeck>::FT {aka CGAL::Lazy_exact_nt<CGAL::Gmpq>}’ to ‘const Point_2& {aka const CGAL::Point_2<CGAL::Epeck>&}’
/usr/local/include/CGAL/Circle_2.h:76:3: note: CGAL::Circle_2<R_>::Circle_2(const Point_2&, const FT&) [with R_ = CGAL::Epeck; CGAL::Circle_2<R_>::Point_2 = CGAL::Point_2<CGAL::Epeck>; CGAL::Circle_2<R_>::FT = CGAL::Lazy_exact_nt<CGAL::Gmpq>]
   Circle_2(const Point_2 &center, const FT &squared_radius)
   ^
/usr/local/include/CGAL/Circle_2.h:76:3: note:   candidate expects 2 arguments, 3 provided
/usr/local/include/CGAL/Circle_2.h:72:3: note: CGAL::Circle_2<R_>::Circle_2(const Point_2&, const FT&, const Orientation&) [with R_ = CGAL::Epeck; CGAL::Circle_2<R_>::Point_2 = CGAL::Point_2<CGAL::Epeck>; CGAL::Circle_2<R_>::FT = CGAL::Lazy_exact_nt<CGAL::Gmpq>; CGAL::Orientation = CGAL::Sign]
   Circle_2(const Point_2 &center, const FT &squared_radius,
   ^
/usr/local/include/CGAL/Circle_2.h:72:3: note:   no known conversion for argument 3 from ‘bool’ to ‘const Orientation& {aka const CGAL::Sign&}’
/usr/local/include/CGAL/Circle_2.h:69:3: note: CGAL::Circle_2<R_>::Circle_2(const RCircle_2&) [with R_ = CGAL::Epeck; CGAL::Circle_2<R_>::RCircle_2 = CGAL::Lazy<CGAL::Circle_2<CGAL::Simple_cartesian<CGAL::Interval_nt<false> > >, CGAL::Circle_2<CGAL::Simple_cartesian<CGAL::Gmpq> >, CGAL::Gmpq, CGAL::Cartesian_converter<CGAL::Simple_cartesian<CGAL::Gmpq>, CGAL::Simple_cartesian<CGAL::Interval_nt<false> > > >]
   Circle_2(const RCircle_2& t)
   ^
/usr/local/include/CGAL/Circle_2.h:69:3: note:   candidate expects 1 argument, 3 provided
/usr/local/include/CGAL/Circle_2.h:67:3: note: CGAL::Circle_2<R_>::Circle_2() [with R_ = CGAL::Epeck]
   Circle_2() {}
   ^
/usr/local/include/CGAL/Circle_2.h:67:3: note:   candidate expects 0 arguments, 3 provided
/usr/local/include/CGAL/Circle_2.h:38:7: note: CGAL::Circle_2<CGAL::Epeck>::Circle_2(const CGAL::Circle_2<CGAL::Epeck>&)
 class Circle_2 : public R_::Kernel_base::Circle_2
       ^
/usr/local/include/CGAL/Circle_2.h:38:7: note:   candidate expects 1 argument, 3 provided
../src/TheeV.cpp:29:29: warning: comparison between signed and unsigned integer expressions [-Wsign-compare]
  for (int i = 1; i < v.size(); i++){
                             ^
make: *** [src/TheeV.o] Error 1
19:32:42 **** Incremental Build of configuration Debug for project bridge ****
make all 
make: Nothing to be done for `all'.
19:32:42 **** Incremental Build of configuration Debug for project buddy ****
make all 
make: Nothing to be done for `all'.
19:33:51 **** Incremental Build of configuration Debug for project Ant ****
make all 
make: Nothing to be done for `all'.
19:33:52 **** Incremental Build of configuration Debug for project FirstStep ****
make all 
make: Nothing to be done for `all'.
19:33:52 **** Incremental Build of configuration Debug for project TheeV ****
make all 
Building file: ../src/TheeV.cpp
Invoking: Cross G++ Compiler
g++ -O0 -g3 -Wall -c -fmessage-length=0 -MMD -MP -MF"src/TheeV.d" -MT"src/TheeV.d" -o "src/TheeV.o" "../src/TheeV.cpp"
../src/TheeV.cpp: In function ‘bool covered(std::vector<CGAL::Point_2<CGAL::Epeck> >&, int)’:
../src/TheeV.cpp:29:29: warning: comparison between signed and unsigned integer expressions [-Wsign-compare]
  for (int i = 1; i < v.size(); i++){
                             ^
Finished building: ../src/TheeV.cpp
 
Building target: TheeV
Invoking: Cross G++ Linker
g++  -o "TheeV"  ./src/TheeV.o   
./src/TheeV.o: In function `covered(std::vector<CGAL::Point_2<CGAL::Epeck>, std::allocator<CGAL::Point_2<CGAL::Epeck> > >&, int)':
/home/jd/workspace/AlgoLab/week4/week4/TheeV/Debug/../src/TheeV.cpp:34: undefined reference to `CGAL::default_random'
./src/TheeV.o: In function `CGAL::Handle::Handle(CGAL::Handle const&)':
/usr/local/include/CGAL/Handle.h:55: undefined reference to `CGAL::precondition_fail(char const*, char const*, int, char const*)'
./src/TheeV.o: In function `CGAL::Handle::operator=(CGAL::Handle const&)':
/usr/local/include/CGAL/Handle.h:69: undefined reference to `CGAL::precondition_fail(char const*, char const*, int, char const*)'
./src/TheeV.o: In function `CGAL::Gmpq_rep::Gmpq_rep()':
/usr/local/include/CGAL/GMP/Gmpq_type.h:57: undefined reference to `__gmpq_init'
./src/TheeV.o: In function `CGAL::Gmpq_rep::~Gmpq_rep()':
/usr/local/include/CGAL/GMP/Gmpq_type.h:58: undefined reference to `__gmpq_clear'
./src/TheeV.o: In function `CGAL::Gmpq::Gmpq(int)':
/usr/local/include/CGAL/GMP/Gmpq_type.h:94: undefined reference to `__gmpq_set_si'
./src/TheeV.o: In function `CGAL::Gmpq::operator==(CGAL::Gmpq const&) const':
/usr/local/include/CGAL/GMP/Gmpq_type.h:229: undefined reference to `__gmpq_equal'
./src/TheeV.o: In function `CGAL::Gmpq::operator<(CGAL::Gmpq const&) const':
/usr/local/include/CGAL/GMP/Gmpq_type.h:230: undefined reference to `__gmpq_cmp'
./src/TheeV.o: In function `CGAL::Gmpq::operator==(int) const':
/usr/local/include/CGAL/GMP/Gmpq_type.h:249: undefined reference to `__gmpq_cmp_si'
./src/TheeV.o: In function `CGAL::Gmpq::operator<(int) const':
/usr/local/include/CGAL/GMP/Gmpq_type.h:250: undefined reference to `__gmpq_cmp_si'
./src/TheeV.o: In function `CGAL::Gmpq::operator-() const':
/usr/local/include/CGAL/GMP/Gmpq_type.h:305: undefined reference to `__gmpq_neg'
./src/TheeV.o: In function `CGAL::operator+(CGAL::Gmpq const&, CGAL::Gmpq const&)':
/usr/local/include/CGAL/GMP/Gmpq_type.h:321: undefined reference to `__gmpq_add'
./src/TheeV.o: In function `CGAL::operator-(CGAL::Gmpq const&, CGAL::Gmpq const&)':
/usr/local/include/CGAL/GMP/Gmpq_type.h:338: undefined reference to `__gmpq_sub'
./src/TheeV.o: In function `CGAL::operator*(CGAL::Gmpq const&, CGAL::Gmpq const&)':
/usr/local/include/CGAL/GMP/Gmpq_type.h:355: undefined reference to `__gmpq_mul'
./src/TheeV.o: In function `CGAL::operator/(CGAL::Gmpq const&, CGAL::Gmpq const&)':
/usr/local/include/CGAL/GMP/Gmpq_type.h:371: undefined reference to `CGAL::precondition_fail(char const*, char const*, int, char const*)'
/usr/local/include/CGAL/GMP/Gmpq_type.h:373: undefined reference to `__gmpq_div'
./src/TheeV.o: In function `CGAL::Real_embeddable_traits<CGAL::Gmpq>::To_interval::operator()(CGAL::Gmpq const&) const':
/usr/local/include/CGAL/Gmpq.h:92: undefined reference to `mpfr_init2'
/usr/local/include/CGAL/Gmpq.h:93: undefined reference to `mpfr_set_q'
/usr/local/include/CGAL/Gmpq.h:94: undefined reference to `mpfr_get_d'
/usr/local/include/CGAL/Gmpq.h:95: undefined reference to `mpfr_set_q'
/usr/local/include/CGAL/Gmpq.h:96: undefined reference to `mpfr_get_d'
/usr/local/include/CGAL/Gmpq.h:97: undefined reference to `mpfr_clear'
./src/TheeV.o: In function `bool CGAL::get_certain<bool>(CGAL::Uncertain<bool>)':
/usr/local/include/CGAL/Uncertain.h:205: undefined reference to `CGAL::assertion_fail(char const*, char const*, int, char const*)'
./src/TheeV.o: In function `CGAL::Uncertain<bool>::Uncertain(bool, bool)':
/usr/local/include/CGAL/Uncertain.h:103: undefined reference to `CGAL::precondition_fail(char const*, char const*, int, char const*)'
./src/TheeV.o: In function `CGAL::Interval_nt<false>::Interval_nt(double)':
/usr/local/include/CGAL/Interval_nt.h:122: undefined reference to `CGAL::assertion_fail(char const*, char const*, int, char const*)'
./src/TheeV.o: In function `CGAL::Interval_nt<false>::Interval_nt(double, double)':
/usr/local/include/CGAL/Interval_nt.h:138: undefined reference to `CGAL::assertion_fail(char const*, char const*, int, char const*)'
./src/TheeV.o: In function `CGAL::Handle_for<CGAL::Gmpq_rep, std::allocator<CGAL::Gmpq_rep> >::Handle_for(CGAL::Handle_for<CGAL::Gmpq_rep, std::allocator<CGAL::Gmpq_rep> > const&)':
/usr/local/include/CGAL/Handle_for.h:141: undefined reference to `CGAL::assertion_fail(char const*, char const*, int, char const*)'
./src/TheeV.o: In function `CGAL::Interval_nt<false>::Test_runtime_rounding_modes::Test_runtime_rounding_modes()':
/usr/local/include/CGAL/Interval_nt.h:208: undefined reference to `CGAL::assertion_fail(char const*, char const*, int, char const*)'
/usr/local/include/CGAL/Interval_nt.h:210: undefined reference to `CGAL::assertion_fail(char const*, char const*, int, char const*)'
./src/TheeV.o:/usr/local/include/CGAL/Interval_nt.h:208: more undefined references to `CGAL::assertion_fail(char const*, char const*, int, char const*)' follow
./src/TheeV.o: In function `CGAL::CircleC2<CGAL::Simple_cartesian<CGAL::Gmpq> >::CircleC2(CGAL::Point_2<CGAL::Simple_cartesian<CGAL::Gmpq> > const&, CGAL::Gmpq const&, CGAL::Sign const&)':
/usr/local/include/CGAL/Cartesian/Circle_2.h:54: undefined reference to `CGAL::precondition_fail(char const*, char const*, int, char const*)'
./src/TheeV.o: In function `CGAL::Bounded_side CGAL::get_certain<CGAL::Bounded_side>(CGAL::Uncertain<CGAL::Bounded_side>)':
/usr/local/include/CGAL/Uncertain.h:205: undefined reference to `CGAL::assertion_fail(char const*, char const*, int, char const*)'
./src/TheeV.o: In function `CGAL::Optimisation_circle_2<CGAL::Epeck>::set()':
/usr/local/include/CGAL/Min_circle_2/Optimisation_circle_2.h:101: undefined reference to `CGAL::ORIGIN'
./src/TheeV.o: In function `boost::thread_specific_ptr<CGAL::Lazy<CGAL::Point_2<CGAL::Simple_cartesian<CGAL::Interval_nt<false> > >, CGAL::Point_2<CGAL::Simple_cartesian<CGAL::Gmpq> >, CGAL::Gmpq, CGAL::Cartesian_converter<CGAL::Simple_cartesian<CGAL::Gmpq>, CGAL::Simple_cartesian<CGAL::Interval_nt<false> >, CGAL::NT_converter<CGAL::Gmpq, CGAL::Interval_nt<false> > > > >::~thread_specific_ptr()':
/usr/include/boost/thread/tss.hpp:79: undefined reference to `boost::detail::set_tss_data(void const*, boost::shared_ptr<boost::detail::tss_cleanup_function>, void*, bool)'
./src/TheeV.o: In function `boost::thread_specific_ptr<CGAL::Lazy<CGAL::Point_2<CGAL::Simple_cartesian<CGAL::Interval_nt<false> > >, CGAL::Point_2<CGAL::Simple_cartesian<CGAL::Gmpq> >, CGAL::Gmpq, CGAL::Cartesian_converter<CGAL::Simple_cartesian<CGAL::Gmpq>, CGAL::Simple_cartesian<CGAL::Interval_nt<false> >, CGAL::NT_converter<CGAL::Gmpq, CGAL::Interval_nt<false> > > > >::get() const':
/usr/include/boost/thread/tss.hpp:84: undefined reference to `boost::detail::get_tss_data(void const*)'
./src/TheeV.o: In function `boost::thread_specific_ptr<CGAL::Lazy<CGAL::Point_2<CGAL::Simple_cartesian<CGAL::Interval_nt<false> > >, CGAL::Point_2<CGAL::Simple_cartesian<CGAL::Gmpq> >, CGAL::Gmpq, CGAL::Cartesian_converter<CGAL::Simple_cartesian<CGAL::Gmpq>, CGAL::Simple_cartesian<CGAL::Interval_nt<false> >, CGAL::NT_converter<CGAL::Gmpq, CGAL::Interval_nt<false> > > > >::reset(CGAL::Lazy<CGAL::Point_2<CGAL::Simple_cartesian<CGAL::Interval_nt<false> > >, CGAL::Point_2<CGAL::Simple_cartesian<CGAL::Gmpq> >, CGAL::Gmpq, CGAL::Cartesian_converter<CGAL::Simple_cartesian<CGAL::Gmpq>, CGAL::Simple_cartesian<CGAL::Interval_nt<false> >, CGAL::NT_converter<CGAL::Gmpq, CGAL::Interval_nt<false> > > >*)':
/usr/include/boost/thread/tss.hpp:105: undefined reference to `boost::detail::set_tss_data(void const*, boost::shared_ptr<boost::detail::tss_cleanup_function>, void*, bool)'
./src/TheeV.o: In function `CGAL::CircleC2<CGAL::Simple_cartesian<CGAL::Interval_nt<false> > >::CircleC2(CGAL::Point_2<CGAL::Simple_cartesian<CGAL::Interval_nt<false> > > const&, CGAL::Interval_nt<false> const&, CGAL::Sign const&)':
/usr/local/include/CGAL/Cartesian/Circle_2.h:54: undefined reference to `CGAL::precondition_fail(char const*, char const*, int, char const*)'
./src/TheeV.o: In function `boost::thread_specific_ptr<CGAL::Lazy<CGAL::Interval_nt<false>, CGAL::Gmpq, CGAL::Lazy_exact_nt<CGAL::Gmpq>, CGAL::To_interval<CGAL::Gmpq> > >::~thread_specific_ptr()':
/usr/include/boost/thread/tss.hpp:79: undefined reference to `boost::detail::set_tss_data(void const*, boost::shared_ptr<boost::detail::tss_cleanup_function>, void*, bool)'
./src/TheeV.o: In function `boost::thread_specific_ptr<CGAL::Lazy<CGAL::Interval_nt<false>, CGAL::Gmpq, CGAL::Lazy_exact_nt<CGAL::Gmpq>, CGAL::To_interval<CGAL::Gmpq> > >::get() const':
/usr/include/boost/thread/tss.hpp:84: undefined reference to `boost::detail::get_tss_data(void const*)'
./src/TheeV.o: In function `boost::thread_specific_ptr<CGAL::Lazy<CGAL::Interval_nt<false>, CGAL::Gmpq, CGAL::Lazy_exact_nt<CGAL::Gmpq>, CGAL::To_interval<CGAL::Gmpq> > >::reset(CGAL::Lazy<CGAL::Interval_nt<false>, CGAL::Gmpq, CGAL::Lazy_exact_nt<CGAL::Gmpq>, CGAL::To_interval<CGAL::Gmpq> >*)':
/usr/include/boost/thread/tss.hpp:105: undefined reference to `boost::detail::set_tss_data(void const*, boost::shared_ptr<boost::detail::tss_cleanup_function>, void*, bool)'
./src/TheeV.o: In function `CGAL::Uncertain<CGAL::Bounded_side>::Uncertain(CGAL::Bounded_side, CGAL::Bounded_side)':
/usr/local/include/CGAL/Uncertain.h:103: undefined reference to `CGAL::precondition_fail(char const*, char const*, int, char const*)'
./src/TheeV.o: In function `CGAL::PointC2<CGAL::Simple_cartesian<CGAL::Gmpq> >::PointC2(CGAL::Origin const&)':
/usr/local/include/CGAL/Cartesian/Point_2.h:53: undefined reference to `CGAL::NULL_VECTOR'
./src/TheeV.o: In function `CGAL::Uncertain<CGAL::Sign>::Uncertain(CGAL::Sign, CGAL::Sign)':
/usr/local/include/CGAL/Uncertain.h:103: undefined reference to `CGAL::precondition_fail(char const*, char const*, int, char const*)'
./src/TheeV.o: In function `CGAL::PointC2<CGAL::Simple_cartesian<CGAL::Interval_nt<false> > >::PointC2(CGAL::Origin const&)':
/usr/local/include/CGAL/Cartesian/Point_2.h:53: undefined reference to `CGAL::NULL_VECTOR'
./src/TheeV.o: In function `void CGAL::circumcenter_translateC2<CGAL::Gmpq>(CGAL::Gmpq const&, CGAL::Gmpq const&, CGAL::Gmpq const&, CGAL::Gmpq const&, CGAL::Gmpq&, CGAL::Gmpq&)':
/usr/local/include/CGAL/constructions/kernel_ftC2.h:62: undefined reference to `CGAL::assertion_fail(char const*, char const*, int, char const*)'
./src/TheeV.o: In function `void CGAL::circumcenter_translateC2<CGAL::Interval_nt<false> >(CGAL::Interval_nt<false> const&, CGAL::Interval_nt<false> const&, CGAL::Interval_nt<false> const&, CGAL::Interval_nt<false> const&, CGAL::Interval_nt<false>&, CGAL::Interval_nt<false>&)':
/usr/local/include/CGAL/constructions/kernel_ftC2.h:62: undefined reference to `CGAL::assertion_fail(char const*, char const*, int, char const*)'
./src/TheeV.o: In function `boost::thread_specific_ptr<CGAL::Lazy<CGAL::Vector_2<CGAL::Simple_cartesian<CGAL::Interval_nt<false> > >, CGAL::Vector_2<CGAL::Simple_cartesian<CGAL::Gmpq> >, CGAL::Gmpq, CGAL::Cartesian_converter<CGAL::Simple_cartesian<CGAL::Gmpq>, CGAL::Simple_cartesian<CGAL::Interval_nt<false> >, CGAL::NT_converter<CGAL::Gmpq, CGAL::Interval_nt<false> > > > >::~thread_specific_ptr()':
/usr/include/boost/thread/tss.hpp:79: undefined reference to `boost::detail::set_tss_data(void const*, boost::shared_ptr<boost::detail::tss_cleanup_function>, void*, bool)'
./src/TheeV.o: In function `boost::thread_specific_ptr<CGAL::Lazy<CGAL::Vector_2<CGAL::Simple_cartesian<CGAL::Interval_nt<false> > >, CGAL::Vector_2<CGAL::Simple_cartesian<CGAL::Gmpq> >, CGAL::Gmpq, CGAL::Cartesian_converter<CGAL::Simple_cartesian<CGAL::Gmpq>, CGAL::Simple_cartesian<CGAL::Interval_nt<false> >, CGAL::NT_converter<CGAL::Gmpq, CGAL::Interval_nt<false> > > > >::get() const':
/usr/include/boost/thread/tss.hpp:84: undefined reference to `boost::detail::get_tss_data(void const*)'
./src/TheeV.o: In function `boost::thread_specific_ptr<CGAL::Lazy<CGAL::Vector_2<CGAL::Simple_cartesian<CGAL::Interval_nt<false> > >, CGAL::Vector_2<CGAL::Simple_cartesian<CGAL::Gmpq> >, CGAL::Gmpq, CGAL::Cartesian_converter<CGAL::Simple_cartesian<CGAL::Gmpq>, CGAL::Simple_cartesian<CGAL::Interval_nt<false> >, CGAL::NT_converter<CGAL::Gmpq, CGAL::Interval_nt<false> > > > >::reset(CGAL::Lazy<CGAL::Vector_2<CGAL::Simple_cartesian<CGAL::Interval_nt<false> > >, CGAL::Vector_2<CGAL::Simple_cartesian<CGAL::Gmpq> >, CGAL::Gmpq, CGAL::Cartesian_converter<CGAL::Simple_cartesian<CGAL::Gmpq>, CGAL::Simple_cartesian<CGAL::Interval_nt<false> >, CGAL::NT_converter<CGAL::Gmpq, CGAL::Interval_nt<false> > > >*)':
/usr/include/boost/thread/tss.hpp:105: undefined reference to `boost::detail::set_tss_data(void const*, boost::shared_ptr<boost::detail::tss_cleanup_function>, void*, bool)'
collect2: error: ld returned 1 exit status
make: *** [TheeV] Error 1
19:33:55 **** Incremental Build of configuration Debug for project bridge ****
make all 
make: Nothing to be done for `all'.
19:33:56 **** Incremental Build of configuration Debug for project buddy ****
make all 
make: Nothing to be done for `all'.
19:34:49 **** Incremental Build of configuration Debug for project Ant ****
make all 
make: Nothing to be done for `all'.
19:34:49 **** Incremental Build of configuration Debug for project FirstStep ****
make all 
make: Nothing to be done for `all'.
19:34:49 **** Incremental Build of configuration Debug for project TheeV ****
make all 
Building file: ../src/TheeV.cpp
Invoking: Cross G++ Compiler
g++ -O0 -g3 -Wall -c -fmessage-length=0 -MMD -MP -MF"src/TheeV.d" -MT"src/TheeV.d" -o "src/TheeV.o" "../src/TheeV.cpp"
../src/TheeV.cpp: In function ‘bool covered(std::vector<CGAL::Point_2<CGAL::Epeck> >&, int)’:
../src/TheeV.cpp:29:29: warning: comparison between signed and unsigned integer expressions [-Wsign-compare]
  for (int i = 1; i < v.size(); i++){
                             ^
Finished building: ../src/TheeV.cpp
 
Building target: TheeV
Invoking: Cross G++ Linker
g++  -o "TheeV"  ./src/TheeV.o   
./src/TheeV.o: In function `covered(std::vector<CGAL::Point_2<CGAL::Epeck>, std::allocator<CGAL::Point_2<CGAL::Epeck> > >&, int)':
/home/jd/workspace/AlgoLab/week4/week4/TheeV/Debug/../src/TheeV.cpp:34: undefined reference to `CGAL::default_random'
./src/TheeV.o: In function `CGAL::Handle::Handle(CGAL::Handle const&)':
/usr/local/include/CGAL/Handle.h:55: undefined reference to `CGAL::precondition_fail(char const*, char const*, int, char const*)'
./src/TheeV.o: In function `CGAL::Handle::operator=(CGAL::Handle const&)':
/usr/local/include/CGAL/Handle.h:69: undefined reference to `CGAL::precondition_fail(char const*, char const*, int, char const*)'
./src/TheeV.o: In function `CGAL::Gmpq_rep::Gmpq_rep()':
/usr/local/include/CGAL/GMP/Gmpq_type.h:57: undefined reference to `__gmpq_init'
./src/TheeV.o: In function `CGAL::Gmpq_rep::~Gmpq_rep()':
/usr/local/include/CGAL/GMP/Gmpq_type.h:58: undefined reference to `__gmpq_clear'
./src/TheeV.o: In function `CGAL::Gmpq::Gmpq(int)':
/usr/local/include/CGAL/GMP/Gmpq_type.h:94: undefined reference to `__gmpq_set_si'
./src/TheeV.o: In function `CGAL::Gmpq::operator==(CGAL::Gmpq const&) const':
/usr/local/include/CGAL/GMP/Gmpq_type.h:229: undefined reference to `__gmpq_equal'
./src/TheeV.o: In function `CGAL::Gmpq::operator<(CGAL::Gmpq const&) const':
/usr/local/include/CGAL/GMP/Gmpq_type.h:230: undefined reference to `__gmpq_cmp'
./src/TheeV.o: In function `CGAL::Gmpq::operator==(int) const':
/usr/local/include/CGAL/GMP/Gmpq_type.h:249: undefined reference to `__gmpq_cmp_si'
./src/TheeV.o: In function `CGAL::Gmpq::operator<(int) const':
/usr/local/include/CGAL/GMP/Gmpq_type.h:250: undefined reference to `__gmpq_cmp_si'
./src/TheeV.o: In function `CGAL::Gmpq::operator-() const':
/usr/local/include/CGAL/GMP/Gmpq_type.h:305: undefined reference to `__gmpq_neg'
./src/TheeV.o: In function `CGAL::operator+(CGAL::Gmpq const&, CGAL::Gmpq const&)':
/usr/local/include/CGAL/GMP/Gmpq_type.h:321: undefined reference to `__gmpq_add'
./src/TheeV.o: In function `CGAL::operator-(CGAL::Gmpq const&, CGAL::Gmpq const&)':
/usr/local/include/CGAL/GMP/Gmpq_type.h:338: undefined reference to `__gmpq_sub'
./src/TheeV.o: In function `CGAL::operator*(CGAL::Gmpq const&, CGAL::Gmpq const&)':
/usr/local/include/CGAL/GMP/Gmpq_type.h:355: undefined reference to `__gmpq_mul'
./src/TheeV.o: In function `CGAL::operator/(CGAL::Gmpq const&, CGAL::Gmpq const&)':
/usr/local/include/CGAL/GMP/Gmpq_type.h:371: undefined reference to `CGAL::precondition_fail(char const*, char const*, int, char const*)'
/usr/local/include/CGAL/GMP/Gmpq_type.h:373: undefined reference to `__gmpq_div'
./src/TheeV.o: In function `CGAL::Real_embeddable_traits<CGAL::Gmpq>::To_interval::operator()(CGAL::Gmpq const&) const':
/usr/local/include/CGAL/Gmpq.h:92: undefined reference to `mpfr_init2'
/usr/local/include/CGAL/Gmpq.h:93: undefined reference to `mpfr_set_q'
/usr/local/include/CGAL/Gmpq.h:94: undefined reference to `mpfr_get_d'
/usr/local/include/CGAL/Gmpq.h:95: undefined reference to `mpfr_set_q'
/usr/local/include/CGAL/Gmpq.h:96: undefined reference to `mpfr_get_d'
/usr/local/include/CGAL/Gmpq.h:97: undefined reference to `mpfr_clear'
./src/TheeV.o: In function `bool CGAL::get_certain<bool>(CGAL::Uncertain<bool>)':
/usr/local/include/CGAL/Uncertain.h:205: undefined reference to `CGAL::assertion_fail(char const*, char const*, int, char const*)'
./src/TheeV.o: In function `CGAL::Uncertain<bool>::Uncertain(bool, bool)':
/usr/local/include/CGAL/Uncertain.h:103: undefined reference to `CGAL::precondition_fail(char const*, char const*, int, char const*)'
./src/TheeV.o: In function `CGAL::Interval_nt<false>::Interval_nt(double)':
/usr/local/include/CGAL/Interval_nt.h:122: undefined reference to `CGAL::assertion_fail(char const*, char const*, int, char const*)'
./src/TheeV.o: In function `CGAL::Interval_nt<false>::Interval_nt(double, double)':
/usr/local/include/CGAL/Interval_nt.h:138: undefined reference to `CGAL::assertion_fail(char const*, char const*, int, char const*)'
./src/TheeV.o: In function `CGAL::Handle_for<CGAL::Gmpq_rep, std::allocator<CGAL::Gmpq_rep> >::Handle_for(CGAL::Handle_for<CGAL::Gmpq_rep, std::allocator<CGAL::Gmpq_rep> > const&)':
/usr/local/include/CGAL/Handle_for.h:141: undefined reference to `CGAL::assertion_fail(char const*, char const*, int, char const*)'
./src/TheeV.o: In function `CGAL::Interval_nt<false>::Test_runtime_rounding_modes::Test_runtime_rounding_modes()':
/usr/local/include/CGAL/Interval_nt.h:208: undefined reference to `CGAL::assertion_fail(char const*, char const*, int, char const*)'
/usr/local/include/CGAL/Interval_nt.h:210: undefined reference to `CGAL::assertion_fail(char const*, char const*, int, char const*)'
./src/TheeV.o:/usr/local/include/CGAL/Interval_nt.h:208: more undefined references to `CGAL::assertion_fail(char const*, char const*, int, char const*)' follow
./src/TheeV.o: In function `CGAL::CircleC2<CGAL::Simple_cartesian<CGAL::Gmpq> >::CircleC2(CGAL::Point_2<CGAL::Simple_cartesian<CGAL::Gmpq> > const&, CGAL::Gmpq const&, CGAL::Sign const&)':
/usr/local/include/CGAL/Cartesian/Circle_2.h:54: undefined reference to `CGAL::precondition_fail(char const*, char const*, int, char const*)'
./src/TheeV.o: In function `CGAL::Bounded_side CGAL::get_certain<CGAL::Bounded_side>(CGAL::Uncertain<CGAL::Bounded_side>)':
/usr/local/include/CGAL/Uncertain.h:205: undefined reference to `CGAL::assertion_fail(char const*, char const*, int, char const*)'
./src/TheeV.o: In function `CGAL::Optimisation_circle_2<CGAL::Epeck>::set()':
/usr/local/include/CGAL/Min_circle_2/Optimisation_circle_2.h:101: undefined reference to `CGAL::ORIGIN'
./src/TheeV.o: In function `boost::thread_specific_ptr<CGAL::Lazy<CGAL::Point_2<CGAL::Simple_cartesian<CGAL::Interval_nt<false> > >, CGAL::Point_2<CGAL::Simple_cartesian<CGAL::Gmpq> >, CGAL::Gmpq, CGAL::Cartesian_converter<CGAL::Simple_cartesian<CGAL::Gmpq>, CGAL::Simple_cartesian<CGAL::Interval_nt<false> >, CGAL::NT_converter<CGAL::Gmpq, CGAL::Interval_nt<false> > > > >::~thread_specific_ptr()':
/usr/include/boost/thread/tss.hpp:79: undefined reference to `boost::detail::set_tss_data(void const*, boost::shared_ptr<boost::detail::tss_cleanup_function>, void*, bool)'
./src/TheeV.o: In function `boost::thread_specific_ptr<CGAL::Lazy<CGAL::Point_2<CGAL::Simple_cartesian<CGAL::Interval_nt<false> > >, CGAL::Point_2<CGAL::Simple_cartesian<CGAL::Gmpq> >, CGAL::Gmpq, CGAL::Cartesian_converter<CGAL::Simple_cartesian<CGAL::Gmpq>, CGAL::Simple_cartesian<CGAL::Interval_nt<false> >, CGAL::NT_converter<CGAL::Gmpq, CGAL::Interval_nt<false> > > > >::get() const':
/usr/include/boost/thread/tss.hpp:84: undefined reference to `boost::detail::get_tss_data(void const*)'
./src/TheeV.o: In function `boost::thread_specific_ptr<CGAL::Lazy<CGAL::Point_2<CGAL::Simple_cartesian<CGAL::Interval_nt<false> > >, CGAL::Point_2<CGAL::Simple_cartesian<CGAL::Gmpq> >, CGAL::Gmpq, CGAL::Cartesian_converter<CGAL::Simple_cartesian<CGAL::Gmpq>, CGAL::Simple_cartesian<CGAL::Interval_nt<false> >, CGAL::NT_converter<CGAL::Gmpq, CGAL::Interval_nt<false> > > > >::reset(CGAL::Lazy<CGAL::Point_2<CGAL::Simple_cartesian<CGAL::Interval_nt<false> > >, CGAL::Point_2<CGAL::Simple_cartesian<CGAL::Gmpq> >, CGAL::Gmpq, CGAL::Cartesian_converter<CGAL::Simple_cartesian<CGAL::Gmpq>, CGAL::Simple_cartesian<CGAL::Interval_nt<false> >, CGAL::NT_converter<CGAL::Gmpq, CGAL::Interval_nt<false> > > >*)':
/usr/include/boost/thread/tss.hpp:105: undefined reference to `boost::detail::set_tss_data(void const*, boost::shared_ptr<boost::detail::tss_cleanup_function>, void*, bool)'
./src/TheeV.o: In function `CGAL::CircleC2<CGAL::Simple_cartesian<CGAL::Interval_nt<false> > >::CircleC2(CGAL::Point_2<CGAL::Simple_cartesian<CGAL::Interval_nt<false> > > const&, CGAL::Interval_nt<false> const&, CGAL::Sign const&)':
/usr/local/include/CGAL/Cartesian/Circle_2.h:54: undefined reference to `CGAL::precondition_fail(char const*, char const*, int, char const*)'
./src/TheeV.o: In function `boost::thread_specific_ptr<CGAL::Lazy<CGAL::Interval_nt<false>, CGAL::Gmpq, CGAL::Lazy_exact_nt<CGAL::Gmpq>, CGAL::To_interval<CGAL::Gmpq> > >::~thread_specific_ptr()':
/usr/include/boost/thread/tss.hpp:79: undefined reference to `boost::detail::set_tss_data(void const*, boost::shared_ptr<boost::detail::tss_cleanup_function>, void*, bool)'
./src/TheeV.o: In function `boost::thread_specific_ptr<CGAL::Lazy<CGAL::Interval_nt<false>, CGAL::Gmpq, CGAL::Lazy_exact_nt<CGAL::Gmpq>, CGAL::To_interval<CGAL::Gmpq> > >::get() const':
/usr/include/boost/thread/tss.hpp:84: undefined reference to `boost::detail::get_tss_data(void const*)'
./src/TheeV.o: In function `boost::thread_specific_ptr<CGAL::Lazy<CGAL::Interval_nt<false>, CGAL::Gmpq, CGAL::Lazy_exact_nt<CGAL::Gmpq>, CGAL::To_interval<CGAL::Gmpq> > >::reset(CGAL::Lazy<CGAL::Interval_nt<false>, CGAL::Gmpq, CGAL::Lazy_exact_nt<CGAL::Gmpq>, CGAL::To_interval<CGAL::Gmpq> >*)':
/usr/include/boost/thread/tss.hpp:105: undefined reference to `boost::detail::set_tss_data(void const*, boost::shared_ptr<boost::detail::tss_cleanup_function>, void*, bool)'
./src/TheeV.o: In function `CGAL::Uncertain<CGAL::Bounded_side>::Uncertain(CGAL::Bounded_side, CGAL::Bounded_side)':
/usr/local/include/CGAL/Uncertain.h:103: undefined reference to `CGAL::precondition_fail(char const*, char const*, int, char const*)'
./src/TheeV.o: In function `CGAL::PointC2<CGAL::Simple_cartesian<CGAL::Gmpq> >::PointC2(CGAL::Origin const&)':
/usr/local/include/CGAL/Cartesian/Point_2.h:53: undefined reference to `CGAL::NULL_VECTOR'
./src/TheeV.o: In function `CGAL::Uncertain<CGAL::Sign>::Uncertain(CGAL::Sign, CGAL::Sign)':
/usr/local/include/CGAL/Uncertain.h:103: undefined reference to `CGAL::precondition_fail(char const*, char const*, int, char const*)'
./src/TheeV.o: In function `CGAL::PointC2<CGAL::Simple_cartesian<CGAL::Interval_nt<false> > >::PointC2(CGAL::Origin const&)':
/usr/local/include/CGAL/Cartesian/Point_2.h:53: undefined reference to `CGAL::NULL_VECTOR'
./src/TheeV.o: In function `void CGAL::circumcenter_translateC2<CGAL::Gmpq>(CGAL::Gmpq const&, CGAL::Gmpq const&, CGAL::Gmpq const&, CGAL::Gmpq const&, CGAL::Gmpq&, CGAL::Gmpq&)':
/usr/local/include/CGAL/constructions/kernel_ftC2.h:62: undefined reference to `CGAL::assertion_fail(char const*, char const*, int, char const*)'
./src/TheeV.o: In function `void CGAL::circumcenter_translateC2<CGAL::Interval_nt<false> >(CGAL::Interval_nt<false> const&, CGAL::Interval_nt<false> const&, CGAL::Interval_nt<false> const&, CGAL::Interval_nt<false> const&, CGAL::Interval_nt<false>&, CGAL::Interval_nt<false>&)':
/usr/local/include/CGAL/constructions/kernel_ftC2.h:62: undefined reference to `CGAL::assertion_fail(char const*, char const*, int, char const*)'
./src/TheeV.o: In function `boost::thread_specific_ptr<CGAL::Lazy<CGAL::Vector_2<CGAL::Simple_cartesian<CGAL::Interval_nt<false> > >, CGAL::Vector_2<CGAL::Simple_cartesian<CGAL::Gmpq> >, CGAL::Gmpq, CGAL::Cartesian_converter<CGAL::Simple_cartesian<CGAL::Gmpq>, CGAL::Simple_cartesian<CGAL::Interval_nt<false> >, CGAL::NT_converter<CGAL::Gmpq, CGAL::Interval_nt<false> > > > >::~thread_specific_ptr()':
/usr/include/boost/thread/tss.hpp:79: undefined reference to `boost::detail::set_tss_data(void const*, boost::shared_ptr<boost::detail::tss_cleanup_function>, void*, bool)'
./src/TheeV.o: In function `boost::thread_specific_ptr<CGAL::Lazy<CGAL::Vector_2<CGAL::Simple_cartesian<CGAL::Interval_nt<false> > >, CGAL::Vector_2<CGAL::Simple_cartesian<CGAL::Gmpq> >, CGAL::Gmpq, CGAL::Cartesian_converter<CGAL::Simple_cartesian<CGAL::Gmpq>, CGAL::Simple_cartesian<CGAL::Interval_nt<false> >, CGAL::NT_converter<CGAL::Gmpq, CGAL::Interval_nt<false> > > > >::get() const':
/usr/include/boost/thread/tss.hpp:84: undefined reference to `boost::detail::get_tss_data(void const*)'
./src/TheeV.o: In function `boost::thread_specific_ptr<CGAL::Lazy<CGAL::Vector_2<CGAL::Simple_cartesian<CGAL::Interval_nt<false> > >, CGAL::Vector_2<CGAL::Simple_cartesian<CGAL::Gmpq> >, CGAL::Gmpq, CGAL::Cartesian_converter<CGAL::Simple_cartesian<CGAL::Gmpq>, CGAL::Simple_cartesian<CGAL::Interval_nt<false> >, CGAL::NT_converter<CGAL::Gmpq, CGAL::Interval_nt<false> > > > >::reset(CGAL::Lazy<CGAL::Vector_2<CGAL::Simple_cartesian<CGAL::Interval_nt<false> > >, CGAL::Vector_2<CGAL::Simple_cartesian<CGAL::Gmpq> >, CGAL::Gmpq, CGAL::Cartesian_converter<CGAL::Simple_cartesian<CGAL::Gmpq>, CGAL::Simple_cartesian<CGAL::Interval_nt<false> >, CGAL::NT_converter<CGAL::Gmpq, CGAL::Interval_nt<false> > > >*)':
/usr/include/boost/thread/tss.hpp:105: undefined reference to `boost::detail::set_tss_data(void const*, boost::shared_ptr<boost::detail::tss_cleanup_function>, void*, bool)'
collect2: error: ld returned 1 exit status
make: *** [TheeV] Error 1
19:34:52 **** Incremental Build of configuration Debug for project bridge ****
make all 
make: Nothing to be done for `all'.
19:34:53 **** Incremental Build of configuration Debug for project buddy ****
make all 
make: Nothing to be done for `all'.
19:35:16 **** Incremental Build of configuration Debug for project Ant ****
make all 
make: Nothing to be done for `all'.
19:35:16 **** Incremental Build of configuration Debug for project FirstStep ****
make all 
make: Nothing to be done for `all'.
19:35:17 **** Incremental Build of configuration Debug for project TheeV ****
make all 
Building file: ../src/TheeV.cpp
Invoking: Cross G++ Compiler
g++ -O0 -g3 -Wall -c -fmessage-length=0 -MMD -MP -MF"src/TheeV.d" -MT"src/TheeV.d" -o "src/TheeV.o" "../src/TheeV.cpp"
../src/TheeV.cpp: In function ‘bool covered(std::vector<CGAL::Point_2<CGAL::Epeck> >&, int)’:
../src/TheeV.cpp:29:29: warning: comparison between signed and unsigned integer expressions [-Wsign-compare]
  for (int i = 1; i < v.size(); i++){
                             ^
Finished building: ../src/TheeV.cpp
 
Building target: TheeV
Invoking: Cross G++ Linker
g++  -o "TheeV"  ./src/TheeV.o   
./src/TheeV.o: In function `covered(std::vector<CGAL::Point_2<CGAL::Epeck>, std::allocator<CGAL::Point_2<CGAL::Epeck> > >&, int)':
/home/jd/workspace/AlgoLab/week4/week4/TheeV/Debug/../src/TheeV.cpp:34: undefined reference to `CGAL::default_random'
./src/TheeV.o: In function `CGAL::Handle::Handle(CGAL::Handle const&)':
/usr/local/include/CGAL/Handle.h:55: undefined reference to `CGAL::precondition_fail(char const*, char const*, int, char const*)'
./src/TheeV.o: In function `CGAL::Handle::operator=(CGAL::Handle const&)':
/usr/local/include/CGAL/Handle.h:69: undefined reference to `CGAL::precondition_fail(char const*, char const*, int, char const*)'
./src/TheeV.o: In function `CGAL::Gmpq_rep::Gmpq_rep()':
/usr/local/include/CGAL/GMP/Gmpq_type.h:57: undefined reference to `__gmpq_init'
./src/TheeV.o: In function `CGAL::Gmpq_rep::~Gmpq_rep()':
/usr/local/include/CGAL/GMP/Gmpq_type.h:58: undefined reference to `__gmpq_clear'
./src/TheeV.o: In function `CGAL::Gmpq::Gmpq(int)':
/usr/local/include/CGAL/GMP/Gmpq_type.h:94: undefined reference to `__gmpq_set_si'
./src/TheeV.o: In function `CGAL::Gmpq::operator==(CGAL::Gmpq const&) const':
/usr/local/include/CGAL/GMP/Gmpq_type.h:229: undefined reference to `__gmpq_equal'
./src/TheeV.o: In function `CGAL::Gmpq::operator<(CGAL::Gmpq const&) const':
/usr/local/include/CGAL/GMP/Gmpq_type.h:230: undefined reference to `__gmpq_cmp'
./src/TheeV.o: In function `CGAL::Gmpq::operator==(int) const':
/usr/local/include/CGAL/GMP/Gmpq_type.h:249: undefined reference to `__gmpq_cmp_si'
./src/TheeV.o: In function `CGAL::Gmpq::operator<(int) const':
/usr/local/include/CGAL/GMP/Gmpq_type.h:250: undefined reference to `__gmpq_cmp_si'
./src/TheeV.o: In function `CGAL::Gmpq::operator-() const':
/usr/local/include/CGAL/GMP/Gmpq_type.h:305: undefined reference to `__gmpq_neg'
./src/TheeV.o: In function `CGAL::operator+(CGAL::Gmpq const&, CGAL::Gmpq const&)':
/usr/local/include/CGAL/GMP/Gmpq_type.h:321: undefined reference to `__gmpq_add'
./src/TheeV.o: In function `CGAL::operator-(CGAL::Gmpq const&, CGAL::Gmpq const&)':
/usr/local/include/CGAL/GMP/Gmpq_type.h:338: undefined reference to `__gmpq_sub'
./src/TheeV.o: In function `CGAL::operator*(CGAL::Gmpq const&, CGAL::Gmpq const&)':
/usr/local/include/CGAL/GMP/Gmpq_type.h:355: undefined reference to `__gmpq_mul'
./src/TheeV.o: In function `CGAL::operator/(CGAL::Gmpq const&, CGAL::Gmpq const&)':
/usr/local/include/CGAL/GMP/Gmpq_type.h:371: undefined reference to `CGAL::precondition_fail(char const*, char const*, int, char const*)'
/usr/local/include/CGAL/GMP/Gmpq_type.h:373: undefined reference to `__gmpq_div'
./src/TheeV.o: In function `CGAL::Real_embeddable_traits<CGAL::Gmpq>::To_interval::operator()(CGAL::Gmpq const&) const':
/usr/local/include/CGAL/Gmpq.h:92: undefined reference to `mpfr_init2'
/usr/local/include/CGAL/Gmpq.h:93: undefined reference to `mpfr_set_q'
/usr/local/include/CGAL/Gmpq.h:94: undefined reference to `mpfr_get_d'
/usr/local/include/CGAL/Gmpq.h:95: undefined reference to `mpfr_set_q'
/usr/local/include/CGAL/Gmpq.h:96: undefined reference to `mpfr_get_d'
/usr/local/include/CGAL/Gmpq.h:97: undefined reference to `mpfr_clear'
./src/TheeV.o: In function `bool CGAL::get_certain<bool>(CGAL::Uncertain<bool>)':
/usr/local/include/CGAL/Uncertain.h:205: undefined reference to `CGAL::assertion_fail(char const*, char const*, int, char const*)'
./src/TheeV.o: In function `CGAL::Uncertain<bool>::Uncertain(bool, bool)':
/usr/local/include/CGAL/Uncertain.h:103: undefined reference to `CGAL::precondition_fail(char const*, char const*, int, char const*)'
./src/TheeV.o: In function `CGAL::Interval_nt<false>::Interval_nt(double)':
/usr/local/include/CGAL/Interval_nt.h:122: undefined reference to `CGAL::assertion_fail(char const*, char const*, int, char const*)'
./src/TheeV.o: In function `CGAL::Interval_nt<false>::Interval_nt(double, double)':
/usr/local/include/CGAL/Interval_nt.h:138: undefined reference to `CGAL::assertion_fail(char const*, char const*, int, char const*)'
./src/TheeV.o: In function `CGAL::Handle_for<CGAL::Gmpq_rep, std::allocator<CGAL::Gmpq_rep> >::Handle_for(CGAL::Handle_for<CGAL::Gmpq_rep, std::allocator<CGAL::Gmpq_rep> > const&)':
/usr/local/include/CGAL/Handle_for.h:141: undefined reference to `CGAL::assertion_fail(char const*, char const*, int, char const*)'
./src/TheeV.o: In function `CGAL::Interval_nt<false>::Test_runtime_rounding_modes::Test_runtime_rounding_modes()':
/usr/local/include/CGAL/Interval_nt.h:208: undefined reference to `CGAL::assertion_fail(char const*, char const*, int, char const*)'
/usr/local/include/CGAL/Interval_nt.h:210: undefined reference to `CGAL::assertion_fail(char const*, char const*, int, char const*)'
./src/TheeV.o:/usr/local/include/CGAL/Interval_nt.h:208: more undefined references to `CGAL::assertion_fail(char const*, char const*, int, char const*)' follow
./src/TheeV.o: In function `CGAL::CircleC2<CGAL::Simple_cartesian<CGAL::Gmpq> >::CircleC2(CGAL::Point_2<CGAL::Simple_cartesian<CGAL::Gmpq> > const&, CGAL::Gmpq const&, CGAL::Sign const&)':
/usr/local/include/CGAL/Cartesian/Circle_2.h:54: undefined reference to `CGAL::precondition_fail(char const*, char const*, int, char const*)'
./src/TheeV.o: In function `CGAL::Bounded_side CGAL::get_certain<CGAL::Bounded_side>(CGAL::Uncertain<CGAL::Bounded_side>)':
/usr/local/include/CGAL/Uncertain.h:205: undefined reference to `CGAL::assertion_fail(char const*, char const*, int, char const*)'
./src/TheeV.o: In function `CGAL::Optimisation_circle_2<CGAL::Epeck>::set()':
/usr/local/include/CGAL/Min_circle_2/Optimisation_circle_2.h:101: undefined reference to `CGAL::ORIGIN'
./src/TheeV.o: In function `boost::thread_specific_ptr<CGAL::Lazy<CGAL::Point_2<CGAL::Simple_cartesian<CGAL::Interval_nt<false> > >, CGAL::Point_2<CGAL::Simple_cartesian<CGAL::Gmpq> >, CGAL::Gmpq, CGAL::Cartesian_converter<CGAL::Simple_cartesian<CGAL::Gmpq>, CGAL::Simple_cartesian<CGAL::Interval_nt<false> >, CGAL::NT_converter<CGAL::Gmpq, CGAL::Interval_nt<false> > > > >::~thread_specific_ptr()':
/usr/include/boost/thread/tss.hpp:79: undefined reference to `boost::detail::set_tss_data(void const*, boost::shared_ptr<boost::detail::tss_cleanup_function>, void*, bool)'
./src/TheeV.o: In function `boost::thread_specific_ptr<CGAL::Lazy<CGAL::Point_2<CGAL::Simple_cartesian<CGAL::Interval_nt<false> > >, CGAL::Point_2<CGAL::Simple_cartesian<CGAL::Gmpq> >, CGAL::Gmpq, CGAL::Cartesian_converter<CGAL::Simple_cartesian<CGAL::Gmpq>, CGAL::Simple_cartesian<CGAL::Interval_nt<false> >, CGAL::NT_converter<CGAL::Gmpq, CGAL::Interval_nt<false> > > > >::get() const':
/usr/include/boost/thread/tss.hpp:84: undefined reference to `boost::detail::get_tss_data(void const*)'
./src/TheeV.o: In function `boost::thread_specific_ptr<CGAL::Lazy<CGAL::Point_2<CGAL::Simple_cartesian<CGAL::Interval_nt<false> > >, CGAL::Point_2<CGAL::Simple_cartesian<CGAL::Gmpq> >, CGAL::Gmpq, CGAL::Cartesian_converter<CGAL::Simple_cartesian<CGAL::Gmpq>, CGAL::Simple_cartesian<CGAL::Interval_nt<false> >, CGAL::NT_converter<CGAL::Gmpq, CGAL::Interval_nt<false> > > > >::reset(CGAL::Lazy<CGAL::Point_2<CGAL::Simple_cartesian<CGAL::Interval_nt<false> > >, CGAL::Point_2<CGAL::Simple_cartesian<CGAL::Gmpq> >, CGAL::Gmpq, CGAL::Cartesian_converter<CGAL::Simple_cartesian<CGAL::Gmpq>, CGAL::Simple_cartesian<CGAL::Interval_nt<false> >, CGAL::NT_converter<CGAL::Gmpq, CGAL::Interval_nt<false> > > >*)':
/usr/include/boost/thread/tss.hpp:105: undefined reference to `boost::detail::set_tss_data(void const*, boost::shared_ptr<boost::detail::tss_cleanup_function>, void*, bool)'
./src/TheeV.o: In function `CGAL::CircleC2<CGAL::Simple_cartesian<CGAL::Interval_nt<false> > >::CircleC2(CGAL::Point_2<CGAL::Simple_cartesian<CGAL::Interval_nt<false> > > const&, CGAL::Interval_nt<false> const&, CGAL::Sign const&)':
/usr/local/include/CGAL/Cartesian/Circle_2.h:54: undefined reference to `CGAL::precondition_fail(char const*, char const*, int, char const*)'
./src/TheeV.o: In function `boost::thread_specific_ptr<CGAL::Lazy<CGAL::Interval_nt<false>, CGAL::Gmpq, CGAL::Lazy_exact_nt<CGAL::Gmpq>, CGAL::To_interval<CGAL::Gmpq> > >::~thread_specific_ptr()':
/usr/include/boost/thread/tss.hpp:79: undefined reference to `boost::detail::set_tss_data(void const*, boost::shared_ptr<boost::detail::tss_cleanup_function>, void*, bool)'
./src/TheeV.o: In function `boost::thread_specific_ptr<CGAL::Lazy<CGAL::Interval_nt<false>, CGAL::Gmpq, CGAL::Lazy_exact_nt<CGAL::Gmpq>, CGAL::To_interval<CGAL::Gmpq> > >::get() const':
/usr/include/boost/thread/tss.hpp:84: undefined reference to `boost::detail::get_tss_data(void const*)'
./src/TheeV.o: In function `boost::thread_specific_ptr<CGAL::Lazy<CGAL::Interval_nt<false>, CGAL::Gmpq, CGAL::Lazy_exact_nt<CGAL::Gmpq>, CGAL::To_interval<CGAL::Gmpq> > >::reset(CGAL::Lazy<CGAL::Interval_nt<false>, CGAL::Gmpq, CGAL::Lazy_exact_nt<CGAL::Gmpq>, CGAL::To_interval<CGAL::Gmpq> >*)':
/usr/include/boost/thread/tss.hpp:105: undefined reference to `boost::detail::set_tss_data(void const*, boost::shared_ptr<boost::detail::tss_cleanup_function>, void*, bool)'
./src/TheeV.o: In function `CGAL::Uncertain<CGAL::Bounded_side>::Uncertain(CGAL::Bounded_side, CGAL::Bounded_side)':
/usr/local/include/CGAL/Uncertain.h:103: undefined reference to `CGAL::precondition_fail(char const*, char const*, int, char const*)'
./src/TheeV.o: In function `CGAL::PointC2<CGAL::Simple_cartesian<CGAL::Gmpq> >::PointC2(CGAL::Origin const&)':
/usr/local/include/CGAL/Cartesian/Point_2.h:53: undefined reference to `CGAL::NULL_VECTOR'
./src/TheeV.o: In function `CGAL::Uncertain<CGAL::Sign>::Uncertain(CGAL::Sign, CGAL::Sign)':
/usr/local/include/CGAL/Uncertain.h:103: undefined reference to `CGAL::precondition_fail(char const*, char const*, int, char const*)'
./src/TheeV.o: In function `CGAL::PointC2<CGAL::Simple_cartesian<CGAL::Interval_nt<false> > >::PointC2(CGAL::Origin const&)':
/usr/local/include/CGAL/Cartesian/Point_2.h:53: undefined reference to `CGAL::NULL_VECTOR'
./src/TheeV.o: In function `void CGAL::circumcenter_translateC2<CGAL::Gmpq>(CGAL::Gmpq const&, CGAL::Gmpq const&, CGAL::Gmpq const&, CGAL::Gmpq const&, CGAL::Gmpq&, CGAL::Gmpq&)':
/usr/local/include/CGAL/constructions/kernel_ftC2.h:62: undefined reference to `CGAL::assertion_fail(char const*, char const*, int, char const*)'
./src/TheeV.o: In function `void CGAL::circumcenter_translateC2<CGAL::Interval_nt<false> >(CGAL::Interval_nt<false> const&, CGAL::Interval_nt<false> const&, CGAL::Interval_nt<false> const&, CGAL::Interval_nt<false> const&, CGAL::Interval_nt<false>&, CGAL::Interval_nt<false>&)':
/usr/local/include/CGAL/constructions/kernel_ftC2.h:62: undefined reference to `CGAL::assertion_fail(char const*, char const*, int, char const*)'
./src/TheeV.o: In function `boost::thread_specific_ptr<CGAL::Lazy<CGAL::Vector_2<CGAL::Simple_cartesian<CGAL::Interval_nt<false> > >, CGAL::Vector_2<CGAL::Simple_cartesian<CGAL::Gmpq> >, CGAL::Gmpq, CGAL::Cartesian_converter<CGAL::Simple_cartesian<CGAL::Gmpq>, CGAL::Simple_cartesian<CGAL::Interval_nt<false> >, CGAL::NT_converter<CGAL::Gmpq, CGAL::Interval_nt<false> > > > >::~thread_specific_ptr()':
/usr/include/boost/thread/tss.hpp:79: undefined reference to `boost::detail::set_tss_data(void const*, boost::shared_ptr<boost::detail::tss_cleanup_function>, void*, bool)'
./src/TheeV.o: In function `boost::thread_specific_ptr<CGAL::Lazy<CGAL::Vector_2<CGAL::Simple_cartesian<CGAL::Interval_nt<false> > >, CGAL::Vector_2<CGAL::Simple_cartesian<CGAL::Gmpq> >, CGAL::Gmpq, CGAL::Cartesian_converter<CGAL::Simple_cartesian<CGAL::Gmpq>, CGAL::Simple_cartesian<CGAL::Interval_nt<false> >, CGAL::NT_converter<CGAL::Gmpq, CGAL::Interval_nt<false> > > > >::get() const':
/usr/include/boost/thread/tss.hpp:84: undefined reference to `boost::detail::get_tss_data(void const*)'
./src/TheeV.o: In function `boost::thread_specific_ptr<CGAL::Lazy<CGAL::Vector_2<CGAL::Simple_cartesian<CGAL::Interval_nt<false> > >, CGAL::Vector_2<CGAL::Simple_cartesian<CGAL::Gmpq> >, CGAL::Gmpq, CGAL::Cartesian_converter<CGAL::Simple_cartesian<CGAL::Gmpq>, CGAL::Simple_cartesian<CGAL::Interval_nt<false> >, CGAL::NT_converter<CGAL::Gmpq, CGAL::Interval_nt<false> > > > >::reset(CGAL::Lazy<CGAL::Vector_2<CGAL::Simple_cartesian<CGAL::Interval_nt<false> > >, CGAL::Vector_2<CGAL::Simple_cartesian<CGAL::Gmpq> >, CGAL::Gmpq, CGAL::Cartesian_converter<CGAL::Simple_cartesian<CGAL::Gmpq>, CGAL::Simple_cartesian<CGAL::Interval_nt<false> >, CGAL::NT_converter<CGAL::Gmpq, CGAL::Interval_nt<false> > > >*)':
/usr/include/boost/thread/tss.hpp:105: undefined reference to `boost::detail::set_tss_data(void const*, boost::shared_ptr<boost::detail::tss_cleanup_function>, void*, bool)'
collect2: error: ld returned 1 exit status
make: *** [TheeV] Error 1
19:35:20 **** Incremental Build of configuration Debug for project bridge ****
make all 
make: Nothing to be done for `all'.
19:35:20 **** Incremental Build of configuration Debug for project buddy ****
make all 
make: Nothing to be done for `all'.
